#! /usr/bin/env bash
exec /home/mac2/miniconda3/envs/digital/bin/vvp -f "$0" "$@" <<'# EOF'
:ivl_version "13.0 (devel)" "(0_8-6859-gf50cc35d2-dirty)";
:ivl_delay_selection "TYPICAL";
:vpi_time_precision - 12;
:vpi_module "/home/mac2/miniconda3/envs/digital/lib/ivl/system.vpi";
:vpi_module "/home/mac2/miniconda3/envs/digital/lib/ivl/vhdl_sys.vpi";
:vpi_module "/home/mac2/miniconda3/envs/digital/lib/ivl/vhdl_textio.vpi";
:vpi_module "/home/mac2/miniconda3/envs/digital/lib/ivl/v2005_math.vpi";
:vpi_module "/home/mac2/miniconda3/envs/digital/lib/ivl/va_math.vpi";
S_0x7c4f8d0 .scope module, "Mouse_to_screen" "Mouse_to_screen" 2 1;
 .timescale -9 -12;
    .port_info 0 /INPUT 1 "clk";
    .port_info 1 /INPUT 1 "reset";
    .port_info 2 /INPUT 9 "PS2_Xdata";
    .port_info 3 /INPUT 9 "PS2_Ydata";
    .port_info 4 /INPUT 12 "b_rdata0";
    .port_info 5 /INPUT 12 "b_rdata1";
    .port_info 6 /OUTPUT 1 "wr0";
    .port_info 7 /OUTPUT 1 "wr1";
    .port_info 8 /OUTPUT 12 "wdata";
    .port_info 9 /OUTPUT 12 "address";
P_0x7c0a330 .param/l "IMG_DIV" 0 2 5, +C4<00000000000000000000000000100000>;
P_0x7c0a370 .param/l "IMG_WIDTH" 0 2 4, C4<0000000001000000>;
P_0x7c0a3b0 .param/l "PAINT" 1 2 25, C4<100>;
P_0x7c0a3f0 .param/l "PIXEL_COLOR" 0 2 6, C4<000000000100>;
P_0x7c0a430 .param/l "RESTORE" 1 2 24, C4<011>;
P_0x7c0a470 .param/l "START" 1 2 21, C4<000>;
P_0x7c0a4b0 .param/l "START_MULT" 1 2 22, C4<001>;
P_0x7c0a4f0 .param/l "WAIT_MULT" 1 2 23, C4<010>;
P_0x7c0a530 .param/l "X_MAX" 0 2 2, +C4<00000000000000000000000000111111>;
P_0x7c0a570 .param/l "Y_MAX" 0 2 3, +C4<00000000000000000000000000111111>;
L_0x7c460d0 .functor AND 1, L_0x7c8d400, L_0x7c8d4f0, C4<1>, C4<1>;
o0x7516bd6d73a8 .functor BUFZ 9, C4<zzzzzzzzz>; HiZ drive
v0x7c80800_0 .net "PS2_Xdata", 8 0, o0x7516bd6d73a8;  0 drivers
o0x7516bd6d73d8 .functor BUFZ 9, C4<zzzzzzzzz>; HiZ drive
v0x7c80900_0 .net "PS2_Ydata", 8 0, o0x7516bd6d73d8;  0 drivers
L_0x7516bd68e060 .functor BUFT 1, C4<000>, C4<0>, C4<0>, C4<0>;
v0x7c809e0_0 .net/2u *"_ivl_10", 2 0, L_0x7516bd68e060;  1 drivers
v0x7c80aa0_0 .net *"_ivl_12", 0 0, L_0x7c8d4f0;  1 drivers
L_0x7516bd68e0a8 .functor BUFT 1, C4<000000000>, C4<0>, C4<0>, C4<0>;
v0x7c80b60_0 .net/2u *"_ivl_16", 8 0, L_0x7516bd68e0a8;  1 drivers
v0x7c80c40_0 .net *"_ivl_2", 11 0, L_0x7c8d1d0;  1 drivers
L_0x7516bd68e018 .functor BUFT 1, C4<00000>, C4<0>, C4<0>, C4<0>;
v0x7c80d20_0 .net *"_ivl_5", 4 0, L_0x7516bd68e018;  1 drivers
v0x7c80e00_0 .net *"_ivl_8", 0 0, L_0x7c8d400;  1 drivers
v0x7c80ec0_0 .var "address", 11 0;
o0x7516bd6d7558 .functor BUFZ 12, C4<zzzzzzzzzzzz>; HiZ drive
v0x7c80fa0_0 .net "b_rdata0", 11 0, o0x7516bd6d7558;  0 drivers
o0x7516bd6d7588 .functor BUFZ 12, C4<zzzzzzzzzzzz>; HiZ drive
v0x7c81080_0 .net "b_rdata1", 11 0, o0x7516bd6d7588;  0 drivers
o0x7516bd6d7078 .functor BUFZ 1, C4<z>; HiZ drive
v0x7c81160_0 .net "clk", 0 0, o0x7516bd6d7078;  0 drivers
v0x7c81200_0 .net "dir_actual", 11 0, L_0x7c8d2c0;  1 drivers
v0x7c812c0_0 .var "dir_anterior", 11 0;
v0x7c813a0_0 .net "done_mult", 0 0, v0x7c68a90_0;  1 drivers
v0x7c81440_0 .var "estado", 2 0;
v0x7c81500_0 .var "init_mult", 0 0;
v0x7c815a0_0 .var "mem_anterior", 0 0;
v0x7c81640_0 .net "movimiento_detectado", 0 0, L_0x7c460d0;  1 drivers
o0x7516bd6d7198 .functor BUFZ 1, C4<z>; HiZ drive
v0x7c81700_0 .net "reset", 0 0, o0x7516bd6d7198;  0 drivers
v0x7c817a0_0 .net "result_mult", 31 0, v0x7c80480_0;  1 drivers
v0x7c81840_0 .var "sel_mem_actual", 0 0;
v0x7c818e0_0 .var "wdata", 11 0;
v0x7c819c0_0 .var "wr0", 0 0;
v0x7c81a80_0 .var "wr1", 0 0;
v0x7c81b40_0 .var "x_fin", 6 0;
v0x7c81c20_0 .var "y_fin", 6 0;
v0x7c81d00_0 .net "y_mult_result", 11 0, L_0x7c8d0e0;  1 drivers
v0x7c81de0_0 .var "y_offset", 6 0;
E_0x7c175b0 .event posedge, v0x7c47ed0_0;
E_0x7c68ba0 .event anyedge, v0x7c80800_0, v0x7c80900_0, v0x7c81c20_0, v0x7c81840_0;
L_0x7c8d0e0 .part v0x7c80480_0, 0, 12;
L_0x7c8d1d0 .concat [ 7 5 0 0], v0x7c81b40_0, L_0x7516bd68e018;
L_0x7c8d2c0 .arith/sum 12, L_0x7c8d0e0, L_0x7c8d1d0;
L_0x7c8d400 .cmp/ne 12, L_0x7c8d2c0, v0x7c812c0_0;
L_0x7c8d4f0 .cmp/eq 3, v0x7c81440_0, L_0x7516bd68e060;
L_0x7c9d690 .concat [ 7 9 0 0], v0x7c81de0_0, L_0x7516bd68e0a8;
S_0x7c43350 .scope module, "u_multiplier" "mult" 2 63, 3 1 0, S_0x7c4f8d0;
 .timescale -9 -12;
    .port_info 0 /INPUT 1 "reset";
    .port_info 1 /INPUT 1 "clk";
    .port_info 2 /INPUT 1 "init";
    .port_info 3 /OUTPUT 1 "done";
    .port_info 4 /OUTPUT 32 "result";
    .port_info 5 /INPUT 16 "op_A";
    .port_info 6 /INPUT 16 "op_B";
P_0x7c42820 .param/l "ADD" 0 3 16, C4<011>;
P_0x7c42860 .param/l "CHECK" 0 3 14, C4<001>;
P_0x7c428a0 .param/l "END" 0 3 17, C4<100>;
P_0x7c428e0 .param/l "SHIFT" 0 3 15, C4<010>;
P_0x7c42920 .param/l "START" 0 3 13, C4<000>;
P_0x7c42960 .param/l "START1" 0 3 18, C4<101>;
v0x7c459c0_0 .var "A", 15 0;
v0x7c4c940_0 .var "B", 15 0;
v0x7c47ed0_0 .net "clk", 0 0, o0x7516bd6d7078;  alias, 0 drivers
v0x7c68510_0 .var "count", 4 0;
v0x7c68a90_0 .var "done", 0 0;
v0x7c68f50_0 .net "init", 0 0, v0x7c81500_0;  1 drivers
v0x7c69340_0 .net "op_A", 15 0, L_0x7c9d690;  1 drivers
L_0x7516bd68e0f0 .functor BUFT 1, C4<0000000001000000>, C4<0>, C4<0>, C4<0>;
v0x7c802e0_0 .net "op_B", 15 0, L_0x7516bd68e0f0;  1 drivers
v0x7c803c0_0 .net "reset", 0 0, o0x7516bd6d7198;  alias, 0 drivers
v0x7c80480_0 .var "result", 31 0;
v0x7c80560_0 .var "state", 2 0;
v0x7c80640_0 .var "state_name", 320 1;
E_0x7c69140 .event anyedge, v0x7c80560_0;
E_0x7c65240 .event posedge, v0x7c803c0_0, v0x7c47ed0_0;
S_0x7c42c50 .scope module, "led_panel_4k_TB" "led_panel_4k_TB" 4 3;
 .timescale -9 -12;
P_0x7c046e0 .param/l "PERIOD" 0 4 27, +C4<00000000000000000000000000010100>;
v0x7c8cb20_0 .net "LATCH", 0 0, L_0x7c68440;  1 drivers
v0x7c8cbe0_0 .net "NOE", 0 0, L_0x7c689c0;  1 drivers
v0x7c8cc80_0 .net "RGB0", 2 0, L_0x7c9f2f0;  1 drivers
v0x7c8cd20_0 .net "RGB1", 2 0, L_0x7c9f3e0;  1 drivers
v0x7c8cdc0_0 .net "ROW", 4 0, v0x7c86530_0;  1 drivers
v0x7c8ceb0_0 .var "clk", 0 0;
v0x7c8cf50_0 .var "init", 0 0;
v0x7c8cff0_0 .var "rst", 0 0;
S_0x7c82060 .scope begin, "TEST_CASE" "TEST_CASE" 4 78, 4 78 0, S_0x7c42c50;
 .timescale -9 -12;
S_0x7c82210 .scope begin, "TEST_WRITE" "TEST_WRITE" 4 48, 4 48 0, S_0x7c42c50;
 .timescale -9 -12;
E_0x7c68160 .event posedge, v0x7c8b120_0;
S_0x7c82430 .scope module, "uut" "led_panel_4k" 4 16, 5 1 0, S_0x7c42c50;
 .timescale -9 -12;
    .port_info 0 /INPUT 1 "clk";
    .port_info 1 /INPUT 1 "rst";
    .port_info 2 /INPUT 1 "init";
    .port_info 3 /OUTPUT 1 "LP_CLK";
    .port_info 4 /OUTPUT 1 "LATCH";
    .port_info 5 /OUTPUT 1 "NOE";
    .port_info 6 /OUTPUT 5 "ROW";
    .port_info 7 /OUTPUT 3 "RGB0";
    .port_info 8 /OUTPUT 3 "RGB1";
P_0x7c82610 .param/l "BIT_DEPTH" 0 5 42, +C4<00000000000000000000000000000100>;
P_0x7c82650 .param/l "DELAY" 0 5 44, +C4<00000000000000000000000000010100>;
P_0x7c82690 .param/l "HALF_SCREEN" 0 5 41, +C4<0000000000000000000000000000000000000000000000000000100000000000>;
P_0x7c826d0 .param/l "NUM_COLS" 0 5 38, +C4<00000000000000000000000001000000>;
P_0x7c82710 .param/l "NUM_PIXELS" 0 5 40, +C4<0000000000000000000000000000000000000000000000000001000000000000>;
P_0x7c82750 .param/l "NUM_ROWS" 0 5 39, +C4<00000000000000000000000001000000>;
P_0x7c82790 .param/l "TOTAL_BIT_DEPTH" 0 5 43, +C4<0000000000000000000000000000000000000000000000000000000000001100>;
L_0x7c68440 .functor NOT 1, v0x7c87700_0, C4<0>, C4<0>, C4<0>;
L_0x7c689c0 .functor BUFZ 1, v0x7c87890_0, C4<0>, C4<0>, C4<0>;
L_0x7c68e80 .functor AND 1, v0x7c8b1c0_0, v0x7c87930_0, C4<1>, C4<1>;
v0x7c8a970_0 .net "COL", 5 0, v0x7c84a40_0;  1 drivers
v0x7c8aa60_0 .net "LATCH", 0 0, L_0x7c68440;  alias, 1 drivers
v0x7c8ab00_0 .net "LP_CLK", 0 0, L_0x7c68e80;  1 drivers
v0x7c8abd0_0 .net "NOE", 0 0, L_0x7c689c0;  alias, 1 drivers
v0x7c8ac90_0 .net "PIX_ADDR", 10 0, L_0x7c9d900;  1 drivers
v0x7c8ad50_0 .net "PX_CLK_EN", 0 0, v0x7c87930_0;  1 drivers
v0x7c8ae20_0 .net "RGB0", 2 0, L_0x7c9f2f0;  alias, 1 drivers
v0x7c8aec0_0 .net "RGB1", 2 0, L_0x7c9f3e0;  alias, 1 drivers
v0x7c8afa0_0 .net "ROW", 4 0, v0x7c86530_0;  alias, 1 drivers
v0x7c8b120_0 .net "clk", 0 0, v0x7c8ceb0_0;  1 drivers
v0x7c8b1c0_0 .var "clk1", 0 0;
v0x7c8b260_0 .var "clk_counter", 4 0;
v0x7c8b340_0 .net "count_delay", 10 0, v0x7c83700_0;  1 drivers
v0x7c8b400_0 .net "delay", 10 0, v0x7c88c60_0;  1 drivers
v0x7c8b510_0 .net "index", 1 0, v0x7c85800_0;  1 drivers
v0x7c8b620_0 .net "init", 0 0, v0x7c8cf50_0;  1 drivers
v0x7c8b6e0_0 .net "mem_data", 23 0, v0x7c8a020_0;  1 drivers
v0x7c8b900_0 .net "rst", 0 0, v0x7c8cff0_0;  1 drivers
v0x7c8b9a0_0 .net "tmp_latch", 0 0, v0x7c87700_0;  1 drivers
v0x7c8ba40_0 .net "tmp_noe", 0 0, v0x7c87890_0;  1 drivers
v0x7c8bae0_0 .net "w_INC_C", 0 0, v0x7c873a0_0;  1 drivers
v0x7c8bbd0_0 .net "w_INC_D", 0 0, v0x7c87460_0;  1 drivers
v0x7c8bcc0_0 .net "w_INC_I", 0 0, v0x7c87530_0;  1 drivers
v0x7c8bdb0_0 .net "w_INC_R", 0 0, v0x7c87630_0;  1 drivers
v0x7c8bea0_0 .net "w_LD", 0 0, v0x7c877f0_0;  1 drivers
v0x7c8bf90_0 .net "w_RST_C", 0 0, v0x7c879d0_0;  1 drivers
v0x7c8c080_0 .net "w_RST_D", 0 0, v0x7c87a70_0;  1 drivers
v0x7c8c170_0 .net "w_RST_I", 0 0, v0x7c87b40_0;  1 drivers
v0x7c8c260_0 .net "w_RST_R", 0 0, v0x7c87c10_0;  1 drivers
v0x7c8c350_0 .net "w_SHD", 0 0, v0x7c87ce0_0;  1 drivers
v0x7c8c440_0 .net "w_ZC", 0 0, L_0x7c9e2b0;  1 drivers
v0x7c8c530_0 .net "w_ZD", 0 0, v0x7c83e80_0;  1 drivers
v0x7c8c620_0 .net "w_ZI", 0 0, L_0x7c9ed20;  1 drivers
v0x7c8c920_0 .net "w_ZR", 0 0, L_0x7c9de50;  1 drivers
L_0x7c9d900 .concat [ 6 5 0 0], v0x7c84a40_0, v0x7c86530_0;
L_0x7c9f2f0 .part v0x7c8a750_0, 3, 3;
L_0x7c9f3e0 .part v0x7c8a750_0, 0, 3;
S_0x7c82be0 .scope module, "cnt_delay" "count" 5 81, 6 1 0, S_0x7c82430;
 .timescale -9 -12;
    .port_info 0 /INPUT 1 "clk";
    .port_info 1 /INPUT 1 "reset";
    .port_info 2 /INPUT 1 "inc";
    .port_info 3 /OUTPUT 11 "outc";
    .port_info 4 /OUTPUT 1 "zero";
P_0x7c82dc0 .param/l "width" 0 6 2, +C4<00000000000000000000000000001010>;
v0x7c82f00_0 .net *"_ivl_0", 31 0, L_0x7c9e3a0;  1 drivers
L_0x7516bd68e450 .functor BUFT 1, C4<00>, C4<0>, C4<0>, C4<0>;
v0x7c83000_0 .net/2s *"_ivl_10", 1 0, L_0x7516bd68e450;  1 drivers
v0x7c830e0_0 .net *"_ivl_12", 1 0, L_0x7c9e5d0;  1 drivers
L_0x7516bd68e378 .functor BUFT 1, C4<000000000000000000000>, C4<0>, C4<0>, C4<0>;
v0x7c831d0_0 .net *"_ivl_3", 20 0, L_0x7516bd68e378;  1 drivers
L_0x7516bd68e3c0 .functor BUFT 1, C4<00000000000000000000000000000000>, C4<0>, C4<0>, C4<0>;
v0x7c832b0_0 .net/2u *"_ivl_4", 31 0, L_0x7516bd68e3c0;  1 drivers
v0x7c833e0_0 .net *"_ivl_6", 0 0, L_0x7c9e490;  1 drivers
L_0x7516bd68e408 .functor BUFT 1, C4<01>, C4<0>, C4<0>, C4<0>;
v0x7c834a0_0 .net/2s *"_ivl_8", 1 0, L_0x7516bd68e408;  1 drivers
v0x7c83580_0 .net "clk", 0 0, v0x7c8b1c0_0;  1 drivers
v0x7c83640_0 .net "inc", 0 0, v0x7c87460_0;  alias, 1 drivers
v0x7c83700_0 .var "outc", 10 0;
v0x7c837e0_0 .net "reset", 0 0, v0x7c87a70_0;  alias, 1 drivers
v0x7c838a0_0 .net "zero", 0 0, L_0x7c9e760;  1 drivers
E_0x7bc8480 .event negedge, v0x7c83580_0;
L_0x7c9e3a0 .concat [ 11 21 0 0], v0x7c83700_0, L_0x7516bd68e378;
L_0x7c9e490 .cmp/eq 32, L_0x7c9e3a0, L_0x7516bd68e3c0;
L_0x7c9e5d0 .functor MUXZ 2, L_0x7516bd68e450, L_0x7516bd68e408, L_0x7c9e490, C4<>;
L_0x7c9e760 .part L_0x7c9e5d0, 0, 1;
S_0x7c83a00 .scope module, "compa" "comp_4k" 5 84, 7 1 0, S_0x7c82430;
 .timescale -9 -12;
    .port_info 0 /INPUT 11 "in1";
    .port_info 1 /INPUT 11 "in2";
    .port_info 2 /OUTPUT 1 "out";
P_0x7c83bb0 .param/l "width" 0 7 2, +C4<00000000000000000000000000001010>;
v0x7c83c90_0 .net "in1", 10 0, v0x7c88c60_0;  alias, 1 drivers
v0x7c83d90_0 .net "in2", 10 0, v0x7c83700_0;  alias, 1 drivers
v0x7c83e80_0 .var "out", 0 0;
E_0x7bc86a0 .event anyedge, v0x7c83c90_0, v0x7c83700_0;
S_0x7c83fb0 .scope module, "count_col" "count" 5 80, 6 1 0, S_0x7c82430;
 .timescale -9 -12;
    .port_info 0 /INPUT 1 "clk";
    .port_info 1 /INPUT 1 "reset";
    .port_info 2 /INPUT 1 "inc";
    .port_info 3 /OUTPUT 6 "outc";
    .port_info 4 /OUTPUT 1 "zero";
P_0x7c841c0 .param/l "width" 0 6 2, +C4<000000000000000000000000000000101>;
v0x7c842c0_0 .net *"_ivl_0", 31 0, L_0x7c9df40;  1 drivers
L_0x7516bd68e330 .functor BUFT 1, C4<00>, C4<0>, C4<0>, C4<0>;
v0x7c84380_0 .net/2s *"_ivl_10", 1 0, L_0x7516bd68e330;  1 drivers
v0x7c84460_0 .net *"_ivl_12", 1 0, L_0x7c9e120;  1 drivers
L_0x7516bd68e258 .functor BUFT 1, C4<00000000000000000000000000>, C4<0>, C4<0>, C4<0>;
v0x7c84550_0 .net *"_ivl_3", 25 0, L_0x7516bd68e258;  1 drivers
L_0x7516bd68e2a0 .functor BUFT 1, C4<00000000000000000000000000000000>, C4<0>, C4<0>, C4<0>;
v0x7c84630_0 .net/2u *"_ivl_4", 31 0, L_0x7516bd68e2a0;  1 drivers
v0x7c84760_0 .net *"_ivl_6", 0 0, L_0x7c9e030;  1 drivers
L_0x7516bd68e2e8 .functor BUFT 1, C4<01>, C4<0>, C4<0>, C4<0>;
v0x7c84820_0 .net/2s *"_ivl_8", 1 0, L_0x7516bd68e2e8;  1 drivers
v0x7c84900_0 .net "clk", 0 0, v0x7c8b1c0_0;  alias, 1 drivers
v0x7c849a0_0 .net "inc", 0 0, v0x7c873a0_0;  alias, 1 drivers
v0x7c84a40_0 .var "outc", 5 0;
v0x7c84b20_0 .net "reset", 0 0, v0x7c879d0_0;  alias, 1 drivers
v0x7c84be0_0 .net "zero", 0 0, L_0x7c9e2b0;  alias, 1 drivers
L_0x7c9df40 .concat [ 6 26 0 0], v0x7c84a40_0, L_0x7516bd68e258;
L_0x7c9e030 .cmp/eq 32, L_0x7c9df40, L_0x7516bd68e2a0;
L_0x7c9e120 .functor MUXZ 2, L_0x7516bd68e330, L_0x7516bd68e2e8, L_0x7c9e030, C4<>;
L_0x7c9e2b0 .part L_0x7c9e120, 0, 1;
S_0x7c84d70 .scope module, "count_index" "count" 5 82, 6 1 0, S_0x7c82430;
 .timescale -9 -12;
    .port_info 0 /INPUT 1 "clk";
    .port_info 1 /INPUT 1 "reset";
    .port_info 2 /INPUT 1 "inc";
    .port_info 3 /OUTPUT 2 "outc";
    .port_info 4 /OUTPUT 1 "zero";
P_0x7c84f00 .param/l "width" 0 6 2, +C4<00000000000000000000000000000001>;
v0x7c84fd0_0 .net *"_ivl_0", 31 0, L_0x7c9e850;  1 drivers
L_0x7516bd68e570 .functor BUFT 1, C4<00>, C4<0>, C4<0>, C4<0>;
v0x7c850d0_0 .net/2s *"_ivl_10", 1 0, L_0x7516bd68e570;  1 drivers
v0x7c851b0_0 .net *"_ivl_12", 1 0, L_0x7c9eb90;  1 drivers
L_0x7516bd68e498 .functor BUFT 1, C4<000000000000000000000000000000>, C4<0>, C4<0>, C4<0>;
v0x7c852a0_0 .net *"_ivl_3", 29 0, L_0x7516bd68e498;  1 drivers
L_0x7516bd68e4e0 .functor BUFT 1, C4<00000000000000000000000000000000>, C4<0>, C4<0>, C4<0>;
v0x7c85380_0 .net/2u *"_ivl_4", 31 0, L_0x7516bd68e4e0;  1 drivers
v0x7c854b0_0 .net *"_ivl_6", 0 0, L_0x7c9ea50;  1 drivers
L_0x7516bd68e528 .functor BUFT 1, C4<01>, C4<0>, C4<0>, C4<0>;
v0x7c85570_0 .net/2s *"_ivl_8", 1 0, L_0x7516bd68e528;  1 drivers
v0x7c85650_0 .net "clk", 0 0, v0x7c8b1c0_0;  alias, 1 drivers
v0x7c85740_0 .net "inc", 0 0, v0x7c87530_0;  alias, 1 drivers
v0x7c85800_0 .var "outc", 1 0;
v0x7c858e0_0 .net "reset", 0 0, v0x7c87b40_0;  alias, 1 drivers
v0x7c859a0_0 .net "zero", 0 0, L_0x7c9ed20;  alias, 1 drivers
L_0x7c9e850 .concat [ 2 30 0 0], v0x7c85800_0, L_0x7516bd68e498;
L_0x7c9ea50 .cmp/eq 32, L_0x7c9e850, L_0x7516bd68e4e0;
L_0x7c9eb90 .functor MUXZ 2, L_0x7516bd68e570, L_0x7516bd68e528, L_0x7c9ea50, C4<>;
L_0x7c9ed20 .part L_0x7c9eb90, 0, 1;
S_0x7c85b00 .scope module, "count_row" "count" 5 79, 6 1 0, S_0x7c82430;
 .timescale -9 -12;
    .port_info 0 /INPUT 1 "clk";
    .port_info 1 /INPUT 1 "reset";
    .port_info 2 /INPUT 1 "inc";
    .port_info 3 /OUTPUT 5 "outc";
    .port_info 4 /OUTPUT 1 "zero";
P_0x7c85ce0 .param/l "width" 0 6 2, +C4<00000000000000000000000000000100>;
v0x7c85d80_0 .net *"_ivl_0", 31 0, L_0x7c9da90;  1 drivers
L_0x7516bd68e210 .functor BUFT 1, C4<00>, C4<0>, C4<0>, C4<0>;
v0x7c85e80_0 .net/2s *"_ivl_10", 1 0, L_0x7516bd68e210;  1 drivers
v0x7c85f60_0 .net *"_ivl_12", 1 0, L_0x7c9dcc0;  1 drivers
L_0x7516bd68e138 .functor BUFT 1, C4<000000000000000000000000000>, C4<0>, C4<0>, C4<0>;
v0x7c86020_0 .net *"_ivl_3", 26 0, L_0x7516bd68e138;  1 drivers
L_0x7516bd68e180 .functor BUFT 1, C4<00000000000000000000000000000000>, C4<0>, C4<0>, C4<0>;
v0x7c86100_0 .net/2u *"_ivl_4", 31 0, L_0x7516bd68e180;  1 drivers
v0x7c86230_0 .net *"_ivl_6", 0 0, L_0x7c9db80;  1 drivers
L_0x7516bd68e1c8 .functor BUFT 1, C4<01>, C4<0>, C4<0>, C4<0>;
v0x7c862f0_0 .net/2s *"_ivl_8", 1 0, L_0x7516bd68e1c8;  1 drivers
v0x7c863d0_0 .net "clk", 0 0, v0x7c8b1c0_0;  alias, 1 drivers
v0x7c86470_0 .net "inc", 0 0, v0x7c87630_0;  alias, 1 drivers
v0x7c86530_0 .var "outc", 4 0;
v0x7c86610_0 .net "reset", 0 0, v0x7c87c10_0;  alias, 1 drivers
v0x7c866d0_0 .net "zero", 0 0, L_0x7c9de50;  alias, 1 drivers
L_0x7c9da90 .concat [ 5 27 0 0], v0x7c86530_0, L_0x7516bd68e138;
L_0x7c9db80 .cmp/eq 32, L_0x7c9da90, L_0x7516bd68e180;
L_0x7c9dcc0 .functor MUXZ 2, L_0x7516bd68e210, L_0x7516bd68e1c8, L_0x7c9db80, C4<>;
L_0x7c9de50 .part L_0x7c9dcc0, 0, 1;
S_0x7c86830 .scope module, "ctrl0" "ctrl_lp4k" 5 87, 8 1 0, S_0x7c82430;
 .timescale -9 -12;
    .port_info 0 /INPUT 1 "clk";
    .port_info 1 /INPUT 1 "init";
    .port_info 2 /INPUT 1 "rst";
    .port_info 3 /INPUT 1 "ZR";
    .port_info 4 /INPUT 1 "ZC";
    .port_info 5 /INPUT 1 "ZD";
    .port_info 6 /INPUT 1 "ZI";
    .port_info 7 /OUTPUT 1 "RST_R";
    .port_info 8 /OUTPUT 1 "RST_C";
    .port_info 9 /OUTPUT 1 "RST_D";
    .port_info 10 /OUTPUT 1 "RST_I";
    .port_info 11 /OUTPUT 1 "INC_R";
    .port_info 12 /OUTPUT 1 "INC_C";
    .port_info 13 /OUTPUT 1 "INC_D";
    .port_info 14 /OUTPUT 1 "INC_I";
    .port_info 15 /OUTPUT 1 "LD";
    .port_info 16 /OUTPUT 1 "SHD";
    .port_info 17 /OUTPUT 1 "LATCH";
    .port_info 18 /OUTPUT 1 "NOE";
    .port_info 19 /OUTPUT 1 "PX_CLK_EN";
P_0x7c869c0 .param/l "DELAY_ROW" 0 8 29, C4<0101>;
P_0x7c86a00 .param/l "GET_PIXEL" 0 8 25, C4<0001>;
P_0x7c86a40 .param/l "INC_COL" 0 8 26, C4<0010>;
P_0x7c86a80 .param/l "INC_ROW" 0 8 30, C4<0110>;
P_0x7c86ac0 .param/l "NEXT_BIT" 0 8 32, C4<1000>;
P_0x7c86b00 .param/l "NEXT_DELAY" 0 8 33, C4<1001>;
P_0x7c86b40 .param/l "READY_FRAME" 0 8 31, C4<0111>;
P_0x7c86b80 .param/l "ROW_READY" 0 8 27, C4<0100>;
P_0x7c86bc0 .param/l "SEND_ROW" 0 8 28, C4<0011>;
P_0x7c86c00 .param/l "START" 0 8 24, C4<0000>;
v0x7c873a0_0 .var "INC_C", 0 0;
v0x7c87460_0 .var "INC_D", 0 0;
v0x7c87530_0 .var "INC_I", 0 0;
v0x7c87630_0 .var "INC_R", 0 0;
v0x7c87700_0 .var "LATCH", 0 0;
v0x7c877f0_0 .var "LD", 0 0;
v0x7c87890_0 .var "NOE", 0 0;
v0x7c87930_0 .var "PX_CLK_EN", 0 0;
v0x7c879d0_0 .var "RST_C", 0 0;
v0x7c87a70_0 .var "RST_D", 0 0;
v0x7c87b40_0 .var "RST_I", 0 0;
v0x7c87c10_0 .var "RST_R", 0 0;
v0x7c87ce0_0 .var "SHD", 0 0;
v0x7c87d80_0 .net "ZC", 0 0, L_0x7c9e2b0;  alias, 1 drivers
v0x7c87e50_0 .net "ZD", 0 0, v0x7c83e80_0;  alias, 1 drivers
v0x7c87f20_0 .net "ZI", 0 0, L_0x7c9ed20;  alias, 1 drivers
v0x7c87ff0_0 .net "ZR", 0 0, L_0x7c9de50;  alias, 1 drivers
v0x7c880c0_0 .net "clk", 0 0, v0x7c8b1c0_0;  alias, 1 drivers
L_0x7516bd68e690 .functor BUFT 1, C4<1>, C4<0>, C4<0>, C4<0>;
v0x7c88160_0 .net "init", 0 0, L_0x7516bd68e690;  1 drivers
v0x7c88200_0 .net "rst", 0 0, v0x7c8cff0_0;  alias, 1 drivers
v0x7c882a0_0 .var "state", 3 0;
v0x7c88340_0 .var "state_name", 320 1;
E_0x7bc88a0 .event anyedge, v0x7c882a0_0;
E_0x7c00d70 .event posedge, v0x7c83580_0;
S_0x7c886d0 .scope module, "lsr_led0" "lsr_led" 5 83, 9 1 0, S_0x7c82430;
 .timescale -9 -12;
    .port_info 0 /INPUT 1 "clk";
    .port_info 1 /INPUT 1 "shift";
    .port_info 2 /INPUT 1 "load";
    .port_info 3 /OUTPUT 11 "s_A";
P_0x7c88860 .param/l "init_value" 0 9 2, +C4<00000000000000000000000000010100>;
P_0x7c888a0 .param/l "width" 0 9 3, +C4<00000000000000000000000000001010>;
v0x7c88ab0_0 .net "clk", 0 0, v0x7c8b1c0_0;  alias, 1 drivers
v0x7c88b70_0 .net "load", 0 0, v0x7c877f0_0;  alias, 1 drivers
v0x7c88c60_0 .var "s_A", 10 0;
v0x7c88d60_0 .net "shift", 0 0, v0x7c87ce0_0;  alias, 1 drivers
S_0x7c88e60 .scope module, "mem0" "memory" 5 85, 10 1 0, S_0x7c82430;
 .timescale -9 -12;
    .port_info 0 /INPUT 1 "clk";
    .port_info 1 /INPUT 11 "address";
    .port_info 2 /INPUT 1 "rd";
    .port_info 3 /INPUT 1 "wr0";
    .port_info 4 /INPUT 1 "wr1";
    .port_info 5 /INPUT 12 "wdata";
    .port_info 6 /OUTPUT 24 "rdata";
    .port_info 7 /OUTPUT 12 "b_rdata0";
    .port_info 8 /OUTPUT 12 "b_rdata1";
P_0x7c88ff0 .param/l "size" 0 10 2, +C4<00000000000000000000000000000000000000000000000000000011111111111>;
P_0x7c89030 .param/l "width" 0 10 3, +C4<000000000000000000000000000001010>;
L_0x7c69270 .functor BUFZ 12, L_0x7c9ee40, C4<000000000000>, C4<000000000000>, C4<000000000000>;
L_0x7c9f230 .functor BUFZ 12, L_0x7c9f070, C4<000000000000>, C4<000000000000>, C4<000000000000>;
v0x7c89360 .array "B_MEM0", 2047 0, 11 0;
v0x7c89440 .array "B_MEM1", 2047 0, 11 0;
v0x7c89500 .array "MEM0", 2047 0, 11 0;
v0x7c895d0 .array "MEM1", 2047 0, 11 0;
v0x7c89690_0 .net *"_ivl_0", 11 0, L_0x7c9ee40;  1 drivers
v0x7c897c0_0 .net *"_ivl_10", 12 0, L_0x7c9f110;  1 drivers
L_0x7516bd68e600 .functor BUFT 1, C4<00>, C4<0>, C4<0>, C4<0>;
v0x7c898a0_0 .net *"_ivl_13", 1 0, L_0x7516bd68e600;  1 drivers
v0x7c89980_0 .net *"_ivl_2", 12 0, L_0x7c9eee0;  1 drivers
L_0x7516bd68e5b8 .functor BUFT 1, C4<00>, C4<0>, C4<0>, C4<0>;
v0x7c89a60_0 .net *"_ivl_5", 1 0, L_0x7516bd68e5b8;  1 drivers
v0x7c89b40_0 .net *"_ivl_8", 11 0, L_0x7c9f070;  1 drivers
v0x7c89c20_0 .net "address", 10 0, L_0x7c9d900;  alias, 1 drivers
v0x7c89d00_0 .net "b_rdata0", 11 0, L_0x7c69270;  1 drivers
v0x7c89de0_0 .net "b_rdata1", 11 0, L_0x7c9f230;  1 drivers
v0x7c89ec0_0 .net "clk", 0 0, v0x7c8b1c0_0;  alias, 1 drivers
L_0x7516bd68e648 .functor BUFT 1, C4<1>, C4<0>, C4<0>, C4<0>;
v0x7c89f60_0 .net "rd", 0 0, L_0x7516bd68e648;  1 drivers
v0x7c8a020_0 .var "rdata", 23 0;
o0x7516bd6d8f68 .functor BUFZ 12, C4<zzzzzzzzzzzz>; HiZ drive
v0x7c8a100_0 .net "wdata", 11 0, o0x7516bd6d8f68;  0 drivers
o0x7516bd6d8f98 .functor BUFZ 1, C4<z>; HiZ drive
v0x7c8a1e0_0 .net "wr0", 0 0, o0x7516bd6d8f98;  0 drivers
o0x7516bd6d8fc8 .functor BUFZ 1, C4<z>; HiZ drive
v0x7c8a2a0_0 .net "wr1", 0 0, o0x7516bd6d8fc8;  0 drivers
L_0x7c9ee40 .array/port v0x7c89360, L_0x7c9eee0;
L_0x7c9eee0 .concat [ 11 2 0 0], L_0x7c9d900, L_0x7516bd68e5b8;
L_0x7c9f070 .array/port v0x7c89440, L_0x7c9f110;
L_0x7c9f110 .concat [ 11 2 0 0], L_0x7c9d900, L_0x7516bd68e600;
S_0x7c8a480 .scope module, "mux0" "mux_led" 5 86, 11 1 0, S_0x7c82430;
 .timescale -9 -12;
    .port_info 0 /INPUT 24 "in0";
    .port_info 1 /INPUT 2 "sel";
    .port_info 2 /OUTPUT 6 "out0";
v0x7c8a670_0 .net "in0", 23 0, v0x7c8a020_0;  alias, 1 drivers
v0x7c8a750_0 .var "out0", 5 0;
v0x7c8a810_0 .net "sel", 1 0, v0x7c85800_0;  alias, 1 drivers
E_0x7bd0420 .event anyedge, v0x7c85800_0, v0x7c8a020_0;
    .scope S_0x7c43350;
T_0 ;
    %pushi/vec4 0, 0, 32;
    %store/vec4 v0x7c80480_0, 0, 32;
    %pushi/vec4 0, 0, 1;
    %store/vec4 v0x7c68a90_0, 0, 1;
    %end;
    .thread T_0;
    .scope S_0x7c43350;
T_1 ;
    %wait E_0x7c65240;
    %load/vec4 v0x7c803c0_0;
    %flag_set/vec4 8;
    %jmp/0xz  T_1.0, 8;
    %pushi/vec4 0, 0, 1;
    %assign/vec4 v0x7c68a90_0, 0;
    %pushi/vec4 0, 0, 32;
    %assign/vec4 v0x7c80480_0, 0;
    %pushi/vec4 0, 0, 3;
    %store/vec4 v0x7c80560_0, 0, 3;
    %jmp T_1.1;
T_1.0 ;
    %load/vec4 v0x7c80560_0;
    %dup/vec4;
    %pushi/vec4 0, 0, 3;
    %cmp/u;
    %jmp/1 T_1.2, 6;
    %dup/vec4;
    %pushi/vec4 5, 0, 3;
    %cmp/u;
    %jmp/1 T_1.3, 6;
    %dup/vec4;
    %pushi/vec4 1, 0, 3;
    %cmp/u;
    %jmp/1 T_1.4, 6;
    %dup/vec4;
    %pushi/vec4 2, 0, 3;
    %cmp/u;
    %jmp/1 T_1.5, 6;
    %dup/vec4;
    %pushi/vec4 3, 0, 3;
    %cmp/u;
    %jmp/1 T_1.6, 6;
    %dup/vec4;
    %pushi/vec4 4, 0, 3;
    %cmp/u;
    %jmp/1 T_1.7, 6;
    %pushi/vec4 0, 0, 3;
    %store/vec4 v0x7c80560_0, 0, 3;
    %jmp T_1.9;
T_1.2 ;
    %pushi/vec4 0, 0, 5;
    %store/vec4 v0x7c68510_0, 0, 5;
    %pushi/vec4 0, 0, 1;
    %assign/vec4 v0x7c68a90_0, 0;
    %pushi/vec4 0, 0, 32;
    %store/vec4 v0x7c80480_0, 0, 32;
    %load/vec4 v0x7c68f50_0;
    %flag_set/vec4 8;
    %jmp/0xz  T_1.10, 8;
    %pushi/vec4 5, 0, 3;
    %store/vec4 v0x7c80560_0, 0, 3;
    %jmp T_1.11;
T_1.10 ;
    %pushi/vec4 0, 0, 3;
    %store/vec4 v0x7c80560_0, 0, 3;
T_1.11 ;
    %jmp T_1.9;
T_1.3 ;
    %load/vec4 v0x7c69340_0;
    %assign/vec4 v0x7c459c0_0, 0;
    %load/vec4 v0x7c802e0_0;
    %assign/vec4 v0x7c4c940_0, 0;
    %pushi/vec4 0, 0, 1;
    %assign/vec4 v0x7c68a90_0, 0;
    %pushi/vec4 0, 0, 32;
    %store/vec4 v0x7c80480_0, 0, 32;
    %pushi/vec4 1, 0, 3;
    %store/vec4 v0x7c80560_0, 0, 3;
    %jmp T_1.9;
T_1.4 ;
    %load/vec4 v0x7c4c940_0;
    %parti/s 1, 0, 2;
    %flag_set/vec4 8;
    %jmp/0xz  T_1.12, 8;
    %pushi/vec4 3, 0, 3;
    %store/vec4 v0x7c80560_0, 0, 3;
    %jmp T_1.13;
T_1.12 ;
    %pushi/vec4 2, 0, 3;
    %store/vec4 v0x7c80560_0, 0, 3;
T_1.13 ;
    %jmp T_1.9;
T_1.5 ;
    %load/vec4 v0x7c4c940_0;
    %ix/load 4, 1, 0;
    %flag_set/imm 4, 0;
    %shiftr 4;
    %store/vec4 v0x7c4c940_0, 0, 16;
    %load/vec4 v0x7c459c0_0;
    %ix/load 4, 1, 0;
    %flag_set/imm 4, 0;
    %shiftl 4;
    %store/vec4 v0x7c459c0_0, 0, 16;
    %pushi/vec4 0, 0, 1;
    %store/vec4 v0x7c68a90_0, 0, 1;
    %load/vec4 v0x7c4c940_0;
    %pad/u 32;
    %cmpi/e 0, 0, 32;
    %jmp/0xz  T_1.14, 4;
    %pushi/vec4 4, 0, 3;
    %store/vec4 v0x7c80560_0, 0, 3;
    %jmp T_1.15;
T_1.14 ;
    %pushi/vec4 1, 0, 3;
    %store/vec4 v0x7c80560_0, 0, 3;
T_1.15 ;
    %jmp T_1.9;
T_1.6 ;
    %load/vec4 v0x7c80480_0;
    %load/vec4 v0x7c459c0_0;
    %pad/u 32;
    %add;
    %assign/vec4 v0x7c80480_0, 0;
    %pushi/vec4 0, 0, 1;
    %store/vec4 v0x7c68a90_0, 0, 1;
    %pushi/vec4 2, 0, 3;
    %store/vec4 v0x7c80560_0, 0, 3;
    %jmp T_1.9;
T_1.7 ;
    %pushi/vec4 1, 0, 1;
    %store/vec4 v0x7c68a90_0, 0, 1;
    %load/vec4 v0x7c68510_0;
    %addi 1, 0, 5;
    %store/vec4 v0x7c68510_0, 0, 5;
    %load/vec4 v0x7c68510_0;
    %pad/u 32;
    %cmpi/u 29, 0, 32;
    %flag_or 5, 4; GT is !LE
    %flag_inv 5;
    %flag_mov 8, 5;
    %jmp/0 T_1.16, 8;
    %pushi/vec4 0, 0, 3;
    %jmp/1 T_1.17, 8;
T_1.16 ; End of true expr.
    %pushi/vec4 4, 0, 3;
    %jmp/0 T_1.17, 8;
 ; End of false expr.
    %blend;
T_1.17;
    %store/vec4 v0x7c80560_0, 0, 3;
    %jmp T_1.9;
T_1.9 ;
    %pop/vec4 1;
T_1.1 ;
    %jmp T_1;
    .thread T_1;
    .scope S_0x7c43350;
T_2 ;
    %wait E_0x7c69140;
    %load/vec4 v0x7c80560_0;
    %dup/vec4;
    %pushi/vec4 0, 0, 3;
    %cmp/u;
    %jmp/1 T_2.0, 6;
    %dup/vec4;
    %pushi/vec4 5, 0, 3;
    %cmp/u;
    %jmp/1 T_2.1, 6;
    %dup/vec4;
    %pushi/vec4 1, 0, 3;
    %cmp/u;
    %jmp/1 T_2.2, 6;
    %dup/vec4;
    %pushi/vec4 2, 0, 3;
    %cmp/u;
    %jmp/1 T_2.3, 6;
    %dup/vec4;
    %pushi/vec4 3, 0, 3;
    %cmp/u;
    %jmp/1 T_2.4, 6;
    %dup/vec4;
    %pushi/vec4 4, 0, 3;
    %cmp/u;
    %jmp/1 T_2.5, 6;
    %jmp T_2.6;
T_2.0 ;
    %pushi/vec4 0, 0, 32; draw_string_vec4
    %pushi/vec4 0, 0, 32; draw_string_vec4
    %concat/vec4; draw_string_vec4
    %pushi/vec4 0, 0, 32; draw_string_vec4
    %concat/vec4; draw_string_vec4
    %pushi/vec4 0, 0, 32; draw_string_vec4
    %concat/vec4; draw_string_vec4
    %pushi/vec4 0, 0, 32; draw_string_vec4
    %concat/vec4; draw_string_vec4
    %pushi/vec4 0, 0, 32; draw_string_vec4
    %concat/vec4; draw_string_vec4
    %pushi/vec4 0, 0, 32; draw_string_vec4
    %concat/vec4; draw_string_vec4
    %pushi/vec4 0, 0, 32; draw_string_vec4
    %concat/vec4; draw_string_vec4
    %pushi/vec4 83, 0, 32; draw_string_vec4
    %concat/vec4; draw_string_vec4
    %pushi/vec4 1413567060, 0, 32; draw_string_vec4
    %concat/vec4; draw_string_vec4
    %store/vec4 v0x7c80640_0, 0, 320;
    %jmp T_2.6;
T_2.1 ;
    %pushi/vec4 0, 0, 32; draw_string_vec4
    %pushi/vec4 0, 0, 32; draw_string_vec4
    %concat/vec4; draw_string_vec4
    %pushi/vec4 0, 0, 32; draw_string_vec4
    %concat/vec4; draw_string_vec4
    %pushi/vec4 0, 0, 32; draw_string_vec4
    %concat/vec4; draw_string_vec4
    %pushi/vec4 0, 0, 32; draw_string_vec4
    %concat/vec4; draw_string_vec4
    %pushi/vec4 0, 0, 32; draw_string_vec4
    %concat/vec4; draw_string_vec4
    %pushi/vec4 0, 0, 32; draw_string_vec4
    %concat/vec4; draw_string_vec4
    %pushi/vec4 0, 0, 32; draw_string_vec4
    %concat/vec4; draw_string_vec4
    %pushi/vec4 21332, 0, 32; draw_string_vec4
    %concat/vec4; draw_string_vec4
    %pushi/vec4 1095914545, 0, 32; draw_string_vec4
    %concat/vec4; draw_string_vec4
    %store/vec4 v0x7c80640_0, 0, 320;
    %jmp T_2.6;
T_2.2 ;
    %pushi/vec4 0, 0, 32; draw_string_vec4
    %pushi/vec4 0, 0, 32; draw_string_vec4
    %concat/vec4; draw_string_vec4
    %pushi/vec4 0, 0, 32; draw_string_vec4
    %concat/vec4; draw_string_vec4
    %pushi/vec4 0, 0, 32; draw_string_vec4
    %concat/vec4; draw_string_vec4
    %pushi/vec4 0, 0, 32; draw_string_vec4
    %concat/vec4; draw_string_vec4
    %pushi/vec4 0, 0, 32; draw_string_vec4
    %concat/vec4; draw_string_vec4
    %pushi/vec4 0, 0, 32; draw_string_vec4
    %concat/vec4; draw_string_vec4
    %pushi/vec4 0, 0, 32; draw_string_vec4
    %concat/vec4; draw_string_vec4
    %pushi/vec4 67, 0, 32; draw_string_vec4
    %concat/vec4; draw_string_vec4
    %pushi/vec4 1212498763, 0, 32; draw_string_vec4
    %concat/vec4; draw_string_vec4
    %store/vec4 v0x7c80640_0, 0, 320;
    %jmp T_2.6;
T_2.3 ;
    %pushi/vec4 0, 0, 32; draw_string_vec4
    %pushi/vec4 0, 0, 32; draw_string_vec4
    %concat/vec4; draw_string_vec4
    %pushi/vec4 0, 0, 32; draw_string_vec4
    %concat/vec4; draw_string_vec4
    %pushi/vec4 0, 0, 32; draw_string_vec4
    %concat/vec4; draw_string_vec4
    %pushi/vec4 0, 0, 32; draw_string_vec4
    %concat/vec4; draw_string_vec4
    %pushi/vec4 0, 0, 32; draw_string_vec4
    %concat/vec4; draw_string_vec4
    %pushi/vec4 0, 0, 32; draw_string_vec4
    %concat/vec4; draw_string_vec4
    %pushi/vec4 0, 0, 32; draw_string_vec4
    %concat/vec4; draw_string_vec4
    %pushi/vec4 83, 0, 32; draw_string_vec4
    %concat/vec4; draw_string_vec4
    %pushi/vec4 1212761684, 0, 32; draw_string_vec4
    %concat/vec4; draw_string_vec4
    %store/vec4 v0x7c80640_0, 0, 320;
    %jmp T_2.6;
T_2.4 ;
    %pushi/vec4 0, 0, 32; draw_string_vec4
    %pushi/vec4 0, 0, 32; draw_string_vec4
    %concat/vec4; draw_string_vec4
    %pushi/vec4 0, 0, 32; draw_string_vec4
    %concat/vec4; draw_string_vec4
    %pushi/vec4 0, 0, 32; draw_string_vec4
    %concat/vec4; draw_string_vec4
    %pushi/vec4 0, 0, 32; draw_string_vec4
    %concat/vec4; draw_string_vec4
    %pushi/vec4 0, 0, 32; draw_string_vec4
    %concat/vec4; draw_string_vec4
    %pushi/vec4 0, 0, 32; draw_string_vec4
    %concat/vec4; draw_string_vec4
    %pushi/vec4 0, 0, 32; draw_string_vec4
    %concat/vec4; draw_string_vec4
    %pushi/vec4 0, 0, 32; draw_string_vec4
    %concat/vec4; draw_string_vec4
    %pushi/vec4 4277316, 0, 32; draw_string_vec4
    %concat/vec4; draw_string_vec4
    %store/vec4 v0x7c80640_0, 0, 320;
    %jmp T_2.6;
T_2.5 ;
    %pushi/vec4 0, 0, 32; draw_string_vec4
    %pushi/vec4 0, 0, 32; draw_string_vec4
    %concat/vec4; draw_string_vec4
    %pushi/vec4 0, 0, 32; draw_string_vec4
    %concat/vec4; draw_string_vec4
    %pushi/vec4 0, 0, 32; draw_string_vec4
    %concat/vec4; draw_string_vec4
    %pushi/vec4 0, 0, 32; draw_string_vec4
    %concat/vec4; draw_string_vec4
    %pushi/vec4 0, 0, 32; draw_string_vec4
    %concat/vec4; draw_string_vec4
    %pushi/vec4 0, 0, 32; draw_string_vec4
    %concat/vec4; draw_string_vec4
    %pushi/vec4 0, 0, 32; draw_string_vec4
    %concat/vec4; draw_string_vec4
    %pushi/vec4 0, 0, 32; draw_string_vec4
    %concat/vec4; draw_string_vec4
    %pushi/vec4 4542020, 0, 32; draw_string_vec4
    %concat/vec4; draw_string_vec4
    %store/vec4 v0x7c80640_0, 0, 320;
    %jmp T_2.6;
T_2.6 ;
    %pop/vec4 1;
    %jmp T_2;
    .thread T_2, $push;
    .scope S_0x7c4f8d0;
T_3 ;
    %wait E_0x7c68ba0;
    %load/vec4 v0x7c80800_0;
    %pad/u 32;
    %cmpi/u 63, 0, 32;
    %flag_or 5, 4; GT is !LE
    %flag_inv 5;
    %jmp/0xz  T_3.0, 5;
    %pushi/vec4 63, 0, 7;
    %store/vec4 v0x7c81b40_0, 0, 7;
    %jmp T_3.1;
T_3.0 ;
    %load/vec4 v0x7c80800_0;
    %pad/u 32;
    %cmpi/u 0, 0, 32;
    %jmp/0xz  T_3.2, 5;
    %pushi/vec4 0, 0, 7;
    %store/vec4 v0x7c81b40_0, 0, 7;
    %jmp T_3.3;
T_3.2 ;
    %load/vec4 v0x7c80800_0;
    %pad/u 7;
    %store/vec4 v0x7c81b40_0, 0, 7;
T_3.3 ;
T_3.1 ;
    %load/vec4 v0x7c80900_0;
    %pad/u 32;
    %cmpi/u 63, 0, 32;
    %flag_or 5, 4; GT is !LE
    %flag_inv 5;
    %jmp/0xz  T_3.4, 5;
    %pushi/vec4 63, 0, 7;
    %store/vec4 v0x7c81c20_0, 0, 7;
    %jmp T_3.5;
T_3.4 ;
    %load/vec4 v0x7c80900_0;
    %pad/u 32;
    %cmpi/u 0, 0, 32;
    %jmp/0xz  T_3.6, 5;
    %pushi/vec4 0, 0, 7;
    %store/vec4 v0x7c81c20_0, 0, 7;
    %jmp T_3.7;
T_3.6 ;
    %load/vec4 v0x7c80900_0;
    %pad/u 7;
    %store/vec4 v0x7c81c20_0, 0, 7;
T_3.7 ;
T_3.5 ;
    %pushi/vec4 32, 0, 32;
    %load/vec4 v0x7c81c20_0;
    %pad/u 32;
    %cmp/u;
    %flag_get/vec4 5;
    %store/vec4 v0x7c81840_0, 0, 1;
    %load/vec4 v0x7c81840_0;
    %flag_set/vec4 8;
    %jmp/0xz  T_3.8, 8;
    %load/vec4 v0x7c81c20_0;
    %pad/u 32;
    %subi 33, 0, 32;
    %pad/u 7;
    %store/vec4 v0x7c81de0_0, 0, 7;
    %jmp T_3.9;
T_3.8 ;
    %load/vec4 v0x7c81c20_0;
    %store/vec4 v0x7c81de0_0, 0, 7;
T_3.9 ;
    %jmp T_3;
    .thread T_3, $push;
    .scope S_0x7c4f8d0;
T_4 ;
    %wait E_0x7c175b0;
    %pushi/vec4 0, 0, 1;
    %assign/vec4 v0x7c819c0_0, 0;
    %pushi/vec4 0, 0, 1;
    %assign/vec4 v0x7c81a80_0, 0;
    %pushi/vec4 0, 0, 1;
    %assign/vec4 v0x7c81500_0, 0;
    %load/vec4 v0x7c81700_0;
    %flag_set/vec4 8;
    %jmp/0xz  T_4.0, 8;
    %pushi/vec4 0, 0, 3;
    %assign/vec4 v0x7c81440_0, 0;
    %pushi/vec4 0, 0, 12;
    %assign/vec4 v0x7c812c0_0, 0;
    %pushi/vec4 0, 0, 1;
    %assign/vec4 v0x7c815a0_0, 0;
    %jmp T_4.1;
T_4.0 ;
    %load/vec4 v0x7c81440_0;
    %dup/vec4;
    %pushi/vec4 0, 0, 3;
    %cmp/u;
    %jmp/1 T_4.2, 6;
    %dup/vec4;
    %pushi/vec4 1, 0, 3;
    %cmp/u;
    %jmp/1 T_4.3, 6;
    %dup/vec4;
    %pushi/vec4 2, 0, 3;
    %cmp/u;
    %jmp/1 T_4.4, 6;
    %dup/vec4;
    %pushi/vec4 3, 0, 3;
    %cmp/u;
    %jmp/1 T_4.5, 6;
    %dup/vec4;
    %pushi/vec4 4, 0, 3;
    %cmp/u;
    %jmp/1 T_4.6, 6;
    %pushi/vec4 0, 0, 3;
    %assign/vec4 v0x7c81440_0, 0;
    %jmp T_4.8;
T_4.2 ;
    %load/vec4 v0x7c81640_0;
    %flag_set/vec4 8;
    %jmp/0xz  T_4.9, 8;
    %pushi/vec4 1, 0, 3;
    %assign/vec4 v0x7c81440_0, 0;
T_4.9 ;
    %jmp T_4.8;
T_4.3 ;
    %pushi/vec4 1, 0, 1;
    %assign/vec4 v0x7c81500_0, 0;
    %pushi/vec4 2, 0, 3;
    %assign/vec4 v0x7c81440_0, 0;
    %jmp T_4.8;
T_4.4 ;
    %load/vec4 v0x7c813a0_0;
    %flag_set/vec4 8;
    %jmp/0xz  T_4.11, 8;
    %pushi/vec4 3, 0, 3;
    %assign/vec4 v0x7c81440_0, 0;
    %jmp T_4.12;
T_4.11 ;
    %pushi/vec4 2, 0, 3;
    %assign/vec4 v0x7c81440_0, 0;
T_4.12 ;
    %jmp T_4.8;
T_4.5 ;
    %load/vec4 v0x7c812c0_0;
    %assign/vec4 v0x7c80ec0_0, 0;
    %load/vec4 v0x7c815a0_0;
    %pad/u 32;
    %cmpi/e 0, 0, 32;
    %jmp/0xz  T_4.13, 4;
    %load/vec4 v0x7c80fa0_0;
    %assign/vec4 v0x7c818e0_0, 0;
    %pushi/vec4 1, 0, 1;
    %assign/vec4 v0x7c819c0_0, 0;
    %jmp T_4.14;
T_4.13 ;
    %load/vec4 v0x7c81080_0;
    %assign/vec4 v0x7c818e0_0, 0;
    %pushi/vec4 1, 0, 1;
    %assign/vec4 v0x7c81a80_0, 0;
T_4.14 ;
    %pushi/vec4 4, 0, 3;
    %assign/vec4 v0x7c81440_0, 0;
    %jmp T_4.8;
T_4.6 ;
    %load/vec4 v0x7c81200_0;
    %assign/vec4 v0x7c80ec0_0, 0;
    %pushi/vec4 4, 0, 12;
    %assign/vec4 v0x7c818e0_0, 0;
    %load/vec4 v0x7c81840_0;
    %pad/u 32;
    %cmpi/e 0, 0, 32;
    %jmp/0xz  T_4.15, 4;
    %pushi/vec4 1, 0, 1;
    %assign/vec4 v0x7c819c0_0, 0;
    %jmp T_4.16;
T_4.15 ;
    %pushi/vec4 1, 0, 1;
    %assign/vec4 v0x7c81a80_0, 0;
T_4.16 ;
    %load/vec4 v0x7c81200_0;
    %assign/vec4 v0x7c812c0_0, 0;
    %load/vec4 v0x7c81840_0;
    %assign/vec4 v0x7c815a0_0, 0;
    %pushi/vec4 0, 0, 3;
    %assign/vec4 v0x7c81440_0, 0;
    %jmp T_4.8;
T_4.8 ;
    %pop/vec4 1;
T_4.1 ;
    %jmp T_4;
    .thread T_4;
    .scope S_0x7c85b00;
T_5 ;
    %wait E_0x7bc8480;
    %load/vec4 v0x7c86610_0;
    %inv;
    %flag_set/vec4 8;
    %jmp/0xz  T_5.0, 8;
    %pushi/vec4 0, 0, 5;
    %assign/vec4 v0x7c86530_0, 0;
    %jmp T_5.1;
T_5.0 ;
    %load/vec4 v0x7c86470_0;
    %flag_set/vec4 8;
    %jmp/0xz  T_5.2, 8;
    %load/vec4 v0x7c86530_0;
    %addi 1, 0, 5;
    %assign/vec4 v0x7c86530_0, 0;
T_5.2 ;
T_5.1 ;
    %jmp T_5;
    .thread T_5;
    .scope S_0x7c83fb0;
T_6 ;
    %wait E_0x7bc8480;
    %load/vec4 v0x7c84b20_0;
    %inv;
    %flag_set/vec4 8;
    %jmp/0xz  T_6.0, 8;
    %pushi/vec4 0, 0, 6;
    %assign/vec4 v0x7c84a40_0, 0;
    %jmp T_6.1;
T_6.0 ;
    %load/vec4 v0x7c849a0_0;
    %flag_set/vec4 8;
    %jmp/0xz  T_6.2, 8;
    %load/vec4 v0x7c84a40_0;
    %addi 1, 0, 6;
    %assign/vec4 v0x7c84a40_0, 0;
T_6.2 ;
T_6.1 ;
    %jmp T_6;
    .thread T_6;
    .scope S_0x7c82be0;
T_7 ;
    %wait E_0x7bc8480;
    %load/vec4 v0x7c837e0_0;
    %inv;
    %flag_set/vec4 8;
    %jmp/0xz  T_7.0, 8;
    %pushi/vec4 0, 0, 11;
    %assign/vec4 v0x7c83700_0, 0;
    %jmp T_7.1;
T_7.0 ;
    %load/vec4 v0x7c83640_0;
    %flag_set/vec4 8;
    %jmp/0xz  T_7.2, 8;
    %load/vec4 v0x7c83700_0;
    %addi 1, 0, 11;
    %assign/vec4 v0x7c83700_0, 0;
T_7.2 ;
T_7.1 ;
    %jmp T_7;
    .thread T_7;
    .scope S_0x7c84d70;
T_8 ;
    %wait E_0x7bc8480;
    %load/vec4 v0x7c858e0_0;
    %inv;
    %flag_set/vec4 8;
    %jmp/0xz  T_8.0, 8;
    %pushi/vec4 0, 0, 2;
    %assign/vec4 v0x7c85800_0, 0;
    %jmp T_8.1;
T_8.0 ;
    %load/vec4 v0x7c85740_0;
    %flag_set/vec4 8;
    %jmp/0xz  T_8.2, 8;
    %load/vec4 v0x7c85800_0;
    %addi 1, 0, 2;
    %assign/vec4 v0x7c85800_0, 0;
T_8.2 ;
T_8.1 ;
    %jmp T_8;
    .thread T_8;
    .scope S_0x7c886d0;
T_9 ;
    %wait E_0x7bc8480;
    %load/vec4 v0x7c88b70_0;
    %flag_set/vec4 8;
    %jmp/0xz  T_9.0, 8;
    %pushi/vec4 20, 0, 11;
    %assign/vec4 v0x7c88c60_0, 0;
    %jmp T_9.1;
T_9.0 ;
    %load/vec4 v0x7c88d60_0;
    %flag_set/vec4 8;
    %jmp/0xz  T_9.2, 8;
    %load/vec4 v0x7c88c60_0;
    %ix/load 4, 1, 0;
    %flag_set/imm 4, 0;
    %shiftl 4;
    %assign/vec4 v0x7c88c60_0, 0;
    %jmp T_9.3;
T_9.2 ;
    %load/vec4 v0x7c88c60_0;
    %assign/vec4 v0x7c88c60_0, 0;
T_9.3 ;
T_9.1 ;
    %jmp T_9;
    .thread T_9;
    .scope S_0x7c83a00;
T_10 ;
    %wait E_0x7bc86a0;
    %load/vec4 v0x7c83c90_0;
    %load/vec4 v0x7c83d90_0;
    %cmp/e;
    %jmp/0xz  T_10.0, 4;
    %pushi/vec4 1, 0, 1;
    %store/vec4 v0x7c83e80_0, 0, 1;
    %jmp T_10.1;
T_10.0 ;
    %pushi/vec4 0, 0, 1;
    %store/vec4 v0x7c83e80_0, 0, 1;
T_10.1 ;
    %jmp T_10;
    .thread T_10, $push;
    .scope S_0x7c88e60;
T_11 ;
    %vpi_call 10 26 "$readmemh", "./image0.hex", v0x7c89500 {0 0 0};
    %vpi_call 10 27 "$readmemh", "./image1.hex", v0x7c895d0 {0 0 0};
    %vpi_call 10 28 "$readmemh", "./image0.hex", v0x7c89360 {0 0 0};
    %vpi_call 10 29 "$readmemh", "./image1.hex", v0x7c89440 {0 0 0};
    %end;
    .thread T_11;
    .scope S_0x7c88e60;
T_12 ;
    %wait E_0x7c00d70;
    %load/vec4 v0x7c8a1e0_0;
    %flag_set/vec4 8;
    %jmp/0xz  T_12.0, 8;
    %load/vec4 v0x7c8a100_0;
    %load/vec4 v0x7c89c20_0;
    %pad/u 13;
    %ix/vec4 3;
    %ix/load 4, 0, 0; Constant delay
    %assign/vec4/a/d v0x7c89500, 0, 4;
T_12.0 ;
    %load/vec4 v0x7c8a2a0_0;
    %flag_set/vec4 8;
    %jmp/0xz  T_12.2, 8;
    %load/vec4 v0x7c8a100_0;
    %load/vec4 v0x7c89c20_0;
    %pad/u 13;
    %ix/vec4 3;
    %ix/load 4, 0, 0; Constant delay
    %assign/vec4/a/d v0x7c895d0, 0, 4;
T_12.2 ;
    %jmp T_12;
    .thread T_12;
    .scope S_0x7c88e60;
T_13 ;
    %wait E_0x7bc8480;
    %load/vec4 v0x7c89f60_0;
    %flag_set/vec4 8;
    %jmp/0xz  T_13.0, 8;
    %load/vec4 v0x7c89c20_0;
    %pad/u 13;
    %ix/vec4 4;
    %load/vec4a v0x7c89500, 4;
    %ix/load 4, 12, 0;
    %ix/load 5, 0, 0;
    %flag_set/imm 4, 0;
    %assign/vec4/off/d v0x7c8a020_0, 4, 5;
    %load/vec4 v0x7c89c20_0;
    %pad/u 13;
    %ix/vec4 4;
    %load/vec4a v0x7c895d0, 4;
    %ix/load 4, 0, 0;
    %ix/load 5, 0, 0;
    %flag_set/imm 4, 0;
    %assign/vec4/off/d v0x7c8a020_0, 4, 5;
T_13.0 ;
    %jmp T_13;
    .thread T_13;
    .scope S_0x7c8a480;
T_14 ;
    %wait E_0x7bd0420;
    %load/vec4 v0x7c8a810_0;
    %dup/vec4;
    %pushi/vec4 0, 0, 2;
    %cmp/u;
    %jmp/1 T_14.0, 6;
    %dup/vec4;
    %pushi/vec4 1, 0, 2;
    %cmp/u;
    %jmp/1 T_14.1, 6;
    %dup/vec4;
    %pushi/vec4 2, 0, 2;
    %cmp/u;
    %jmp/1 T_14.2, 6;
    %dup/vec4;
    %pushi/vec4 3, 0, 2;
    %cmp/u;
    %jmp/1 T_14.3, 6;
    %load/vec4 v0x7c8a670_0;
    %parti/s 1, 20, 6;
    %load/vec4 v0x7c8a670_0;
    %parti/s 1, 16, 6;
    %concat/vec4; draw_concat_vec4
    %load/vec4 v0x7c8a670_0;
    %parti/s 1, 12, 5;
    %concat/vec4; draw_concat_vec4
    %load/vec4 v0x7c8a670_0;
    %parti/s 1, 8, 5;
    %concat/vec4; draw_concat_vec4
    %load/vec4 v0x7c8a670_0;
    %parti/s 1, 4, 4;
    %concat/vec4; draw_concat_vec4
    %load/vec4 v0x7c8a670_0;
    %parti/s 1, 0, 2;
    %concat/vec4; draw_concat_vec4
    %store/vec4 v0x7c8a750_0, 0, 6;
    %jmp T_14.5;
T_14.0 ;
    %load/vec4 v0x7c8a670_0;
    %parti/s 1, 20, 6;
    %load/vec4 v0x7c8a670_0;
    %parti/s 1, 16, 6;
    %concat/vec4; draw_concat_vec4
    %load/vec4 v0x7c8a670_0;
    %parti/s 1, 12, 5;
    %concat/vec4; draw_concat_vec4
    %load/vec4 v0x7c8a670_0;
    %parti/s 1, 8, 5;
    %concat/vec4; draw_concat_vec4
    %load/vec4 v0x7c8a670_0;
    %parti/s 1, 4, 4;
    %concat/vec4; draw_concat_vec4
    %load/vec4 v0x7c8a670_0;
    %parti/s 1, 0, 2;
    %concat/vec4; draw_concat_vec4
    %store/vec4 v0x7c8a750_0, 0, 6;
    %jmp T_14.5;
T_14.1 ;
    %load/vec4 v0x7c8a670_0;
    %parti/s 1, 21, 6;
    %load/vec4 v0x7c8a670_0;
    %parti/s 1, 17, 6;
    %concat/vec4; draw_concat_vec4
    %load/vec4 v0x7c8a670_0;
    %parti/s 1, 13, 5;
    %concat/vec4; draw_concat_vec4
    %load/vec4 v0x7c8a670_0;
    %parti/s 1, 9, 5;
    %concat/vec4; draw_concat_vec4
    %load/vec4 v0x7c8a670_0;
    %parti/s 1, 5, 4;
    %concat/vec4; draw_concat_vec4
    %load/vec4 v0x7c8a670_0;
    %parti/s 1, 1, 2;
    %concat/vec4; draw_concat_vec4
    %store/vec4 v0x7c8a750_0, 0, 6;
    %jmp T_14.5;
T_14.2 ;
    %load/vec4 v0x7c8a670_0;
    %parti/s 1, 22, 6;
    %load/vec4 v0x7c8a670_0;
    %parti/s 1, 18, 6;
    %concat/vec4; draw_concat_vec4
    %load/vec4 v0x7c8a670_0;
    %parti/s 1, 14, 5;
    %concat/vec4; draw_concat_vec4
    %load/vec4 v0x7c8a670_0;
    %parti/s 1, 10, 5;
    %concat/vec4; draw_concat_vec4
    %load/vec4 v0x7c8a670_0;
    %parti/s 1, 6, 4;
    %concat/vec4; draw_concat_vec4
    %load/vec4 v0x7c8a670_0;
    %parti/s 1, 2, 3;
    %concat/vec4; draw_concat_vec4
    %store/vec4 v0x7c8a750_0, 0, 6;
    %jmp T_14.5;
T_14.3 ;
    %load/vec4 v0x7c8a670_0;
    %parti/s 1, 23, 6;
    %load/vec4 v0x7c8a670_0;
    %parti/s 1, 19, 6;
    %concat/vec4; draw_concat_vec4
    %load/vec4 v0x7c8a670_0;
    %parti/s 1, 15, 5;
    %concat/vec4; draw_concat_vec4
    %load/vec4 v0x7c8a670_0;
    %parti/s 1, 11, 5;
    %concat/vec4; draw_concat_vec4
    %load/vec4 v0x7c8a670_0;
    %parti/s 1, 7, 4;
    %concat/vec4; draw_concat_vec4
    %load/vec4 v0x7c8a670_0;
    %parti/s 1, 3, 3;
    %concat/vec4; draw_concat_vec4
    %store/vec4 v0x7c8a750_0, 0, 6;
    %jmp T_14.5;
T_14.5 ;
    %pop/vec4 1;
    %jmp T_14;
    .thread T_14, $push;
    .scope S_0x7c86830;
T_15 ;
    %wait E_0x7c00d70;
    %load/vec4 v0x7c88200_0;
    %flag_set/vec4 8;
    %jmp/0xz  T_15.0, 8;
    %pushi/vec4 0, 0, 4;
    %store/vec4 v0x7c882a0_0, 0, 4;
    %jmp T_15.1;
T_15.0 ;
    %load/vec4 v0x7c882a0_0;
    %dup/vec4;
    %pushi/vec4 0, 0, 4;
    %cmp/u;
    %jmp/1 T_15.2, 6;
    %dup/vec4;
    %pushi/vec4 1, 0, 4;
    %cmp/u;
    %jmp/1 T_15.3, 6;
    %dup/vec4;
    %pushi/vec4 2, 0, 4;
    %cmp/u;
    %jmp/1 T_15.4, 6;
    %dup/vec4;
    %pushi/vec4 3, 0, 4;
    %cmp/u;
    %jmp/1 T_15.5, 6;
    %dup/vec4;
    %pushi/vec4 5, 0, 4;
    %cmp/u;
    %jmp/1 T_15.6, 6;
    %dup/vec4;
    %pushi/vec4 8, 0, 4;
    %cmp/u;
    %jmp/1 T_15.7, 6;
    %dup/vec4;
    %pushi/vec4 9, 0, 4;
    %cmp/u;
    %jmp/1 T_15.8, 6;
    %dup/vec4;
    %pushi/vec4 6, 0, 4;
    %cmp/u;
    %jmp/1 T_15.9, 6;
    %dup/vec4;
    %pushi/vec4 7, 0, 4;
    %cmp/u;
    %jmp/1 T_15.10, 6;
    %pushi/vec4 0, 0, 4;
    %store/vec4 v0x7c882a0_0, 0, 4;
    %jmp T_15.12;
T_15.2 ;
    %load/vec4 v0x7c88160_0;
    %flag_set/vec4 8;
    %jmp/0xz  T_15.13, 8;
    %pushi/vec4 1, 0, 4;
    %store/vec4 v0x7c882a0_0, 0, 4;
    %jmp T_15.14;
T_15.13 ;
    %pushi/vec4 0, 0, 4;
    %store/vec4 v0x7c882a0_0, 0, 4;
T_15.14 ;
    %jmp T_15.12;
T_15.3 ;
    %pushi/vec4 2, 0, 4;
    %store/vec4 v0x7c882a0_0, 0, 4;
    %jmp T_15.12;
T_15.4 ;
    %load/vec4 v0x7c87d80_0;
    %flag_set/vec4 8;
    %jmp/0xz  T_15.15, 8;
    %pushi/vec4 3, 0, 4;
    %store/vec4 v0x7c882a0_0, 0, 4;
    %jmp T_15.16;
T_15.15 ;
    %pushi/vec4 2, 0, 4;
    %store/vec4 v0x7c882a0_0, 0, 4;
T_15.16 ;
    %jmp T_15.12;
T_15.5 ;
    %pushi/vec4 5, 0, 4;
    %store/vec4 v0x7c882a0_0, 0, 4;
    %jmp T_15.12;
T_15.6 ;
    %load/vec4 v0x7c87e50_0;
    %flag_set/vec4 8;
    %jmp/0xz  T_15.17, 8;
    %pushi/vec4 8, 0, 4;
    %store/vec4 v0x7c882a0_0, 0, 4;
    %jmp T_15.18;
T_15.17 ;
    %pushi/vec4 5, 0, 4;
    %store/vec4 v0x7c882a0_0, 0, 4;
T_15.18 ;
    %jmp T_15.12;
T_15.7 ;
    %pushi/vec4 9, 0, 4;
    %store/vec4 v0x7c882a0_0, 0, 4;
    %jmp T_15.12;
T_15.8 ;
    %load/vec4 v0x7c87f20_0;
    %flag_set/vec4 8;
    %jmp/0xz  T_15.19, 8;
    %pushi/vec4 6, 0, 4;
    %store/vec4 v0x7c882a0_0, 0, 4;
    %jmp T_15.20;
T_15.19 ;
    %pushi/vec4 1, 0, 4;
    %store/vec4 v0x7c882a0_0, 0, 4;
T_15.20 ;
    %jmp T_15.12;
T_15.9 ;
    %pushi/vec4 7, 0, 4;
    %store/vec4 v0x7c882a0_0, 0, 4;
    %jmp T_15.12;
T_15.10 ;
    %load/vec4 v0x7c87ff0_0;
    %flag_set/vec4 8;
    %jmp/0xz  T_15.21, 8;
    %pushi/vec4 0, 0, 4;
    %store/vec4 v0x7c882a0_0, 0, 4;
    %jmp T_15.22;
T_15.21 ;
    %pushi/vec4 1, 0, 4;
    %store/vec4 v0x7c882a0_0, 0, 4;
T_15.22 ;
    %jmp T_15.12;
T_15.12 ;
    %pop/vec4 1;
T_15.1 ;
    %jmp T_15;
    .thread T_15;
    .scope S_0x7c86830;
T_16 ;
    %wait E_0x7bc88a0;
    %load/vec4 v0x7c882a0_0;
    %dup/vec4;
    %pushi/vec4 0, 0, 4;
    %cmp/u;
    %jmp/1 T_16.0, 6;
    %dup/vec4;
    %pushi/vec4 1, 0, 4;
    %cmp/u;
    %jmp/1 T_16.1, 6;
    %dup/vec4;
    %pushi/vec4 2, 0, 4;
    %cmp/u;
    %jmp/1 T_16.2, 6;
    %dup/vec4;
    %pushi/vec4 3, 0, 4;
    %cmp/u;
    %jmp/1 T_16.3, 6;
    %dup/vec4;
    %pushi/vec4 5, 0, 4;
    %cmp/u;
    %jmp/1 T_16.4, 6;
    %dup/vec4;
    %pushi/vec4 8, 0, 4;
    %cmp/u;
    %jmp/1 T_16.5, 6;
    %dup/vec4;
    %pushi/vec4 9, 0, 4;
    %cmp/u;
    %jmp/1 T_16.6, 6;
    %dup/vec4;
    %pushi/vec4 6, 0, 4;
    %cmp/u;
    %jmp/1 T_16.7, 6;
    %dup/vec4;
    %pushi/vec4 7, 0, 4;
    %cmp/u;
    %jmp/1 T_16.8, 6;
    %pushi/vec4 0, 0, 1;
    %store/vec4 v0x7c87c10_0, 0, 1;
    %pushi/vec4 0, 0, 1;
    %store/vec4 v0x7c879d0_0, 0, 1;
    %pushi/vec4 0, 0, 1;
    %store/vec4 v0x7c87a70_0, 0, 1;
    %pushi/vec4 1, 0, 1;
    %store/vec4 v0x7c87b40_0, 0, 1;
    %pushi/vec4 0, 0, 1;
    %store/vec4 v0x7c87630_0, 0, 1;
    %pushi/vec4 0, 0, 1;
    %store/vec4 v0x7c873a0_0, 0, 1;
    %pushi/vec4 0, 0, 1;
    %store/vec4 v0x7c87460_0, 0, 1;
    %pushi/vec4 0, 0, 1;
    %store/vec4 v0x7c87530_0, 0, 1;
    %pushi/vec4 0, 0, 1;
    %store/vec4 v0x7c877f0_0, 0, 1;
    %pushi/vec4 0, 0, 1;
    %store/vec4 v0x7c87ce0_0, 0, 1;
    %pushi/vec4 0, 0, 1;
    %store/vec4 v0x7c87700_0, 0, 1;
    %pushi/vec4 1, 0, 1;
    %store/vec4 v0x7c87890_0, 0, 1;
    %pushi/vec4 0, 0, 1;
    %store/vec4 v0x7c87930_0, 0, 1;
    %jmp T_16.10;
T_16.0 ;
    %pushi/vec4 0, 0, 1;
    %store/vec4 v0x7c87c10_0, 0, 1;
    %pushi/vec4 0, 0, 1;
    %store/vec4 v0x7c879d0_0, 0, 1;
    %pushi/vec4 0, 0, 1;
    %store/vec4 v0x7c87a70_0, 0, 1;
    %pushi/vec4 0, 0, 1;
    %store/vec4 v0x7c87b40_0, 0, 1;
    %pushi/vec4 0, 0, 1;
    %store/vec4 v0x7c87630_0, 0, 1;
    %pushi/vec4 0, 0, 1;
    %store/vec4 v0x7c873a0_0, 0, 1;
    %pushi/vec4 0, 0, 1;
    %store/vec4 v0x7c87460_0, 0, 1;
    %pushi/vec4 0, 0, 1;
    %store/vec4 v0x7c87530_0, 0, 1;
    %pushi/vec4 1, 0, 1;
    %store/vec4 v0x7c877f0_0, 0, 1;
    %pushi/vec4 0, 0, 1;
    %store/vec4 v0x7c87ce0_0, 0, 1;
    %pushi/vec4 0, 0, 1;
    %store/vec4 v0x7c87700_0, 0, 1;
    %pushi/vec4 1, 0, 1;
    %store/vec4 v0x7c87890_0, 0, 1;
    %pushi/vec4 0, 0, 1;
    %store/vec4 v0x7c87930_0, 0, 1;
    %jmp T_16.10;
T_16.1 ;
    %pushi/vec4 1, 0, 1;
    %store/vec4 v0x7c87c10_0, 0, 1;
    %pushi/vec4 1, 0, 1;
    %store/vec4 v0x7c879d0_0, 0, 1;
    %pushi/vec4 1, 0, 1;
    %store/vec4 v0x7c87a70_0, 0, 1;
    %pushi/vec4 1, 0, 1;
    %store/vec4 v0x7c87b40_0, 0, 1;
    %pushi/vec4 0, 0, 1;
    %store/vec4 v0x7c87630_0, 0, 1;
    %pushi/vec4 0, 0, 1;
    %store/vec4 v0x7c873a0_0, 0, 1;
    %pushi/vec4 0, 0, 1;
    %store/vec4 v0x7c87460_0, 0, 1;
    %pushi/vec4 0, 0, 1;
    %store/vec4 v0x7c87530_0, 0, 1;
    %pushi/vec4 0, 0, 1;
    %store/vec4 v0x7c877f0_0, 0, 1;
    %pushi/vec4 0, 0, 1;
    %store/vec4 v0x7c87ce0_0, 0, 1;
    %pushi/vec4 0, 0, 1;
    %store/vec4 v0x7c87700_0, 0, 1;
    %pushi/vec4 1, 0, 1;
    %store/vec4 v0x7c87890_0, 0, 1;
    %pushi/vec4 0, 0, 1;
    %store/vec4 v0x7c87930_0, 0, 1;
    %jmp T_16.10;
T_16.2 ;
    %pushi/vec4 1, 0, 1;
    %store/vec4 v0x7c87c10_0, 0, 1;
    %pushi/vec4 1, 0, 1;
    %store/vec4 v0x7c879d0_0, 0, 1;
    %pushi/vec4 1, 0, 1;
    %store/vec4 v0x7c87a70_0, 0, 1;
    %pushi/vec4 1, 0, 1;
    %store/vec4 v0x7c87b40_0, 0, 1;
    %pushi/vec4 0, 0, 1;
    %store/vec4 v0x7c87630_0, 0, 1;
    %pushi/vec4 1, 0, 1;
    %store/vec4 v0x7c873a0_0, 0, 1;
    %pushi/vec4 0, 0, 1;
    %store/vec4 v0x7c87460_0, 0, 1;
    %pushi/vec4 0, 0, 1;
    %store/vec4 v0x7c87530_0, 0, 1;
    %pushi/vec4 0, 0, 1;
    %store/vec4 v0x7c877f0_0, 0, 1;
    %pushi/vec4 0, 0, 1;
    %store/vec4 v0x7c87ce0_0, 0, 1;
    %pushi/vec4 0, 0, 1;
    %store/vec4 v0x7c87700_0, 0, 1;
    %pushi/vec4 1, 0, 1;
    %store/vec4 v0x7c87890_0, 0, 1;
    %pushi/vec4 1, 0, 1;
    %store/vec4 v0x7c87930_0, 0, 1;
    %jmp T_16.10;
T_16.3 ;
    %pushi/vec4 1, 0, 1;
    %store/vec4 v0x7c87c10_0, 0, 1;
    %pushi/vec4 1, 0, 1;
    %store/vec4 v0x7c879d0_0, 0, 1;
    %pushi/vec4 1, 0, 1;
    %store/vec4 v0x7c87a70_0, 0, 1;
    %pushi/vec4 1, 0, 1;
    %store/vec4 v0x7c87b40_0, 0, 1;
    %pushi/vec4 0, 0, 1;
    %store/vec4 v0x7c87630_0, 0, 1;
    %pushi/vec4 0, 0, 1;
    %store/vec4 v0x7c873a0_0, 0, 1;
    %pushi/vec4 0, 0, 1;
    %store/vec4 v0x7c87460_0, 0, 1;
    %pushi/vec4 0, 0, 1;
    %store/vec4 v0x7c87530_0, 0, 1;
    %pushi/vec4 0, 0, 1;
    %store/vec4 v0x7c877f0_0, 0, 1;
    %pushi/vec4 0, 0, 1;
    %store/vec4 v0x7c87ce0_0, 0, 1;
    %pushi/vec4 1, 0, 1;
    %store/vec4 v0x7c87700_0, 0, 1;
    %pushi/vec4 0, 0, 1;
    %store/vec4 v0x7c87890_0, 0, 1;
    %pushi/vec4 0, 0, 1;
    %store/vec4 v0x7c87930_0, 0, 1;
    %jmp T_16.10;
T_16.4 ;
    %pushi/vec4 1, 0, 1;
    %store/vec4 v0x7c87c10_0, 0, 1;
    %pushi/vec4 1, 0, 1;
    %store/vec4 v0x7c879d0_0, 0, 1;
    %pushi/vec4 1, 0, 1;
    %store/vec4 v0x7c87a70_0, 0, 1;
    %pushi/vec4 1, 0, 1;
    %store/vec4 v0x7c87b40_0, 0, 1;
    %pushi/vec4 0, 0, 1;
    %store/vec4 v0x7c87630_0, 0, 1;
    %pushi/vec4 0, 0, 1;
    %store/vec4 v0x7c873a0_0, 0, 1;
    %pushi/vec4 1, 0, 1;
    %store/vec4 v0x7c87460_0, 0, 1;
    %pushi/vec4 0, 0, 1;
    %store/vec4 v0x7c87530_0, 0, 1;
    %pushi/vec4 0, 0, 1;
    %store/vec4 v0x7c877f0_0, 0, 1;
    %pushi/vec4 0, 0, 1;
    %store/vec4 v0x7c87ce0_0, 0, 1;
    %pushi/vec4 0, 0, 1;
    %store/vec4 v0x7c87700_0, 0, 1;
    %pushi/vec4 0, 0, 1;
    %store/vec4 v0x7c87890_0, 0, 1;
    %pushi/vec4 0, 0, 1;
    %store/vec4 v0x7c87930_0, 0, 1;
    %jmp T_16.10;
T_16.5 ;
    %pushi/vec4 1, 0, 1;
    %store/vec4 v0x7c87c10_0, 0, 1;
    %pushi/vec4 1, 0, 1;
    %store/vec4 v0x7c879d0_0, 0, 1;
    %pushi/vec4 0, 0, 1;
    %store/vec4 v0x7c87a70_0, 0, 1;
    %pushi/vec4 1, 0, 1;
    %store/vec4 v0x7c87b40_0, 0, 1;
    %pushi/vec4 0, 0, 1;
    %store/vec4 v0x7c87630_0, 0, 1;
    %pushi/vec4 0, 0, 1;
    %store/vec4 v0x7c873a0_0, 0, 1;
    %pushi/vec4 0, 0, 1;
    %store/vec4 v0x7c87460_0, 0, 1;
    %pushi/vec4 1, 0, 1;
    %store/vec4 v0x7c87530_0, 0, 1;
    %pushi/vec4 0, 0, 1;
    %store/vec4 v0x7c877f0_0, 0, 1;
    %pushi/vec4 1, 0, 1;
    %store/vec4 v0x7c87ce0_0, 0, 1;
    %pushi/vec4 0, 0, 1;
    %store/vec4 v0x7c87700_0, 0, 1;
    %pushi/vec4 0, 0, 1;
    %store/vec4 v0x7c87890_0, 0, 1;
    %pushi/vec4 0, 0, 1;
    %store/vec4 v0x7c87930_0, 0, 1;
    %jmp T_16.10;
T_16.6 ;
    %pushi/vec4 1, 0, 1;
    %store/vec4 v0x7c87c10_0, 0, 1;
    %pushi/vec4 1, 0, 1;
    %store/vec4 v0x7c879d0_0, 0, 1;
    %pushi/vec4 1, 0, 1;
    %store/vec4 v0x7c87a70_0, 0, 1;
    %pushi/vec4 1, 0, 1;
    %store/vec4 v0x7c87b40_0, 0, 1;
    %pushi/vec4 0, 0, 1;
    %store/vec4 v0x7c87630_0, 0, 1;
    %pushi/vec4 0, 0, 1;
    %store/vec4 v0x7c873a0_0, 0, 1;
    %pushi/vec4 1, 0, 1;
    %store/vec4 v0x7c87460_0, 0, 1;
    %pushi/vec4 0, 0, 1;
    %store/vec4 v0x7c87530_0, 0, 1;
    %pushi/vec4 0, 0, 1;
    %store/vec4 v0x7c877f0_0, 0, 1;
    %pushi/vec4 0, 0, 1;
    %store/vec4 v0x7c87ce0_0, 0, 1;
    %pushi/vec4 0, 0, 1;
    %store/vec4 v0x7c87700_0, 0, 1;
    %pushi/vec4 0, 0, 1;
    %store/vec4 v0x7c87890_0, 0, 1;
    %pushi/vec4 0, 0, 1;
    %store/vec4 v0x7c87930_0, 0, 1;
    %jmp T_16.10;
T_16.7 ;
    %pushi/vec4 1, 0, 1;
    %store/vec4 v0x7c87c10_0, 0, 1;
    %pushi/vec4 0, 0, 1;
    %store/vec4 v0x7c879d0_0, 0, 1;
    %pushi/vec4 0, 0, 1;
    %store/vec4 v0x7c87a70_0, 0, 1;
    %pushi/vec4 1, 0, 1;
    %store/vec4 v0x7c87b40_0, 0, 1;
    %pushi/vec4 1, 0, 1;
    %store/vec4 v0x7c87630_0, 0, 1;
    %pushi/vec4 0, 0, 1;
    %store/vec4 v0x7c873a0_0, 0, 1;
    %pushi/vec4 0, 0, 1;
    %store/vec4 v0x7c87460_0, 0, 1;
    %pushi/vec4 0, 0, 1;
    %store/vec4 v0x7c87530_0, 0, 1;
    %pushi/vec4 1, 0, 1;
    %store/vec4 v0x7c877f0_0, 0, 1;
    %pushi/vec4 1, 0, 1;
    %store/vec4 v0x7c87ce0_0, 0, 1;
    %pushi/vec4 0, 0, 1;
    %store/vec4 v0x7c87700_0, 0, 1;
    %pushi/vec4 1, 0, 1;
    %store/vec4 v0x7c87890_0, 0, 1;
    %pushi/vec4 0, 0, 1;
    %store/vec4 v0x7c87930_0, 0, 1;
    %jmp T_16.10;
T_16.8 ;
    %pushi/vec4 1, 0, 1;
    %store/vec4 v0x7c87c10_0, 0, 1;
    %pushi/vec4 1, 0, 1;
    %store/vec4 v0x7c879d0_0, 0, 1;
    %pushi/vec4 1, 0, 1;
    %store/vec4 v0x7c87a70_0, 0, 1;
    %pushi/vec4 1, 0, 1;
    %store/vec4 v0x7c87b40_0, 0, 1;
    %pushi/vec4 0, 0, 1;
    %store/vec4 v0x7c87630_0, 0, 1;
    %pushi/vec4 0, 0, 1;
    %store/vec4 v0x7c873a0_0, 0, 1;
    %pushi/vec4 0, 0, 1;
    %store/vec4 v0x7c87460_0, 0, 1;
    %pushi/vec4 0, 0, 1;
    %store/vec4 v0x7c87530_0, 0, 1;
    %pushi/vec4 0, 0, 1;
    %store/vec4 v0x7c877f0_0, 0, 1;
    %pushi/vec4 0, 0, 1;
    %store/vec4 v0x7c87ce0_0, 0, 1;
    %pushi/vec4 0, 0, 1;
    %store/vec4 v0x7c87700_0, 0, 1;
    %pushi/vec4 1, 0, 1;
    %store/vec4 v0x7c87890_0, 0, 1;
    %pushi/vec4 0, 0, 1;
    %store/vec4 v0x7c87930_0, 0, 1;
    %jmp T_16.10;
T_16.10 ;
    %pop/vec4 1;
    %jmp T_16;
    .thread T_16, $push;
    .scope S_0x7c86830;
T_17 ;
    %wait E_0x7bc88a0;
    %load/vec4 v0x7c882a0_0;
    %dup/vec4;
    %pushi/vec4 0, 0, 4;
    %cmp/u;
    %jmp/1 T_17.0, 6;
    %dup/vec4;
    %pushi/vec4 1, 0, 4;
    %cmp/u;
    %jmp/1 T_17.1, 6;
    %dup/vec4;
    %pushi/vec4 2, 0, 4;
    %cmp/u;
    %jmp/1 T_17.2, 6;
    %dup/vec4;
    %pushi/vec4 4, 0, 4;
    %cmp/u;
    %jmp/1 T_17.3, 6;
    %dup/vec4;
    %pushi/vec4 3, 0, 4;
    %cmp/u;
    %jmp/1 T_17.4, 6;
    %dup/vec4;
    %pushi/vec4 5, 0, 4;
    %cmp/u;
    %jmp/1 T_17.5, 6;
    %dup/vec4;
    %pushi/vec4 6, 0, 4;
    %cmp/u;
    %jmp/1 T_17.6, 6;
    %dup/vec4;
    %pushi/vec4 7, 0, 4;
    %cmp/u;
    %jmp/1 T_17.7, 6;
    %dup/vec4;
    %pushi/vec4 8, 0, 4;
    %cmp/u;
    %jmp/1 T_17.8, 6;
    %dup/vec4;
    %pushi/vec4 9, 0, 4;
    %cmp/u;
    %jmp/1 T_17.9, 6;
    %jmp T_17.10;
T_17.0 ;
    %pushi/vec4 0, 0, 32; draw_string_vec4
    %pushi/vec4 0, 0, 32; draw_string_vec4
    %concat/vec4; draw_string_vec4
    %pushi/vec4 0, 0, 32; draw_string_vec4
    %concat/vec4; draw_string_vec4
    %pushi/vec4 0, 0, 32; draw_string_vec4
    %concat/vec4; draw_string_vec4
    %pushi/vec4 0, 0, 32; draw_string_vec4
    %concat/vec4; draw_string_vec4
    %pushi/vec4 0, 0, 32; draw_string_vec4
    %concat/vec4; draw_string_vec4
    %pushi/vec4 0, 0, 32; draw_string_vec4
    %concat/vec4; draw_string_vec4
    %pushi/vec4 0, 0, 32; draw_string_vec4
    %concat/vec4; draw_string_vec4
    %pushi/vec4 83, 0, 32; draw_string_vec4
    %concat/vec4; draw_string_vec4
    %pushi/vec4 1413567060, 0, 32; draw_string_vec4
    %concat/vec4; draw_string_vec4
    %store/vec4 v0x7c88340_0, 0, 320;
    %jmp T_17.10;
T_17.1 ;
    %pushi/vec4 0, 0, 32; draw_string_vec4
    %pushi/vec4 0, 0, 32; draw_string_vec4
    %concat/vec4; draw_string_vec4
    %pushi/vec4 0, 0, 32; draw_string_vec4
    %concat/vec4; draw_string_vec4
    %pushi/vec4 0, 0, 32; draw_string_vec4
    %concat/vec4; draw_string_vec4
    %pushi/vec4 0, 0, 32; draw_string_vec4
    %concat/vec4; draw_string_vec4
    %pushi/vec4 0, 0, 32; draw_string_vec4
    %concat/vec4; draw_string_vec4
    %pushi/vec4 0, 0, 32; draw_string_vec4
    %concat/vec4; draw_string_vec4
    %pushi/vec4 71, 0, 32; draw_string_vec4
    %concat/vec4; draw_string_vec4
    %pushi/vec4 1163157328, 0, 32; draw_string_vec4
    %concat/vec4; draw_string_vec4
    %pushi/vec4 1230521676, 0, 32; draw_string_vec4
    %concat/vec4; draw_string_vec4
    %store/vec4 v0x7c88340_0, 0, 320;
    %jmp T_17.10;
T_17.2 ;
    %pushi/vec4 0, 0, 32; draw_string_vec4
    %pushi/vec4 0, 0, 32; draw_string_vec4
    %concat/vec4; draw_string_vec4
    %pushi/vec4 0, 0, 32; draw_string_vec4
    %concat/vec4; draw_string_vec4
    %pushi/vec4 0, 0, 32; draw_string_vec4
    %concat/vec4; draw_string_vec4
    %pushi/vec4 0, 0, 32; draw_string_vec4
    %concat/vec4; draw_string_vec4
    %pushi/vec4 0, 0, 32; draw_string_vec4
    %concat/vec4; draw_string_vec4
    %pushi/vec4 0, 0, 32; draw_string_vec4
    %concat/vec4; draw_string_vec4
    %pushi/vec4 0, 0, 32; draw_string_vec4
    %concat/vec4; draw_string_vec4
    %pushi/vec4 4804163, 0, 32; draw_string_vec4
    %concat/vec4; draw_string_vec4
    %pushi/vec4 1598246732, 0, 32; draw_string_vec4
    %concat/vec4; draw_string_vec4
    %store/vec4 v0x7c88340_0, 0, 320;
    %jmp T_17.10;
T_17.3 ;
    %pushi/vec4 0, 0, 32; draw_string_vec4
    %pushi/vec4 0, 0, 32; draw_string_vec4
    %concat/vec4; draw_string_vec4
    %pushi/vec4 0, 0, 32; draw_string_vec4
    %concat/vec4; draw_string_vec4
    %pushi/vec4 0, 0, 32; draw_string_vec4
    %concat/vec4; draw_string_vec4
    %pushi/vec4 0, 0, 32; draw_string_vec4
    %concat/vec4; draw_string_vec4
    %pushi/vec4 0, 0, 32; draw_string_vec4
    %concat/vec4; draw_string_vec4
    %pushi/vec4 0, 0, 32; draw_string_vec4
    %concat/vec4; draw_string_vec4
    %pushi/vec4 82, 0, 32; draw_string_vec4
    %concat/vec4; draw_string_vec4
    %pushi/vec4 1331126098, 0, 32; draw_string_vec4
    %concat/vec4; draw_string_vec4
    %pushi/vec4 1161905241, 0, 32; draw_string_vec4
    %concat/vec4; draw_string_vec4
    %store/vec4 v0x7c88340_0, 0, 320;
    %jmp T_17.10;
T_17.4 ;
    %pushi/vec4 0, 0, 32; draw_string_vec4
    %pushi/vec4 0, 0, 32; draw_string_vec4
    %concat/vec4; draw_string_vec4
    %pushi/vec4 0, 0, 32; draw_string_vec4
    %concat/vec4; draw_string_vec4
    %pushi/vec4 0, 0, 32; draw_string_vec4
    %concat/vec4; draw_string_vec4
    %pushi/vec4 0, 0, 32; draw_string_vec4
    %concat/vec4; draw_string_vec4
    %pushi/vec4 0, 0, 32; draw_string_vec4
    %concat/vec4; draw_string_vec4
    %pushi/vec4 0, 0, 32; draw_string_vec4
    %concat/vec4; draw_string_vec4
    %pushi/vec4 0, 0, 32; draw_string_vec4
    %concat/vec4; draw_string_vec4
    %pushi/vec4 1397050948, 0, 32; draw_string_vec4
    %concat/vec4; draw_string_vec4
    %pushi/vec4 1599229783, 0, 32; draw_string_vec4
    %concat/vec4; draw_string_vec4
    %store/vec4 v0x7c88340_0, 0, 320;
    %jmp T_17.10;
T_17.5 ;
    %pushi/vec4 0, 0, 32; draw_string_vec4
    %pushi/vec4 0, 0, 32; draw_string_vec4
    %concat/vec4; draw_string_vec4
    %pushi/vec4 0, 0, 32; draw_string_vec4
    %concat/vec4; draw_string_vec4
    %pushi/vec4 0, 0, 32; draw_string_vec4
    %concat/vec4; draw_string_vec4
    %pushi/vec4 0, 0, 32; draw_string_vec4
    %concat/vec4; draw_string_vec4
    %pushi/vec4 0, 0, 32; draw_string_vec4
    %concat/vec4; draw_string_vec4
    %pushi/vec4 0, 0, 32; draw_string_vec4
    %concat/vec4; draw_string_vec4
    %pushi/vec4 68, 0, 32; draw_string_vec4
    %concat/vec4; draw_string_vec4
    %pushi/vec4 1162625369, 0, 32; draw_string_vec4
    %concat/vec4; draw_string_vec4
    %pushi/vec4 1599229783, 0, 32; draw_string_vec4
    %concat/vec4; draw_string_vec4
    %store/vec4 v0x7c88340_0, 0, 320;
    %jmp T_17.10;
T_17.6 ;
    %pushi/vec4 0, 0, 32; draw_string_vec4
    %pushi/vec4 0, 0, 32; draw_string_vec4
    %concat/vec4; draw_string_vec4
    %pushi/vec4 0, 0, 32; draw_string_vec4
    %concat/vec4; draw_string_vec4
    %pushi/vec4 0, 0, 32; draw_string_vec4
    %concat/vec4; draw_string_vec4
    %pushi/vec4 0, 0, 32; draw_string_vec4
    %concat/vec4; draw_string_vec4
    %pushi/vec4 0, 0, 32; draw_string_vec4
    %concat/vec4; draw_string_vec4
    %pushi/vec4 0, 0, 32; draw_string_vec4
    %concat/vec4; draw_string_vec4
    %pushi/vec4 0, 0, 32; draw_string_vec4
    %concat/vec4; draw_string_vec4
    %pushi/vec4 4804163, 0, 32; draw_string_vec4
    %concat/vec4; draw_string_vec4
    %pushi/vec4 1599229783, 0, 32; draw_string_vec4
    %concat/vec4; draw_string_vec4
    %store/vec4 v0x7c88340_0, 0, 320;
    %jmp T_17.10;
T_17.7 ;
    %pushi/vec4 0, 0, 32; draw_string_vec4
    %pushi/vec4 0, 0, 32; draw_string_vec4
    %concat/vec4; draw_string_vec4
    %pushi/vec4 0, 0, 32; draw_string_vec4
    %concat/vec4; draw_string_vec4
    %pushi/vec4 0, 0, 32; draw_string_vec4
    %concat/vec4; draw_string_vec4
    %pushi/vec4 0, 0, 32; draw_string_vec4
    %concat/vec4; draw_string_vec4
    %pushi/vec4 0, 0, 32; draw_string_vec4
    %concat/vec4; draw_string_vec4
    %pushi/vec4 0, 0, 32; draw_string_vec4
    %concat/vec4; draw_string_vec4
    %pushi/vec4 5391681, 0, 32; draw_string_vec4
    %concat/vec4; draw_string_vec4
    %pushi/vec4 1146707782, 0, 32; draw_string_vec4
    %concat/vec4; draw_string_vec4
    %pushi/vec4 1380011333, 0, 32; draw_string_vec4
    %concat/vec4; draw_string_vec4
    %store/vec4 v0x7c88340_0, 0, 320;
    %jmp T_17.10;
T_17.8 ;
    %pushi/vec4 0, 0, 32; draw_string_vec4
    %pushi/vec4 0, 0, 32; draw_string_vec4
    %concat/vec4; draw_string_vec4
    %pushi/vec4 0, 0, 32; draw_string_vec4
    %concat/vec4; draw_string_vec4
    %pushi/vec4 0, 0, 32; draw_string_vec4
    %concat/vec4; draw_string_vec4
    %pushi/vec4 0, 0, 32; draw_string_vec4
    %concat/vec4; draw_string_vec4
    %pushi/vec4 0, 0, 32; draw_string_vec4
    %concat/vec4; draw_string_vec4
    %pushi/vec4 0, 0, 32; draw_string_vec4
    %concat/vec4; draw_string_vec4
    %pushi/vec4 0, 0, 32; draw_string_vec4
    %concat/vec4; draw_string_vec4
    %pushi/vec4 1313167444, 0, 32; draw_string_vec4
    %concat/vec4; draw_string_vec4
    %pushi/vec4 1598179668, 0, 32; draw_string_vec4
    %concat/vec4; draw_string_vec4
    %store/vec4 v0x7c88340_0, 0, 320;
    %jmp T_17.10;
T_17.9 ;
    %pushi/vec4 0, 0, 32; draw_string_vec4
    %pushi/vec4 0, 0, 32; draw_string_vec4
    %concat/vec4; draw_string_vec4
    %pushi/vec4 0, 0, 32; draw_string_vec4
    %concat/vec4; draw_string_vec4
    %pushi/vec4 0, 0, 32; draw_string_vec4
    %concat/vec4; draw_string_vec4
    %pushi/vec4 0, 0, 32; draw_string_vec4
    %concat/vec4; draw_string_vec4
    %pushi/vec4 0, 0, 32; draw_string_vec4
    %concat/vec4; draw_string_vec4
    %pushi/vec4 0, 0, 32; draw_string_vec4
    %concat/vec4; draw_string_vec4
    %pushi/vec4 20037, 0, 32; draw_string_vec4
    %concat/vec4; draw_string_vec4
    %pushi/vec4 1481924420, 0, 32; draw_string_vec4
    %concat/vec4; draw_string_vec4
    %pushi/vec4 1162625369, 0, 32; draw_string_vec4
    %concat/vec4; draw_string_vec4
    %store/vec4 v0x7c88340_0, 0, 320;
    %jmp T_17.10;
T_17.10 ;
    %pop/vec4 1;
    %jmp T_17;
    .thread T_17, $push;
    .scope S_0x7c82430;
T_18 ;
    %wait E_0x7c68160;
    %load/vec4 v0x7c8b900_0;
    %flag_set/vec4 8;
    %jmp/0xz  T_18.0, 8;
    %pushi/vec4 0, 0, 5;
    %assign/vec4 v0x7c8b260_0, 0;
    %pushi/vec4 0, 0, 1;
    %assign/vec4 v0x7c8b1c0_0, 0;
    %jmp T_18.1;
T_18.0 ;
    %load/vec4 v0x7c8b260_0;
    %pad/u 32;
    %cmpi/e 2, 0, 32;
    %jmp/0xz  T_18.2, 4;
    %load/vec4 v0x7c8b1c0_0;
    %inv;
    %assign/vec4 v0x7c8b1c0_0, 0;
    %pushi/vec4 0, 0, 5;
    %assign/vec4 v0x7c8b260_0, 0;
    %jmp T_18.3;
T_18.2 ;
    %load/vec4 v0x7c8b260_0;
    %addi 1, 0, 5;
    %assign/vec4 v0x7c8b260_0, 0;
T_18.3 ;
T_18.1 ;
    %jmp T_18;
    .thread T_18;
    .scope S_0x7c42c50;
T_19 ;
    %pushi/vec4 0, 0, 1;
    %store/vec4 v0x7c8ceb0_0, 0, 1;
    %pushi/vec4 0, 0, 1;
    %store/vec4 v0x7c8cff0_0, 0, 1;
    %pushi/vec4 0, 0, 1;
    %store/vec4 v0x7c8cf50_0, 0, 1;
    %end;
    .thread T_19;
    .scope S_0x7c42c50;
T_20 ;
    %pushi/vec4 0, 0, 1;
    %assign/vec4 v0x7c8ceb0_0, 0;
    %end;
    .thread T_20;
    .scope S_0x7c42c50;
T_21 ;
    %delay 10000, 0;
    %load/vec4 v0x7c8ceb0_0;
    %inv;
    %assign/vec4 v0x7c8ceb0_0, 0;
    %jmp T_21;
    .thread T_21;
    .scope S_0x7c42c50;
T_22 ;
    %wait E_0x7c68160;
    %pushi/vec4 1, 0, 1;
    %store/vec4 v0x7c8cff0_0, 0, 1;
    %wait E_0x7c68160;
    %pushi/vec4 0, 0, 1;
    %store/vec4 v0x7c8cff0_0, 0, 1;
    %delay 80000, 0;
    %pushi/vec4 1, 0, 1;
    %store/vec4 v0x7c8cf50_0, 0, 1;
    %end;
    .thread T_22;
    .scope S_0x7c42c50;
T_23 ;
    %fork t_1, S_0x7c82210;
    %jmp t_0;
    .scope S_0x7c82210;
t_1 ;
    %delay 2000000, 0;
    %wait E_0x7c68160;
    %pushi/vec4 1, 0, 1;
    %force/vec4 v0x7c8a1e0_0;
    %pushi/vec4 100, 0, 11;
    %force/vec4 v0x7c89c20_0;
    %pushi/vec4 4, 0, 12;
    %force/vec4 v0x7c8a100_0;
    %wait E_0x7c68160;
    %release/net v0x7c8a1e0_0, 0, 1;
    %release/net v0x7c89c20_0, 0, 11;
    %release/net v0x7c8a100_0, 0, 12;
    %delay 200000, 0;
    %wait E_0x7c68160;
    %pushi/vec4 1, 0, 1;
    %force/vec4 v0x7c89f60_0;
    %pushi/vec4 100, 0, 11;
    %force/vec4 v0x7c89c20_0;
    %wait E_0x7c68160;
    %wait E_0x7c68160;
    %release/net v0x7c89f60_0, 0, 1;
    %release/net v0x7c89c20_0, 0, 11;
    %end;
    .scope S_0x7c42c50;
t_0 %join;
    %end;
    .thread T_23;
    .scope S_0x7c42c50;
T_24 ;
    %fork t_3, S_0x7c82060;
    %jmp t_2;
    .scope S_0x7c82060;
t_3 ;
    %vpi_call 4 79 "$dumpfile", "led_panel_4k_TB.vcd" {0 0 0};
    %vpi_call 4 80 "$dumpvars", 32'sb00000000000000000000000000000000, S_0x7c42c50 {0 0 0};
    %delay 2820130816, 4;
    %vpi_call 4 81 "$finish" {0 0 0};
    %end;
    .scope S_0x7c42c50;
t_2 %join;
    %end;
    .thread T_24;
# The file index is used to find the file name in the following table.
:file_names 12;
    "N/A";
    "<interactive>";
    "Mouse_to_screen.v";
    "mult.v";
    "led_panel_4k_TB.v";
    "led_panel_4k.v";
    "count.v";
    "comp.v";
    "ctrl_lp4k.v";
    "lsr_led.v";
    "memory_V2.v";
    "mux_led.v";
# EOF
