Reading netlist file: "/home/arielo/repos/Digital_P/Proyecto_Paint/Conexion_PS2/PS2_to_screen/Mouse_to_screen/Led_panel_12bpp/impl/gwsynthesis/project.vg"
Parsing netlist file "/home/arielo/repos/Digital_P/Proyecto_Paint/Conexion_PS2/PS2_to_screen/Mouse_to_screen/Led_panel_12bpp/impl/gwsynthesis/project.vg" completed
Processing netlist completed
Reading constraint file: "/home/arielo/repos/Digital_P/Proyecto_Paint/Conexion_PS2/PS2_to_screen/Mouse_to_screen/Led_panel_12bpp/sipeed_tang_primer_25k.cst"
ERROR  (CT1135) : "/home/arielo/repos/Digital_P/Proyecto_Paint/Conexion_PS2/PS2_to_screen/Mouse_to_screen/Led_panel_12bpp/sipeed_tang_primer_25k.cst":3 | Can't find object named 'rst'
ERROR  (CT1135) : "/home/arielo/repos/Digital_P/Proyecto_Paint/Conexion_PS2/PS2_to_screen/Mouse_to_screen/Led_panel_12bpp/sipeed_tang_primer_25k.cst":4 | Can't find object named 'rst'
ERROR  (CT1135) : "/home/arielo/repos/Digital_P/Proyecto_Paint/Conexion_PS2/PS2_to_screen/Mouse_to_screen/Led_panel_12bpp/sipeed_tang_primer_25k.cst":7 | Can't find object named 'LP_CLK'
ERROR  (CT1135) : "/home/arielo/repos/Digital_P/Proyecto_Paint/Conexion_PS2/PS2_to_screen/Mouse_to_screen/Led_panel_12bpp/sipeed_tang_primer_25k.cst":8 | Can't find object named 'LP_CLK'
ERROR  (CT1135) : "/home/arielo/repos/Digital_P/Proyecto_Paint/Conexion_PS2/PS2_to_screen/Mouse_to_screen/Led_panel_12bpp/sipeed_tang_primer_25k.cst":9 | Can't find object named 'LATCH'
ERROR  (CT1135) : "/home/arielo/repos/Digital_P/Proyecto_Paint/Conexion_PS2/PS2_to_screen/Mouse_to_screen/Led_panel_12bpp/sipeed_tang_primer_25k.cst":10 | Can't find object named 'LATCH'
ERROR  (CT1135) : "/home/arielo/repos/Digital_P/Proyecto_Paint/Conexion_PS2/PS2_to_screen/Mouse_to_screen/Led_panel_12bpp/sipeed_tang_primer_25k.cst":11 | Can't find object named 'NOE'
ERROR  (CT1135) : "/home/arielo/repos/Digital_P/Proyecto_Paint/Conexion_PS2/PS2_to_screen/Mouse_to_screen/Led_panel_12bpp/sipeed_tang_primer_25k.cst":12 | Can't find object named 'NOE'
ERROR  (CT1135) : "/home/arielo/repos/Digital_P/Proyecto_Paint/Conexion_PS2/PS2_to_screen/Mouse_to_screen/Led_panel_12bpp/sipeed_tang_primer_25k.cst":14 | Can't find object named 'ROW[0]'
ERROR  (CT1135) : "/home/arielo/repos/Digital_P/Proyecto_Paint/Conexion_PS2/PS2_to_screen/Mouse_to_screen/Led_panel_12bpp/sipeed_tang_primer_25k.cst":15 | Can't find object named 'ROW[0]'
ERROR  (CT1135) : "/home/arielo/repos/Digital_P/Proyecto_Paint/Conexion_PS2/PS2_to_screen/Mouse_to_screen/Led_panel_12bpp/sipeed_tang_primer_25k.cst":16 | Can't find object named 'ROW[1]'
ERROR  (CT1135) : "/home/arielo/repos/Digital_P/Proyecto_Paint/Conexion_PS2/PS2_to_screen/Mouse_to_screen/Led_panel_12bpp/sipeed_tang_primer_25k.cst":17 | Can't find object named 'ROW[1]'
ERROR  (CT1135) : "/home/arielo/repos/Digital_P/Proyecto_Paint/Conexion_PS2/PS2_to_screen/Mouse_to_screen/Led_panel_12bpp/sipeed_tang_primer_25k.cst":18 | Can't find object named 'ROW[2]'
ERROR  (CT1135) : "/home/arielo/repos/Digital_P/Proyecto_Paint/Conexion_PS2/PS2_to_screen/Mouse_to_screen/Led_panel_12bpp/sipeed_tang_primer_25k.cst":19 | Can't find object named 'ROW[2]'
ERROR  (CT1135) : "/home/arielo/repos/Digital_P/Proyecto_Paint/Conexion_PS2/PS2_to_screen/Mouse_to_screen/Led_panel_12bpp/sipeed_tang_primer_25k.cst":20 | Can't find object named 'ROW[3]'
ERROR  (CT1135) : "/home/arielo/repos/Digital_P/Proyecto_Paint/Conexion_PS2/PS2_to_screen/Mouse_to_screen/Led_panel_12bpp/sipeed_tang_primer_25k.cst":21 | Can't find object named 'ROW[3]'
ERROR  (CT1135) : "/home/arielo/repos/Digital_P/Proyecto_Paint/Conexion_PS2/PS2_to_screen/Mouse_to_screen/Led_panel_12bpp/sipeed_tang_primer_25k.cst":22 | Can't find object named 'ROW[4]'
ERROR  (CT1135) : "/home/arielo/repos/Digital_P/Proyecto_Paint/Conexion_PS2/PS2_to_screen/Mouse_to_screen/Led_panel_12bpp/sipeed_tang_primer_25k.cst":23 | Can't find object named 'ROW[4]'
ERROR  (CT1135) : "/home/arielo/repos/Digital_P/Proyecto_Paint/Conexion_PS2/PS2_to_screen/Mouse_to_screen/Led_panel_12bpp/sipeed_tang_primer_25k.cst":25 | Can't find object named 'RGB0[0]'
ERROR  (CT1135) : "/home/arielo/repos/Digital_P/Proyecto_Paint/Conexion_PS2/PS2_to_screen/Mouse_to_screen/Led_panel_12bpp/sipeed_tang_primer_25k.cst":26 | Can't find object named 'RGB0[0]'
ERROR  (CT1135) : "/home/arielo/repos/Digital_P/Proyecto_Paint/Conexion_PS2/PS2_to_screen/Mouse_to_screen/Led_panel_12bpp/sipeed_tang_primer_25k.cst":27 | Can't find object named 'RGB0[1]'
ERROR  (CT1135) : "/home/arielo/repos/Digital_P/Proyecto_Paint/Conexion_PS2/PS2_to_screen/Mouse_to_screen/Led_panel_12bpp/sipeed_tang_primer_25k.cst":28 | Can't find object named 'RGB0[1]'
ERROR  (CT1135) : "/home/arielo/repos/Digital_P/Proyecto_Paint/Conexion_PS2/PS2_to_screen/Mouse_to_screen/Led_panel_12bpp/sipeed_tang_primer_25k.cst":29 | Can't find object named 'RGB0[2]'
ERROR  (CT1135) : "/home/arielo/repos/Digital_P/Proyecto_Paint/Conexion_PS2/PS2_to_screen/Mouse_to_screen/Led_panel_12bpp/sipeed_tang_primer_25k.cst":30 | Can't find object named 'RGB0[2]'
ERROR  (CT1135) : "/home/arielo/repos/Digital_P/Proyecto_Paint/Conexion_PS2/PS2_to_screen/Mouse_to_screen/Led_panel_12bpp/sipeed_tang_primer_25k.cst":31 | Can't find object named 'RGB1[0]'
ERROR  (CT1135) : "/home/arielo/repos/Digital_P/Proyecto_Paint/Conexion_PS2/PS2_to_screen/Mouse_to_screen/Led_panel_12bpp/sipeed_tang_primer_25k.cst":32 | Can't find object named 'RGB1[0]'
ERROR  (CT1135) : "/home/arielo/repos/Digital_P/Proyecto_Paint/Conexion_PS2/PS2_to_screen/Mouse_to_screen/Led_panel_12bpp/sipeed_tang_primer_25k.cst":33 | Can't find object named 'RGB1[1]'
ERROR  (CT1135) : "/home/arielo/repos/Digital_P/Proyecto_Paint/Conexion_PS2/PS2_to_screen/Mouse_to_screen/Led_panel_12bpp/sipeed_tang_primer_25k.cst":34 | Can't find object named 'RGB1[1]'
ERROR  (CT1135) : "/home/arielo/repos/Digital_P/Proyecto_Paint/Conexion_PS2/PS2_to_screen/Mouse_to_screen/Led_panel_12bpp/sipeed_tang_primer_25k.cst":35 | Can't find object named 'RGB1[2]'
ERROR  (CT1135) : "/home/arielo/repos/Digital_P/Proyecto_Paint/Conexion_PS2/PS2_to_screen/Mouse_to_screen/Led_panel_12bpp/sipeed_tang_primer_25k.cst":36 | Can't find object named 'RGB1[2]'
Physical Constraint parsed completed with errors
