GowinSynthesis start
Running parser ...
Analyzing Verilog file '/home/arielo/repos/Digital_P/Proyecto_Paint/Conexion_PS2/PS2_to_screen/Mouse_to_screen/Led_panel_12bpp/count.v'
Analyzing Verilog file '/home/arielo/repos/Digital_P/Proyecto_Paint/Conexion_PS2/PS2_to_screen/Mouse_to_screen/Led_panel_12bpp/ctrl_lp4k.v'
Analyzing Verilog file '/home/arielo/repos/Digital_P/Proyecto_Paint/Conexion_PS2/PS2_to_screen/Mouse_to_screen/Led_panel_12bpp/led_panel_4k.v'
Undeclared symbol 'PX_CLK_EN', assumed default net type 'wire'("/home/arielo/repos/Digital_P/Proyecto_Paint/Conexion_PS2/PS2_to_screen/Mouse_to_screen/Led_panel_12bpp/led_panel_4k.v":92)
Analyzing Verilog file '/home/arielo/repos/Digital_P/Proyecto_Paint/Conexion_PS2/PS2_to_screen/Mouse_to_screen/Led_panel_12bpp/memory_V2.v'
Analyzing Verilog file '/home/arielo/repos/Digital_P/Proyecto_Paint/Conexion_PS2/PS2_to_screen/Mouse_to_screen/Led_panel_12bpp/comp.v'
Analyzing Verilog file '/home/arielo/repos/Digital_P/Proyecto_Paint/Conexion_PS2/PS2_to_screen/Mouse_to_screen/Led_panel_12bpp/lsr_led.v'
Analyzing Verilog file '/home/arielo/repos/Digital_P/Proyecto_Paint/Conexion_PS2/PS2_to_screen/Mouse_to_screen/Led_panel_12bpp/mux_led.v'
Analyzing Verilog file '/home/arielo/repos/Digital_P/Proyecto_Paint/Conexion_PS2/PS2_to_screen/Mouse_to_screen/Led_panel_12bpp/Mouse_to_screen.v'
Analyzing Verilog file '/home/arielo/repos/Digital_P/Proyecto_Paint/Conexion_PS2/PS2_to_screen/Mouse_to_screen/Led_panel_12bpp/mult.v'
Compiling module 'Mouse_to_screen'("/home/arielo/repos/Digital_P/Proyecto_Paint/Conexion_PS2/PS2_to_screen/Mouse_to_screen/Led_panel_12bpp/Mouse_to_screen.v":1)
WARN  (EX3791) : Expression size 9 truncated to fit in target size 7("/home/arielo/repos/Digital_P/Proyecto_Paint/Conexion_PS2/PS2_to_screen/Mouse_to_screen/Led_panel_12bpp/Mouse_to_screen.v":38)
WARN  (EX3791) : Expression size 9 truncated to fit in target size 7("/home/arielo/repos/Digital_P/Proyecto_Paint/Conexion_PS2/PS2_to_screen/Mouse_to_screen/Led_panel_12bpp/Mouse_to_screen.v":45)
WARN  (EX3791) : Expression size 32 truncated to fit in target size 7("/home/arielo/repos/Digital_P/Proyecto_Paint/Conexion_PS2/PS2_to_screen/Mouse_to_screen/Led_panel_12bpp/Mouse_to_screen.v":50)
Compiling module 'mult'("/home/arielo/repos/Digital_P/Proyecto_Paint/Conexion_PS2/PS2_to_screen/Mouse_to_screen/Led_panel_12bpp/mult.v":1)
WARN  (EX3791) : Expression size 6 truncated to fit in target size 5("/home/arielo/repos/Digital_P/Proyecto_Paint/Conexion_PS2/PS2_to_screen/Mouse_to_screen/Led_panel_12bpp/mult.v":83)
NOTE  (EX0101) : Current top module is "Mouse_to_screen"
[5%] Running netlist conversion ...
Running device independent optimization ...
[10%] Optimizing Phase 0 completed
[15%] Optimizing Phase 1 completed
[25%] Optimizing Phase 2 completed
Running inference ...
[30%] Inferring Phase 0 completed
[40%] Inferring Phase 1 completed
[50%] Inferring Phase 2 completed
[55%] Inferring Phase 3 completed
Running technical mapping ...
[60%] Tech-Mapping Phase 0 completed
[65%] Tech-Mapping Phase 1 completed
[75%] Tech-Mapping Phase 2 completed
[80%] Tech-Mapping Phase 3 completed
[90%] Tech-Mapping Phase 4 completed
[95%] Generate netlist file "/home/arielo/repos/Digital_P/Proyecto_Paint/Conexion_PS2/PS2_to_screen/Mouse_to_screen/Led_panel_12bpp/impl/gwsynthesis/project.vg" completed
[100%] Generate report file "/home/arielo/repos/Digital_P/Proyecto_Paint/Conexion_PS2/PS2_to_screen/Mouse_to_screen/Led_panel_12bpp/impl/gwsynthesis/project_syn.rpt.html" completed
GowinSynthesis finish
