#! /usr/bin/vvp
:ivl_version "12.0 (stable)";
:ivl_delay_selection "TYPICAL";
:vpi_time_precision - 12;
:vpi_module "/usr/lib/x86_64-linux-gnu/ivl/system.vpi";
:vpi_module "/usr/lib/x86_64-linux-gnu/ivl/vhdl_sys.vpi";
:vpi_module "/usr/lib/x86_64-linux-gnu/ivl/vhdl_textio.vpi";
:vpi_module "/usr/lib/x86_64-linux-gnu/ivl/v2005_math.vpi";
:vpi_module "/usr/lib/x86_64-linux-gnu/ivl/va_math.vpi";
S_0x5af2b52031a0 .scope module, "peripheral_bcd_to_bin_TB" "peripheral_bcd_to_bin_TB" 2 4;
 .timescale -9 -12;
P_0x5af2b52244a0 .param/l "PERIOD" 0 2 25, +C4<00000000000000000000000000010100>;
L_0x73251bf57018 .functor BUFT 1, C4<0000>, C4<0>, C4<0>, C4<0>;
v0x5af2b526c2a0_0 .net *"_ivl_3", 3 0, L_0x73251bf57018;  1 drivers
v0x5af2b526c3a0_0 .var "addr", 4 0;
v0x5af2b526c460_0 .var "clk", 0 0;
v0x5af2b526c500_0 .var "cs", 0 0;
v0x5af2b526c5a0_0 .var "d_in", 15 0;
v0x5af2b526c640_0 .net "d_out", 31 0, v0x5af2b526bc30_0;  1 drivers
v0x5af2b526c6e0_0 .var "rd", 0 0;
v0x5af2b526c780_0 .var "reset", 0 0;
v0x5af2b526c820_0 .var "wr", 0 0;
E_0x5af2b5218d00 .event posedge, v0x5af2b5266e60_0;
L_0x5af2b526e7a0 .concat [ 16 4 0 0], v0x5af2b526c5a0_0, L_0x73251bf57018;
S_0x5af2b523b7b0 .scope begin, "TEST_CASE" "TEST_CASE" 2 79, 2 79 0, S_0x5af2b52031a0;
 .timescale -9 -12;
S_0x5af2b523a120 .scope module, "uut" "peripheral_bcd_to_bin" 2 14, 3 1 0, S_0x5af2b52031a0;
 .timescale -9 -12;
    .port_info 0 /INPUT 1 "clk";
    .port_info 1 /INPUT 1 "reset";
    .port_info 2 /INPUT 20 "d_in";
    .port_info 3 /INPUT 1 "cs";
    .port_info 4 /INPUT 5 "addr";
    .port_info 5 /INPUT 1 "rd";
    .port_info 6 /INPUT 1 "wr";
    .port_info 7 /OUTPUT 32 "d_out";
v0x5af2b526b760_0 .net "addr", 4 0, v0x5af2b526c3a0_0;  1 drivers
v0x5af2b526b860_0 .var "bcd_in", 19 0;
v0x5af2b526b970_0 .net "bin", 15 0, L_0x5af2b526e5e0;  1 drivers
v0x5af2b526ba10_0 .net "clk", 0 0, v0x5af2b526c460_0;  1 drivers
v0x5af2b526bab0_0 .net "cs", 0 0, v0x5af2b526c500_0;  1 drivers
v0x5af2b526bb50_0 .net "d_in", 19 0, L_0x5af2b526e7a0;  1 drivers
v0x5af2b526bc30_0 .var "d_out", 31 0;
v0x5af2b526bd10_0 .net "done", 0 0, v0x5af2b5266e60_0;  1 drivers
v0x5af2b526be00_0 .var "init", 0 0;
v0x5af2b526bea0_0 .net "rd", 0 0, v0x5af2b526c6e0_0;  1 drivers
v0x5af2b526bf60_0 .net "reset", 0 0, v0x5af2b526c780_0;  1 drivers
v0x5af2b526c000_0 .var "s", 4 0;
v0x5af2b526c0e0_0 .net "wr", 0 0, v0x5af2b526c820_0;  1 drivers
E_0x5af2b5216e30 .event posedge, v0x5af2b5266030_0;
E_0x5af2b51f1330 .event anyedge, v0x5af2b526bab0_0, v0x5af2b526b760_0;
S_0x5af2b5238a90 .scope module, "bcd2bin0" "bcd_to_bin_16" 3 62, 4 1 0, S_0x5af2b523a120;
 .timescale -9 -12;
    .port_info 0 /INPUT 1 "clk";
    .port_info 1 /INPUT 1 "rst";
    .port_info 2 /INPUT 1 "init";
    .port_info 3 /INPUT 20 "bcd";
    .port_info 4 /OUTPUT 16 "bin";
    .port_info 5 /OUTPUT 1 "done";
L_0x5af2b526d250 .functor AND 1, L_0x5af2b526d180, v0x5af2b5267480_0, C4<1>, C4<1>;
L_0x5af2b526d5d0 .functor AND 1, L_0x5af2b526d490, v0x5af2b5267480_0, C4<1>, C4<1>;
L_0x5af2b526d560 .functor AND 1, L_0x5af2b526d8f0, v0x5af2b5267480_0, C4<1>, C4<1>;
L_0x5af2b526ddf0 .functor AND 1, L_0x5af2b526dc80, v0x5af2b5267480_0, C4<1>, C4<1>;
L_0x5af2b526e110 .functor AND 1, L_0x5af2b526dd50, v0x5af2b5267480_0, C4<1>, C4<1>;
v0x5af2b526a230_0 .net *"_ivl_26", 0 0, L_0x5af2b526d180;  1 drivers
v0x5af2b526a330_0 .net *"_ivl_34", 0 0, L_0x5af2b526d490;  1 drivers
v0x5af2b526a410_0 .net *"_ivl_42", 0 0, L_0x5af2b526d8f0;  1 drivers
v0x5af2b526a4d0_0 .net *"_ivl_50", 0 0, L_0x5af2b526dc80;  1 drivers
v0x5af2b526a5b0_0 .net *"_ivl_58", 0 0, L_0x5af2b526dd50;  1 drivers
v0x5af2b526a6e0_0 .net *"_ivl_62", 15 0, L_0x5af2b526e1b0;  1 drivers
v0x5af2b526a7c0_0 .net "bcd", 19 0, v0x5af2b526b860_0;  1 drivers
v0x5af2b526a880_0 .net "bin", 15 0, L_0x5af2b526e5e0;  alias, 1 drivers
v0x5af2b526a940_0 .net "cent", 3 0, v0x5af2b5269210_0;  1 drivers
v0x5af2b526aa30_0 .net "clk", 0 0, v0x5af2b526c460_0;  alias, 1 drivers
v0x5af2b526aad0_0 .net "dece", 3 0, v0x5af2b5269890_0;  1 drivers
v0x5af2b526aba0_0 .net "dmill", 3 0, v0x5af2b5268590_0;  1 drivers
v0x5af2b526ac70_0 .net "done", 0 0, v0x5af2b5266e60_0;  alias, 1 drivers
v0x5af2b526ad40_0 .net "init", 0 0, v0x5af2b526be00_0;  1 drivers
v0x5af2b526ade0_0 .net "mill", 3 0, v0x5af2b5268b90_0;  1 drivers
v0x5af2b526aeb0_0 .net "rst", 0 0, v0x5af2b526c780_0;  alias, 1 drivers
v0x5af2b526af50_0 .net "unit", 3 0, v0x5af2b5269f10_0;  1 drivers
v0x5af2b526b020_0 .net "w_A", 35 0, v0x5af2b5267a40_0;  1 drivers
v0x5af2b526b0f0_0 .net "w_A_next", 35 0, L_0x5af2b526e310;  1 drivers
v0x5af2b526b1c0_0 .net "w_dec", 0 0, v0x5af2b5266dc0_0;  1 drivers
v0x5af2b526b260_0 .net "w_ge5", 4 0, L_0x5af2b526ce20;  1 drivers
v0x5af2b526b300_0 .net "w_sel_sub", 4 0, v0x5af2b5267160_0;  1 drivers
v0x5af2b526b3d0_0 .net "w_sh", 0 0, v0x5af2b52673c0_0;  1 drivers
v0x5af2b526b4c0_0 .net "w_sub", 0 0, v0x5af2b5267480_0;  1 drivers
v0x5af2b526b5b0_0 .net "w_z", 0 0, v0x5af2b5266460_0;  1 drivers
L_0x5af2b526c980 .part v0x5af2b5267a40_0, 32, 4;
L_0x5af2b526ca50 .part v0x5af2b5267a40_0, 28, 4;
L_0x5af2b526caf0 .part v0x5af2b5267a40_0, 24, 4;
L_0x5af2b526cc50 .part v0x5af2b5267a40_0, 20, 4;
L_0x5af2b526cd50 .part v0x5af2b5267a40_0, 16, 4;
LS_0x5af2b526ce20_0_0 .concat8 [ 1 1 1 1], v0x5af2b5265cd0_0, v0x5af2b52657c0_0, v0x5af2b5220730_0, v0x5af2b523ea50_0;
LS_0x5af2b526ce20_0_4 .concat8 [ 1 0 0 0], v0x5af2b523bb40_0;
L_0x5af2b526ce20 .concat8 [ 4 1 0 0], LS_0x5af2b526ce20_0_0, LS_0x5af2b526ce20_0_4;
L_0x5af2b526cfc0 .part v0x5af2b5267a40_0, 32, 4;
L_0x5af2b526d060 .part L_0x5af2b526ce20, 4, 1;
L_0x5af2b526d180 .part v0x5af2b5267160_0, 4, 1;
L_0x5af2b526d2c0 .part v0x5af2b5267a40_0, 28, 4;
L_0x5af2b526d3c0 .part L_0x5af2b526ce20, 3, 1;
L_0x5af2b526d490 .part v0x5af2b5267160_0, 3, 1;
L_0x5af2b526d700 .part v0x5af2b5267a40_0, 24, 4;
L_0x5af2b526d7a0 .part L_0x5af2b526ce20, 2, 1;
L_0x5af2b526d8f0 .part v0x5af2b5267160_0, 2, 1;
L_0x5af2b526da80 .part v0x5af2b5267a40_0, 20, 4;
L_0x5af2b526dbb0 .part L_0x5af2b526ce20, 1, 1;
L_0x5af2b526dc80 .part v0x5af2b5267160_0, 1, 1;
L_0x5af2b526dec0 .part v0x5af2b5267a40_0, 16, 4;
L_0x5af2b526df60 .part L_0x5af2b526ce20, 0, 1;
L_0x5af2b526dd50 .part v0x5af2b5267160_0, 0, 1;
L_0x5af2b526e1b0 .part v0x5af2b5267a40_0, 0, 16;
LS_0x5af2b526e310_0_0 .concat [ 16 4 4 4], L_0x5af2b526e1b0, v0x5af2b5269f10_0, v0x5af2b5269890_0, v0x5af2b5269210_0;
LS_0x5af2b526e310_0_4 .concat [ 4 4 0 0], v0x5af2b5268b90_0, v0x5af2b5268590_0;
L_0x5af2b526e310 .concat [ 28 8 0 0], LS_0x5af2b526e310_0_0, LS_0x5af2b526e310_0_4;
L_0x5af2b526e5e0 .part v0x5af2b5267a40_0, 0, 16;
S_0x5af2b5237400 .scope module, "c0" "comp_digit" 4 23, 5 1 0, S_0x5af2b5238a90;
 .timescale -9 -12;
    .port_info 0 /INPUT 4 "digit";
    .port_info 1 /OUTPUT 1 "ge5";
v0x5af2b52453d0_0 .net "digit", 3 0, L_0x5af2b526c980;  1 drivers
v0x5af2b523bb40_0 .var "ge5", 0 0;
E_0x5af2b524a160 .event anyedge, v0x5af2b52453d0_0;
S_0x5af2b5264d40 .scope module, "c1" "comp_digit" 4 24, 5 1 0, S_0x5af2b5238a90;
 .timescale -9 -12;
    .port_info 0 /INPUT 4 "digit";
    .port_info 1 /OUTPUT 1 "ge5";
v0x5af2b523c6b0_0 .net "digit", 3 0, L_0x5af2b526ca50;  1 drivers
v0x5af2b523ea50_0 .var "ge5", 0 0;
E_0x5af2b5264f60 .event anyedge, v0x5af2b523c6b0_0;
S_0x5af2b52650c0 .scope module, "c2" "comp_digit" 4 25, 5 1 0, S_0x5af2b5238a90;
 .timescale -9 -12;
    .port_info 0 /INPUT 4 "digit";
    .port_info 1 /OUTPUT 1 "ge5";
v0x5af2b523eb20_0 .net "digit", 3 0, L_0x5af2b526caf0;  1 drivers
v0x5af2b5220730_0 .var "ge5", 0 0;
E_0x5af2b52652e0 .event anyedge, v0x5af2b523eb20_0;
S_0x5af2b5265420 .scope module, "c3" "comp_digit" 4 26, 5 1 0, S_0x5af2b5238a90;
 .timescale -9 -12;
    .port_info 0 /INPUT 4 "digit";
    .port_info 1 /OUTPUT 1 "ge5";
v0x5af2b52656c0_0 .net "digit", 3 0, L_0x5af2b526cc50;  1 drivers
v0x5af2b52657c0_0 .var "ge5", 0 0;
E_0x5af2b5265640 .event anyedge, v0x5af2b52656c0_0;
S_0x5af2b52658e0 .scope module, "c4" "comp_digit" 4 27, 5 1 0, S_0x5af2b5238a90;
 .timescale -9 -12;
    .port_info 0 /INPUT 4 "digit";
    .port_info 1 /OUTPUT 1 "ge5";
v0x5af2b5265bd0_0 .net "digit", 3 0, L_0x5af2b526cd50;  1 drivers
v0x5af2b5265cd0_0 .var "ge5", 0 0;
E_0x5af2b5265b50 .event anyedge, v0x5af2b5265bd0_0;
S_0x5af2b5265df0 .scope module, "cnt0" "counter" 4 37, 6 1 0, S_0x5af2b5238a90;
 .timescale -9 -12;
    .port_info 0 /INPUT 1 "clk";
    .port_info 1 /INPUT 1 "rst";
    .port_info 2 /INPUT 1 "init";
    .port_info 3 /INPUT 1 "dec";
    .port_info 4 /OUTPUT 1 "z";
v0x5af2b5266030_0 .net "clk", 0 0, v0x5af2b526c460_0;  alias, 1 drivers
v0x5af2b5266110_0 .var "count", 4 0;
v0x5af2b52661f0_0 .net "dec", 0 0, v0x5af2b5266dc0_0;  alias, 1 drivers
v0x5af2b5266290_0 .net "init", 0 0, v0x5af2b526be00_0;  alias, 1 drivers
v0x5af2b5266350_0 .net "rst", 0 0, v0x5af2b526c780_0;  alias, 1 drivers
v0x5af2b5266460_0 .var "z", 0 0;
E_0x5af2b5265fd0 .event posedge, v0x5af2b5266350_0, v0x5af2b5266030_0;
S_0x5af2b52665c0 .scope module, "control0" "control_bcd_to_bin" 4 38, 7 1 0, S_0x5af2b5238a90;
 .timescale -9 -12;
    .port_info 0 /INPUT 1 "clk";
    .port_info 1 /INPUT 1 "rst";
    .port_info 2 /INPUT 1 "init";
    .port_info 3 /INPUT 1 "z";
    .port_info 4 /INPUT 5 "ge5";
    .port_info 5 /OUTPUT 1 "w_sh";
    .port_info 6 /OUTPUT 1 "w_sub";
    .port_info 7 /OUTPUT 1 "dec";
    .port_info 8 /OUTPUT 1 "done";
    .port_info 9 /OUTPUT 5 "sel_sub";
P_0x5af2b52667a0 .param/l "CHECK" 0 7 16, C4<010>;
P_0x5af2b52667e0 .param/l "END1" 0 7 18, C4<100>;
P_0x5af2b5266820 .param/l "SHIFT" 0 7 15, C4<001>;
P_0x5af2b5266860 .param/l "START" 0 7 14, C4<000>;
P_0x5af2b52668a0 .param/l "SUB" 0 7 17, C4<011>;
v0x5af2b5266d00_0 .net "clk", 0 0, v0x5af2b526c460_0;  alias, 1 drivers
v0x5af2b5266dc0_0 .var "dec", 0 0;
v0x5af2b5266e60_0 .var "done", 0 0;
v0x5af2b5266f00_0 .net "ge5", 4 0, L_0x5af2b526ce20;  alias, 1 drivers
v0x5af2b5266fa0_0 .net "init", 0 0, v0x5af2b526be00_0;  alias, 1 drivers
v0x5af2b5267090_0 .net "rst", 0 0, v0x5af2b526c780_0;  alias, 1 drivers
v0x5af2b5267160_0 .var "sel_sub", 4 0;
v0x5af2b5267200_0 .var "state", 2 0;
v0x5af2b52672e0_0 .var "state_name", 160 1;
v0x5af2b52673c0_0 .var "w_sh", 0 0;
v0x5af2b5267480_0 .var "w_sub", 0 0;
v0x5af2b5267540_0 .net "z", 0 0, v0x5af2b5266460_0;  alias, 1 drivers
E_0x5af2b5266c40 .event anyedge, v0x5af2b5267200_0;
E_0x5af2b5266ca0 .event anyedge, v0x5af2b5267200_0, v0x5af2b5266f00_0;
S_0x5af2b5267790 .scope module, "rsr0" "rsr" 4 35, 8 1 0, S_0x5af2b5238a90;
 .timescale -9 -12;
    .port_info 0 /INPUT 1 "clk";
    .port_info 1 /INPUT 1 "rst";
    .port_info 2 /INPUT 1 "init";
    .port_info 3 /INPUT 1 "sh";
    .port_info 4 /INPUT 1 "sub";
    .port_info 5 /INPUT 20 "bcd";
    .port_info 6 /INPUT 36 "A_in";
    .port_info 7 /OUTPUT 36 "A";
v0x5af2b5267a40_0 .var "A", 35 0;
v0x5af2b5267b40_0 .net "A_in", 35 0, L_0x5af2b526e310;  alias, 1 drivers
v0x5af2b5267c20_0 .net "bcd", 19 0, v0x5af2b526b860_0;  alias, 1 drivers
v0x5af2b5267d10_0 .net "clk", 0 0, v0x5af2b526c460_0;  alias, 1 drivers
v0x5af2b5267e00_0 .net "init", 0 0, v0x5af2b526be00_0;  alias, 1 drivers
v0x5af2b5267f40_0 .net "rst", 0 0, v0x5af2b526c780_0;  alias, 1 drivers
v0x5af2b5268030_0 .net "sh", 0 0, v0x5af2b52673c0_0;  alias, 1 drivers
v0x5af2b52680d0_0 .net "sub", 0 0, v0x5af2b5267480_0;  alias, 1 drivers
S_0x5af2b5268280 .scope module, "s0" "sub_digit" 4 29, 9 1 0, S_0x5af2b5238a90;
 .timescale -9 -12;
    .port_info 0 /INPUT 4 "digit";
    .port_info 1 /INPUT 1 "ge5";
    .port_info 2 /INPUT 1 "sub";
    .port_info 3 /OUTPUT 4 "digit_out";
v0x5af2b5268490_0 .net "digit", 3 0, L_0x5af2b526cfc0;  1 drivers
v0x5af2b5268590_0 .var "digit_out", 3 0;
v0x5af2b5268670_0 .net "ge5", 0 0, L_0x5af2b526d060;  1 drivers
v0x5af2b5268710_0 .net "sub", 0 0, L_0x5af2b526d250;  1 drivers
E_0x5af2b5268410 .event anyedge, v0x5af2b5268710_0, v0x5af2b5268670_0, v0x5af2b5268490_0;
S_0x5af2b5268880 .scope module, "s1" "sub_digit" 4 30, 9 1 0, S_0x5af2b5238a90;
 .timescale -9 -12;
    .port_info 0 /INPUT 4 "digit";
    .port_info 1 /INPUT 1 "ge5";
    .port_info 2 /INPUT 1 "sub";
    .port_info 3 /OUTPUT 4 "digit_out";
v0x5af2b5268a90_0 .net "digit", 3 0, L_0x5af2b526d2c0;  1 drivers
v0x5af2b5268b90_0 .var "digit_out", 3 0;
v0x5af2b5268c70_0 .net "ge5", 0 0, L_0x5af2b526d3c0;  1 drivers
v0x5af2b5268d40_0 .net "sub", 0 0, L_0x5af2b526d5d0;  1 drivers
E_0x5af2b5268a10 .event anyedge, v0x5af2b5268d40_0, v0x5af2b5268c70_0, v0x5af2b5268a90_0;
S_0x5af2b5268eb0 .scope module, "s2" "sub_digit" 4 31, 9 1 0, S_0x5af2b5238a90;
 .timescale -9 -12;
    .port_info 0 /INPUT 4 "digit";
    .port_info 1 /INPUT 1 "ge5";
    .port_info 2 /INPUT 1 "sub";
    .port_info 3 /OUTPUT 4 "digit_out";
v0x5af2b5269110_0 .net "digit", 3 0, L_0x5af2b526d700;  1 drivers
v0x5af2b5269210_0 .var "digit_out", 3 0;
v0x5af2b52692f0_0 .net "ge5", 0 0, L_0x5af2b526d7a0;  1 drivers
v0x5af2b52693c0_0 .net "sub", 0 0, L_0x5af2b526d560;  1 drivers
E_0x5af2b5269090 .event anyedge, v0x5af2b52693c0_0, v0x5af2b52692f0_0, v0x5af2b5269110_0;
S_0x5af2b5269530 .scope module, "s3" "sub_digit" 4 32, 9 1 0, S_0x5af2b5238a90;
 .timescale -9 -12;
    .port_info 0 /INPUT 4 "digit";
    .port_info 1 /INPUT 1 "ge5";
    .port_info 2 /INPUT 1 "sub";
    .port_info 3 /OUTPUT 4 "digit_out";
v0x5af2b5269790_0 .net "digit", 3 0, L_0x5af2b526da80;  1 drivers
v0x5af2b5269890_0 .var "digit_out", 3 0;
v0x5af2b5269970_0 .net "ge5", 0 0, L_0x5af2b526dbb0;  1 drivers
v0x5af2b5269a40_0 .net "sub", 0 0, L_0x5af2b526ddf0;  1 drivers
E_0x5af2b5269710 .event anyedge, v0x5af2b5269a40_0, v0x5af2b5269970_0, v0x5af2b5269790_0;
S_0x5af2b5269bb0 .scope module, "s4" "sub_digit" 4 33, 9 1 0, S_0x5af2b5238a90;
 .timescale -9 -12;
    .port_info 0 /INPUT 4 "digit";
    .port_info 1 /INPUT 1 "ge5";
    .port_info 2 /INPUT 1 "sub";
    .port_info 3 /OUTPUT 4 "digit_out";
v0x5af2b5269e10_0 .net "digit", 3 0, L_0x5af2b526dec0;  1 drivers
v0x5af2b5269f10_0 .var "digit_out", 3 0;
v0x5af2b5269ff0_0 .net "ge5", 0 0, L_0x5af2b526df60;  1 drivers
v0x5af2b526a0c0_0 .net "sub", 0 0, L_0x5af2b526e110;  1 drivers
E_0x5af2b5269d90 .event anyedge, v0x5af2b526a0c0_0, v0x5af2b5269ff0_0, v0x5af2b5269e10_0;
    .scope S_0x5af2b5237400;
T_0 ;
    %wait E_0x5af2b524a160;
    %load/vec4 v0x5af2b52453d0_0;
    %cmpi/u 4, 0, 4;
    %flag_or 5, 4; GT is !LE
    %flag_inv 5;
    %jmp/0xz  T_0.0, 5;
    %pushi/vec4 1, 0, 1;
    %store/vec4 v0x5af2b523bb40_0, 0, 1;
    %jmp T_0.1;
T_0.0 ;
    %pushi/vec4 0, 0, 1;
    %store/vec4 v0x5af2b523bb40_0, 0, 1;
T_0.1 ;
    %jmp T_0;
    .thread T_0, $push;
    .scope S_0x5af2b5264d40;
T_1 ;
    %wait E_0x5af2b5264f60;
    %load/vec4 v0x5af2b523c6b0_0;
    %cmpi/u 4, 0, 4;
    %flag_or 5, 4; GT is !LE
    %flag_inv 5;
    %jmp/0xz  T_1.0, 5;
    %pushi/vec4 1, 0, 1;
    %store/vec4 v0x5af2b523ea50_0, 0, 1;
    %jmp T_1.1;
T_1.0 ;
    %pushi/vec4 0, 0, 1;
    %store/vec4 v0x5af2b523ea50_0, 0, 1;
T_1.1 ;
    %jmp T_1;
    .thread T_1, $push;
    .scope S_0x5af2b52650c0;
T_2 ;
    %wait E_0x5af2b52652e0;
    %load/vec4 v0x5af2b523eb20_0;
    %cmpi/u 4, 0, 4;
    %flag_or 5, 4; GT is !LE
    %flag_inv 5;
    %jmp/0xz  T_2.0, 5;
    %pushi/vec4 1, 0, 1;
    %store/vec4 v0x5af2b5220730_0, 0, 1;
    %jmp T_2.1;
T_2.0 ;
    %pushi/vec4 0, 0, 1;
    %store/vec4 v0x5af2b5220730_0, 0, 1;
T_2.1 ;
    %jmp T_2;
    .thread T_2, $push;
    .scope S_0x5af2b5265420;
T_3 ;
    %wait E_0x5af2b5265640;
    %load/vec4 v0x5af2b52656c0_0;
    %cmpi/u 4, 0, 4;
    %flag_or 5, 4; GT is !LE
    %flag_inv 5;
    %jmp/0xz  T_3.0, 5;
    %pushi/vec4 1, 0, 1;
    %store/vec4 v0x5af2b52657c0_0, 0, 1;
    %jmp T_3.1;
T_3.0 ;
    %pushi/vec4 0, 0, 1;
    %store/vec4 v0x5af2b52657c0_0, 0, 1;
T_3.1 ;
    %jmp T_3;
    .thread T_3, $push;
    .scope S_0x5af2b52658e0;
T_4 ;
    %wait E_0x5af2b5265b50;
    %load/vec4 v0x5af2b5265bd0_0;
    %cmpi/u 4, 0, 4;
    %flag_or 5, 4; GT is !LE
    %flag_inv 5;
    %jmp/0xz  T_4.0, 5;
    %pushi/vec4 1, 0, 1;
    %store/vec4 v0x5af2b5265cd0_0, 0, 1;
    %jmp T_4.1;
T_4.0 ;
    %pushi/vec4 0, 0, 1;
    %store/vec4 v0x5af2b5265cd0_0, 0, 1;
T_4.1 ;
    %jmp T_4;
    .thread T_4, $push;
    .scope S_0x5af2b5268280;
T_5 ;
    %wait E_0x5af2b5268410;
    %load/vec4 v0x5af2b5268710_0;
    %flag_set/vec4 9;
    %flag_get/vec4 9;
    %jmp/0 T_5.2, 9;
    %load/vec4 v0x5af2b5268670_0;
    %and;
T_5.2;
    %flag_set/vec4 8;
    %jmp/0xz  T_5.0, 8;
    %load/vec4 v0x5af2b5268490_0;
    %subi 3, 0, 4;
    %store/vec4 v0x5af2b5268590_0, 0, 4;
    %jmp T_5.1;
T_5.0 ;
    %load/vec4 v0x5af2b5268490_0;
    %store/vec4 v0x5af2b5268590_0, 0, 4;
T_5.1 ;
    %jmp T_5;
    .thread T_5, $push;
    .scope S_0x5af2b5268880;
T_6 ;
    %wait E_0x5af2b5268a10;
    %load/vec4 v0x5af2b5268d40_0;
    %flag_set/vec4 9;
    %flag_get/vec4 9;
    %jmp/0 T_6.2, 9;
    %load/vec4 v0x5af2b5268c70_0;
    %and;
T_6.2;
    %flag_set/vec4 8;
    %jmp/0xz  T_6.0, 8;
    %load/vec4 v0x5af2b5268a90_0;
    %subi 3, 0, 4;
    %store/vec4 v0x5af2b5268b90_0, 0, 4;
    %jmp T_6.1;
T_6.0 ;
    %load/vec4 v0x5af2b5268a90_0;
    %store/vec4 v0x5af2b5268b90_0, 0, 4;
T_6.1 ;
    %jmp T_6;
    .thread T_6, $push;
    .scope S_0x5af2b5268eb0;
T_7 ;
    %wait E_0x5af2b5269090;
    %load/vec4 v0x5af2b52693c0_0;
    %flag_set/vec4 9;
    %flag_get/vec4 9;
    %jmp/0 T_7.2, 9;
    %load/vec4 v0x5af2b52692f0_0;
    %and;
T_7.2;
    %flag_set/vec4 8;
    %jmp/0xz  T_7.0, 8;
    %load/vec4 v0x5af2b5269110_0;
    %subi 3, 0, 4;
    %store/vec4 v0x5af2b5269210_0, 0, 4;
    %jmp T_7.1;
T_7.0 ;
    %load/vec4 v0x5af2b5269110_0;
    %store/vec4 v0x5af2b5269210_0, 0, 4;
T_7.1 ;
    %jmp T_7;
    .thread T_7, $push;
    .scope S_0x5af2b5269530;
T_8 ;
    %wait E_0x5af2b5269710;
    %load/vec4 v0x5af2b5269a40_0;
    %flag_set/vec4 9;
    %flag_get/vec4 9;
    %jmp/0 T_8.2, 9;
    %load/vec4 v0x5af2b5269970_0;
    %and;
T_8.2;
    %flag_set/vec4 8;
    %jmp/0xz  T_8.0, 8;
    %load/vec4 v0x5af2b5269790_0;
    %subi 3, 0, 4;
    %store/vec4 v0x5af2b5269890_0, 0, 4;
    %jmp T_8.1;
T_8.0 ;
    %load/vec4 v0x5af2b5269790_0;
    %store/vec4 v0x5af2b5269890_0, 0, 4;
T_8.1 ;
    %jmp T_8;
    .thread T_8, $push;
    .scope S_0x5af2b5269bb0;
T_9 ;
    %wait E_0x5af2b5269d90;
    %load/vec4 v0x5af2b526a0c0_0;
    %flag_set/vec4 9;
    %flag_get/vec4 9;
    %jmp/0 T_9.2, 9;
    %load/vec4 v0x5af2b5269ff0_0;
    %and;
T_9.2;
    %flag_set/vec4 8;
    %jmp/0xz  T_9.0, 8;
    %load/vec4 v0x5af2b5269e10_0;
    %subi 3, 0, 4;
    %store/vec4 v0x5af2b5269f10_0, 0, 4;
    %jmp T_9.1;
T_9.0 ;
    %load/vec4 v0x5af2b5269e10_0;
    %store/vec4 v0x5af2b5269f10_0, 0, 4;
T_9.1 ;
    %jmp T_9;
    .thread T_9, $push;
    .scope S_0x5af2b5267790;
T_10 ;
    %wait E_0x5af2b5265fd0;
    %load/vec4 v0x5af2b5267f40_0;
    %flag_set/vec4 8;
    %jmp/0xz  T_10.0, 8;
    %pushi/vec4 0, 0, 36;
    %assign/vec4 v0x5af2b5267a40_0, 0;
    %jmp T_10.1;
T_10.0 ;
    %load/vec4 v0x5af2b5267e00_0;
    %flag_set/vec4 8;
    %jmp/0xz  T_10.2, 8;
    %load/vec4 v0x5af2b5267c20_0;
    %concati/vec4 0, 0, 16;
    %assign/vec4 v0x5af2b5267a40_0, 0;
    %jmp T_10.3;
T_10.2 ;
    %load/vec4 v0x5af2b52680d0_0;
    %flag_set/vec4 8;
    %jmp/0xz  T_10.4, 8;
    %load/vec4 v0x5af2b5267b40_0;
    %assign/vec4 v0x5af2b5267a40_0, 0;
    %jmp T_10.5;
T_10.4 ;
    %load/vec4 v0x5af2b5268030_0;
    %flag_set/vec4 8;
    %jmp/0xz  T_10.6, 8;
    %load/vec4 v0x5af2b5267a40_0;
    %ix/load 4, 1, 0;
    %flag_set/imm 4, 0;
    %shiftr 4;
    %assign/vec4 v0x5af2b5267a40_0, 0;
T_10.6 ;
T_10.5 ;
T_10.3 ;
T_10.1 ;
    %jmp T_10;
    .thread T_10;
    .scope S_0x5af2b5265df0;
T_11 ;
    %wait E_0x5af2b5265fd0;
    %load/vec4 v0x5af2b5266350_0;
    %flag_set/vec4 8;
    %jmp/0xz  T_11.0, 8;
    %pushi/vec4 16, 0, 5;
    %assign/vec4 v0x5af2b5266110_0, 0;
    %pushi/vec4 0, 0, 1;
    %assign/vec4 v0x5af2b5266460_0, 0;
    %jmp T_11.1;
T_11.0 ;
    %load/vec4 v0x5af2b5266290_0;
    %flag_set/vec4 8;
    %jmp/0xz  T_11.2, 8;
    %pushi/vec4 16, 0, 5;
    %assign/vec4 v0x5af2b5266110_0, 0;
    %pushi/vec4 0, 0, 1;
    %assign/vec4 v0x5af2b5266460_0, 0;
    %jmp T_11.3;
T_11.2 ;
    %load/vec4 v0x5af2b52661f0_0;
    %flag_set/vec4 8;
    %jmp/0xz  T_11.4, 8;
    %load/vec4 v0x5af2b5266110_0;
    %pushi/vec4 1, 0, 5;
    %cmp/e;
    %flag_get/vec4 4;
    %assign/vec4 v0x5af2b5266460_0, 0;
    %load/vec4 v0x5af2b5266110_0;
    %subi 1, 0, 5;
    %assign/vec4 v0x5af2b5266110_0, 0;
T_11.4 ;
T_11.3 ;
T_11.1 ;
    %jmp T_11;
    .thread T_11;
    .scope S_0x5af2b52665c0;
T_12 ;
    %wait E_0x5af2b5265fd0;
    %load/vec4 v0x5af2b5267090_0;
    %flag_set/vec4 8;
    %jmp/0xz  T_12.0, 8;
    %pushi/vec4 0, 0, 3;
    %assign/vec4 v0x5af2b5267200_0, 0;
    %jmp T_12.1;
T_12.0 ;
    %load/vec4 v0x5af2b5267200_0;
    %dup/vec4;
    %pushi/vec4 0, 0, 3;
    %cmp/u;
    %jmp/1 T_12.2, 6;
    %dup/vec4;
    %pushi/vec4 1, 0, 3;
    %cmp/u;
    %jmp/1 T_12.3, 6;
    %dup/vec4;
    %pushi/vec4 2, 0, 3;
    %cmp/u;
    %jmp/1 T_12.4, 6;
    %dup/vec4;
    %pushi/vec4 3, 0, 3;
    %cmp/u;
    %jmp/1 T_12.5, 6;
    %dup/vec4;
    %pushi/vec4 4, 0, 3;
    %cmp/u;
    %jmp/1 T_12.6, 6;
    %pushi/vec4 0, 0, 3;
    %assign/vec4 v0x5af2b5267200_0, 0;
    %jmp T_12.8;
T_12.2 ;
    %load/vec4 v0x5af2b5266fa0_0;
    %flag_set/vec4 8;
    %jmp/0xz  T_12.9, 8;
    %pushi/vec4 1, 0, 3;
    %assign/vec4 v0x5af2b5267200_0, 0;
    %jmp T_12.10;
T_12.9 ;
    %pushi/vec4 0, 0, 3;
    %assign/vec4 v0x5af2b5267200_0, 0;
T_12.10 ;
    %jmp T_12.8;
T_12.3 ;
    %pushi/vec4 2, 0, 3;
    %assign/vec4 v0x5af2b5267200_0, 0;
    %jmp T_12.8;
T_12.4 ;
    %pushi/vec4 3, 0, 3;
    %assign/vec4 v0x5af2b5267200_0, 0;
    %jmp T_12.8;
T_12.5 ;
    %load/vec4 v0x5af2b5267540_0;
    %flag_set/vec4 8;
    %jmp/0xz  T_12.11, 8;
    %pushi/vec4 4, 0, 3;
    %assign/vec4 v0x5af2b5267200_0, 0;
    %jmp T_12.12;
T_12.11 ;
    %pushi/vec4 1, 0, 3;
    %assign/vec4 v0x5af2b5267200_0, 0;
T_12.12 ;
    %jmp T_12.8;
T_12.6 ;
    %pushi/vec4 0, 0, 3;
    %assign/vec4 v0x5af2b5267200_0, 0;
    %jmp T_12.8;
T_12.8 ;
    %pop/vec4 1;
T_12.1 ;
    %jmp T_12;
    .thread T_12;
    .scope S_0x5af2b52665c0;
T_13 ;
    %wait E_0x5af2b5266ca0;
    %load/vec4 v0x5af2b5267200_0;
    %dup/vec4;
    %pushi/vec4 0, 0, 3;
    %cmp/u;
    %jmp/1 T_13.0, 6;
    %dup/vec4;
    %pushi/vec4 1, 0, 3;
    %cmp/u;
    %jmp/1 T_13.1, 6;
    %dup/vec4;
    %pushi/vec4 2, 0, 3;
    %cmp/u;
    %jmp/1 T_13.2, 6;
    %dup/vec4;
    %pushi/vec4 3, 0, 3;
    %cmp/u;
    %jmp/1 T_13.3, 6;
    %dup/vec4;
    %pushi/vec4 4, 0, 3;
    %cmp/u;
    %jmp/1 T_13.4, 6;
    %jmp T_13.5;
T_13.0 ;
    %pushi/vec4 0, 0, 1;
    %store/vec4 v0x5af2b5266e60_0, 0, 1;
    %pushi/vec4 0, 0, 1;
    %store/vec4 v0x5af2b52673c0_0, 0, 1;
    %pushi/vec4 0, 0, 1;
    %store/vec4 v0x5af2b5267480_0, 0, 1;
    %pushi/vec4 0, 0, 1;
    %store/vec4 v0x5af2b5266dc0_0, 0, 1;
    %pushi/vec4 0, 0, 5;
    %store/vec4 v0x5af2b5267160_0, 0, 5;
    %jmp T_13.5;
T_13.1 ;
    %pushi/vec4 0, 0, 1;
    %store/vec4 v0x5af2b5266e60_0, 0, 1;
    %pushi/vec4 1, 0, 1;
    %store/vec4 v0x5af2b52673c0_0, 0, 1;
    %pushi/vec4 0, 0, 1;
    %store/vec4 v0x5af2b5267480_0, 0, 1;
    %pushi/vec4 1, 0, 1;
    %store/vec4 v0x5af2b5266dc0_0, 0, 1;
    %pushi/vec4 0, 0, 5;
    %store/vec4 v0x5af2b5267160_0, 0, 5;
    %jmp T_13.5;
T_13.2 ;
    %pushi/vec4 0, 0, 1;
    %store/vec4 v0x5af2b5266e60_0, 0, 1;
    %pushi/vec4 0, 0, 1;
    %store/vec4 v0x5af2b52673c0_0, 0, 1;
    %pushi/vec4 0, 0, 1;
    %store/vec4 v0x5af2b5267480_0, 0, 1;
    %pushi/vec4 0, 0, 1;
    %store/vec4 v0x5af2b5266dc0_0, 0, 1;
    %load/vec4 v0x5af2b5266f00_0;
    %store/vec4 v0x5af2b5267160_0, 0, 5;
    %jmp T_13.5;
T_13.3 ;
    %pushi/vec4 0, 0, 1;
    %store/vec4 v0x5af2b5266e60_0, 0, 1;
    %pushi/vec4 0, 0, 1;
    %store/vec4 v0x5af2b52673c0_0, 0, 1;
    %pushi/vec4 1, 0, 1;
    %store/vec4 v0x5af2b5267480_0, 0, 1;
    %pushi/vec4 0, 0, 1;
    %store/vec4 v0x5af2b5266dc0_0, 0, 1;
    %load/vec4 v0x5af2b5266f00_0;
    %store/vec4 v0x5af2b5267160_0, 0, 5;
    %jmp T_13.5;
T_13.4 ;
    %pushi/vec4 1, 0, 1;
    %store/vec4 v0x5af2b5266e60_0, 0, 1;
    %pushi/vec4 0, 0, 1;
    %store/vec4 v0x5af2b52673c0_0, 0, 1;
    %pushi/vec4 0, 0, 1;
    %store/vec4 v0x5af2b5267480_0, 0, 1;
    %pushi/vec4 0, 0, 1;
    %store/vec4 v0x5af2b5266dc0_0, 0, 1;
    %pushi/vec4 0, 0, 5;
    %store/vec4 v0x5af2b5267160_0, 0, 5;
    %jmp T_13.5;
T_13.5 ;
    %pop/vec4 1;
    %jmp T_13;
    .thread T_13, $push;
    .scope S_0x5af2b52665c0;
T_14 ;
    %wait E_0x5af2b5266c40;
    %load/vec4 v0x5af2b5267200_0;
    %dup/vec4;
    %pushi/vec4 0, 0, 3;
    %cmp/u;
    %jmp/1 T_14.0, 6;
    %dup/vec4;
    %pushi/vec4 1, 0, 3;
    %cmp/u;
    %jmp/1 T_14.1, 6;
    %dup/vec4;
    %pushi/vec4 2, 0, 3;
    %cmp/u;
    %jmp/1 T_14.2, 6;
    %dup/vec4;
    %pushi/vec4 3, 0, 3;
    %cmp/u;
    %jmp/1 T_14.3, 6;
    %dup/vec4;
    %pushi/vec4 4, 0, 3;
    %cmp/u;
    %jmp/1 T_14.4, 6;
    %jmp T_14.5;
T_14.0 ;
    %pushi/vec4 0, 0, 32; draw_string_vec4
    %pushi/vec4 0, 0, 32; draw_string_vec4
    %concat/vec4; draw_string_vec4
    %pushi/vec4 0, 0, 32; draw_string_vec4
    %concat/vec4; draw_string_vec4
    %pushi/vec4 83, 0, 32; draw_string_vec4
    %concat/vec4; draw_string_vec4
    %pushi/vec4 1413567060, 0, 32; draw_string_vec4
    %concat/vec4; draw_string_vec4
    %store/vec4 v0x5af2b52672e0_0, 0, 160;
    %jmp T_14.5;
T_14.1 ;
    %pushi/vec4 0, 0, 32; draw_string_vec4
    %pushi/vec4 0, 0, 32; draw_string_vec4
    %concat/vec4; draw_string_vec4
    %pushi/vec4 0, 0, 32; draw_string_vec4
    %concat/vec4; draw_string_vec4
    %pushi/vec4 83, 0, 32; draw_string_vec4
    %concat/vec4; draw_string_vec4
    %pushi/vec4 1212761684, 0, 32; draw_string_vec4
    %concat/vec4; draw_string_vec4
    %store/vec4 v0x5af2b52672e0_0, 0, 160;
    %jmp T_14.5;
T_14.2 ;
    %pushi/vec4 0, 0, 32; draw_string_vec4
    %pushi/vec4 0, 0, 32; draw_string_vec4
    %concat/vec4; draw_string_vec4
    %pushi/vec4 0, 0, 32; draw_string_vec4
    %concat/vec4; draw_string_vec4
    %pushi/vec4 67, 0, 32; draw_string_vec4
    %concat/vec4; draw_string_vec4
    %pushi/vec4 1212498763, 0, 32; draw_string_vec4
    %concat/vec4; draw_string_vec4
    %store/vec4 v0x5af2b52672e0_0, 0, 160;
    %jmp T_14.5;
T_14.3 ;
    %pushi/vec4 0, 0, 32; draw_string_vec4
    %pushi/vec4 0, 0, 32; draw_string_vec4
    %concat/vec4; draw_string_vec4
    %pushi/vec4 0, 0, 32; draw_string_vec4
    %concat/vec4; draw_string_vec4
    %pushi/vec4 0, 0, 32; draw_string_vec4
    %concat/vec4; draw_string_vec4
    %pushi/vec4 5461314, 0, 32; draw_string_vec4
    %concat/vec4; draw_string_vec4
    %store/vec4 v0x5af2b52672e0_0, 0, 160;
    %jmp T_14.5;
T_14.4 ;
    %pushi/vec4 0, 0, 32; draw_string_vec4
    %pushi/vec4 0, 0, 32; draw_string_vec4
    %concat/vec4; draw_string_vec4
    %pushi/vec4 0, 0, 32; draw_string_vec4
    %concat/vec4; draw_string_vec4
    %pushi/vec4 0, 0, 32; draw_string_vec4
    %concat/vec4; draw_string_vec4
    %pushi/vec4 1162757169, 0, 32; draw_string_vec4
    %concat/vec4; draw_string_vec4
    %store/vec4 v0x5af2b52672e0_0, 0, 160;
    %jmp T_14.5;
T_14.5 ;
    %pop/vec4 1;
    %jmp T_14;
    .thread T_14, $push;
    .scope S_0x5af2b523a120;
T_15 ;
    %wait E_0x5af2b51f1330;
    %load/vec4 v0x5af2b526bab0_0;
    %flag_set/vec4 8;
    %jmp/0xz  T_15.0, 8;
    %load/vec4 v0x5af2b526b760_0;
    %dup/vec4;
    %pushi/vec4 4, 0, 5;
    %cmp/u;
    %jmp/1 T_15.2, 6;
    %dup/vec4;
    %pushi/vec4 12, 0, 5;
    %cmp/u;
    %jmp/1 T_15.3, 6;
    %dup/vec4;
    %pushi/vec4 16, 0, 5;
    %cmp/u;
    %jmp/1 T_15.4, 6;
    %dup/vec4;
    %pushi/vec4 20, 0, 5;
    %cmp/u;
    %jmp/1 T_15.5, 6;
    %pushi/vec4 0, 0, 5;
    %store/vec4 v0x5af2b526c000_0, 0, 5;
    %jmp T_15.7;
T_15.2 ;
    %pushi/vec4 1, 0, 5;
    %store/vec4 v0x5af2b526c000_0, 0, 5;
    %jmp T_15.7;
T_15.3 ;
    %pushi/vec4 2, 0, 5;
    %store/vec4 v0x5af2b526c000_0, 0, 5;
    %jmp T_15.7;
T_15.4 ;
    %pushi/vec4 4, 0, 5;
    %store/vec4 v0x5af2b526c000_0, 0, 5;
    %jmp T_15.7;
T_15.5 ;
    %pushi/vec4 8, 0, 5;
    %store/vec4 v0x5af2b526c000_0, 0, 5;
    %jmp T_15.7;
T_15.7 ;
    %pop/vec4 1;
    %jmp T_15.1;
T_15.0 ;
    %pushi/vec4 0, 0, 5;
    %store/vec4 v0x5af2b526c000_0, 0, 5;
T_15.1 ;
    %jmp T_15;
    .thread T_15, $push;
    .scope S_0x5af2b523a120;
T_16 ;
    %wait E_0x5af2b5216e30;
    %load/vec4 v0x5af2b526bf60_0;
    %flag_set/vec4 8;
    %jmp/0xz  T_16.0, 8;
    %pushi/vec4 0, 0, 1;
    %store/vec4 v0x5af2b526be00_0, 0, 1;
    %pushi/vec4 0, 0, 20;
    %store/vec4 v0x5af2b526b860_0, 0, 20;
    %jmp T_16.1;
T_16.0 ;
    %load/vec4 v0x5af2b526bab0_0;
    %flag_set/vec4 9;
    %flag_get/vec4 9;
    %jmp/0 T_16.4, 9;
    %load/vec4 v0x5af2b526c0e0_0;
    %and;
T_16.4;
    %flag_set/vec4 8;
    %jmp/0xz  T_16.2, 8;
    %load/vec4 v0x5af2b526c000_0;
    %parti/s 1, 0, 2;
    %flag_set/vec4 8;
    %jmp/0 T_16.5, 8;
    %load/vec4 v0x5af2b526bb50_0;
    %jmp/1 T_16.6, 8;
T_16.5 ; End of true expr.
    %load/vec4 v0x5af2b526b860_0;
    %jmp/0 T_16.6, 8;
 ; End of false expr.
    %blend;
T_16.6;
    %store/vec4 v0x5af2b526b860_0, 0, 20;
    %load/vec4 v0x5af2b526c000_0;
    %parti/s 1, 1, 2;
    %flag_set/vec4 8;
    %jmp/0 T_16.7, 8;
    %load/vec4 v0x5af2b526bb50_0;
    %parti/s 1, 0, 2;
    %jmp/1 T_16.8, 8;
T_16.7 ; End of true expr.
    %load/vec4 v0x5af2b526be00_0;
    %jmp/0 T_16.8, 8;
 ; End of false expr.
    %blend;
T_16.8;
    %store/vec4 v0x5af2b526be00_0, 0, 1;
T_16.2 ;
T_16.1 ;
    %jmp T_16;
    .thread T_16;
    .scope S_0x5af2b523a120;
T_17 ;
    %wait E_0x5af2b5216e30;
    %load/vec4 v0x5af2b526bf60_0;
    %flag_set/vec4 8;
    %jmp/0xz  T_17.0, 8;
    %pushi/vec4 0, 0, 32;
    %store/vec4 v0x5af2b526bc30_0, 0, 32;
    %jmp T_17.1;
T_17.0 ;
    %load/vec4 v0x5af2b526bab0_0;
    %flag_set/vec4 9;
    %flag_get/vec4 9;
    %jmp/0 T_17.4, 9;
    %load/vec4 v0x5af2b526bea0_0;
    %and;
T_17.4;
    %flag_set/vec4 8;
    %jmp/0xz  T_17.2, 8;
    %load/vec4 v0x5af2b526c000_0;
    %dup/vec4;
    %pushi/vec4 4, 0, 5;
    %cmp/u;
    %jmp/1 T_17.5, 6;
    %dup/vec4;
    %pushi/vec4 8, 0, 5;
    %cmp/u;
    %jmp/1 T_17.6, 6;
    %pushi/vec4 0, 0, 32;
    %store/vec4 v0x5af2b526bc30_0, 0, 32;
    %jmp T_17.8;
T_17.5 ;
    %pushi/vec4 0, 0, 16;
    %load/vec4 v0x5af2b526b970_0;
    %concat/vec4; draw_concat_vec4
    %store/vec4 v0x5af2b526bc30_0, 0, 32;
    %jmp T_17.8;
T_17.6 ;
    %pushi/vec4 0, 0, 31;
    %load/vec4 v0x5af2b526bd10_0;
    %concat/vec4; draw_concat_vec4
    %store/vec4 v0x5af2b526bc30_0, 0, 32;
    %jmp T_17.8;
T_17.8 ;
    %pop/vec4 1;
T_17.2 ;
T_17.1 ;
    %jmp T_17;
    .thread T_17;
    .scope S_0x5af2b52031a0;
T_18 ;
    %pushi/vec4 0, 0, 1;
    %store/vec4 v0x5af2b526c460_0, 0, 1;
    %pushi/vec4 0, 0, 1;
    %store/vec4 v0x5af2b526c780_0, 0, 1;
    %pushi/vec4 0, 0, 16;
    %store/vec4 v0x5af2b526c5a0_0, 0, 16;
    %pushi/vec4 0, 0, 5;
    %store/vec4 v0x5af2b526c3a0_0, 0, 5;
    %pushi/vec4 0, 0, 1;
    %store/vec4 v0x5af2b526c500_0, 0, 1;
    %pushi/vec4 0, 0, 1;
    %store/vec4 v0x5af2b526c6e0_0, 0, 1;
    %pushi/vec4 0, 0, 1;
    %store/vec4 v0x5af2b526c820_0, 0, 1;
    %end;
    .thread T_18;
    .scope S_0x5af2b52031a0;
T_19 ;
    %pushi/vec4 0, 0, 1;
    %assign/vec4 v0x5af2b526c460_0, 0;
    %end;
    .thread T_19;
    .scope S_0x5af2b52031a0;
T_20 ;
    %delay 10000, 0;
    %load/vec4 v0x5af2b526c460_0;
    %inv;
    %assign/vec4 v0x5af2b526c460_0, 0;
    %jmp T_20;
    .thread T_20;
    .scope S_0x5af2b52031a0;
T_21 ;
T_21.0 ;
    %wait E_0x5af2b5216e30;
    %pushi/vec4 1, 0, 1;
    %store/vec4 v0x5af2b526c780_0, 0, 1;
    %wait E_0x5af2b5216e30;
    %pushi/vec4 0, 0, 1;
    %store/vec4 v0x5af2b526c780_0, 0, 1;
    %delay 80000, 0;
    %pushi/vec4 1, 0, 1;
    %store/vec4 v0x5af2b526c500_0, 0, 1;
    %pushi/vec4 0, 0, 1;
    %store/vec4 v0x5af2b526c6e0_0, 0, 1;
    %pushi/vec4 1, 0, 1;
    %store/vec4 v0x5af2b526c820_0, 0, 1;
    %pushi/vec4 9029, 0, 16;
    %store/vec4 v0x5af2b526c5a0_0, 0, 16;
    %pushi/vec4 4, 0, 5;
    %store/vec4 v0x5af2b526c3a0_0, 0, 5;
    %delay 20000, 0;
    %pushi/vec4 0, 0, 1;
    %store/vec4 v0x5af2b526c500_0, 0, 1;
    %pushi/vec4 0, 0, 1;
    %store/vec4 v0x5af2b526c6e0_0, 0, 1;
    %pushi/vec4 0, 0, 1;
    %store/vec4 v0x5af2b526c820_0, 0, 1;
    %delay 80000, 0;
    %pushi/vec4 1, 0, 1;
    %store/vec4 v0x5af2b526c500_0, 0, 1;
    %pushi/vec4 0, 0, 1;
    %store/vec4 v0x5af2b526c6e0_0, 0, 1;
    %pushi/vec4 1, 0, 1;
    %store/vec4 v0x5af2b526c820_0, 0, 1;
    %pushi/vec4 1, 0, 16;
    %store/vec4 v0x5af2b526c5a0_0, 0, 16;
    %pushi/vec4 12, 0, 5;
    %store/vec4 v0x5af2b526c3a0_0, 0, 5;
    %delay 20000, 0;
    %pushi/vec4 0, 0, 1;
    %store/vec4 v0x5af2b526c500_0, 0, 1;
    %pushi/vec4 0, 0, 1;
    %store/vec4 v0x5af2b526c6e0_0, 0, 1;
    %pushi/vec4 0, 0, 1;
    %store/vec4 v0x5af2b526c820_0, 0, 1;
    %wait E_0x5af2b5218d00;
    %pushi/vec4 1, 0, 1;
    %store/vec4 v0x5af2b526c500_0, 0, 1;
    %pushi/vec4 1, 0, 1;
    %store/vec4 v0x5af2b526c6e0_0, 0, 1;
    %pushi/vec4 0, 0, 1;
    %store/vec4 v0x5af2b526c820_0, 0, 1;
    %pushi/vec4 20, 0, 5;
    %store/vec4 v0x5af2b526c3a0_0, 0, 5;
    %delay 20000, 0;
    %pushi/vec4 0, 0, 1;
    %store/vec4 v0x5af2b526c500_0, 0, 1;
    %pushi/vec4 0, 0, 1;
    %store/vec4 v0x5af2b526c6e0_0, 0, 1;
    %pushi/vec4 0, 0, 1;
    %store/vec4 v0x5af2b526c820_0, 0, 1;
    %delay 20000, 0;
    %pushi/vec4 1, 0, 1;
    %store/vec4 v0x5af2b526c500_0, 0, 1;
    %pushi/vec4 1, 0, 1;
    %store/vec4 v0x5af2b526c6e0_0, 0, 1;
    %pushi/vec4 0, 0, 1;
    %store/vec4 v0x5af2b526c820_0, 0, 1;
    %pushi/vec4 16, 0, 5;
    %store/vec4 v0x5af2b526c3a0_0, 0, 5;
    %delay 20000, 0;
    %pushi/vec4 0, 0, 1;
    %store/vec4 v0x5af2b526c500_0, 0, 1;
    %pushi/vec4 0, 0, 1;
    %store/vec4 v0x5af2b526c6e0_0, 0, 1;
    %pushi/vec4 0, 0, 1;
    %store/vec4 v0x5af2b526c820_0, 0, 1;
    %delay 600000, 0;
    %jmp T_21.0;
    %end;
    .thread T_21;
    .scope S_0x5af2b52031a0;
T_22 ;
    %fork t_1, S_0x5af2b523b7b0;
    %jmp t_0;
    .scope S_0x5af2b523b7b0;
t_1 ;
    %vpi_call 2 80 "$dumpfile", "peripheral_bcd_to_bin_TB.vcd" {0 0 0};
    %vpi_call 2 81 "$dumpvars", 32'sb11111111111111111111111111111111, S_0x5af2b52031a0 {0 0 0};
    %delay 2000000, 0;
    %vpi_call 2 82 "$finish" {0 0 0};
    %end;
    .scope S_0x5af2b52031a0;
t_0 %join;
    %end;
    .thread T_22;
# The file index is used to find the file name in the following table.
:file_names 10;
    "N/A";
    "<interactive>";
    "peripheral_bcd_to_bin_TB.v";
    "peripheral_bcd_to_bin.v";
    "bcd_to_bin_16.v";
    "comp_digit.v";
    "counter.v";
    "control_bcd_to_bin.v";
    "rsr.v";
    "sub_digit.v";
