Reading netlist file: "/home/arielo/repos/Digital_P/Calculadora/impl/gwsynthesis/project.vg"
Parsing netlist file "/home/arielo/repos/Digital_P/Calculadora/impl/gwsynthesis/project.vg" completed
Processing netlist completed
Reading constraint file: "/home/arielo/repos/Digital_P/Calculadora/sipeed_tang_primer_25k.cst"
Physical Constraint parsed completed
Running placement......
[10%] Placement Phase 0 completed
[20%] Placement Phase 1 completed
[30%] Placement Phase 2 completed
WARN  (TA1132) :  'bin2bcd0/bin2bcd0_0/control0/n51_13' was determined to be a clock but was not created.
WARN  (TA1132) :  'bcd2bin0/bcd2bin0_0/control0/n51_13' was determined to be a clock but was not created.
[50%] Placement Phase 3 completed
Running routing......
[60%] Routing Phase 0 completed
[70%] Routing Phase 1 completed
[80%] Routing Phase 2 completed
[90%] Routing Phase 3 completed
Running timing analysis......
[95%] Timing analysis completed
Placement and routing completed
Bitstream generation in progress......
Bitstream generation completed
Running power analysis......
[100%] Power analysis completed
Generate file "/home/arielo/repos/Digital_P/Calculadora/impl/pnr/project.power.html" completed
Generate file "/home/arielo/repos/Digital_P/Calculadora/impl/pnr/project.pin.html" completed
Generate file "/home/arielo/repos/Digital_P/Calculadora/impl/pnr/project.rpt.html" completed
Generate file "/home/arielo/repos/Digital_P/Calculadora/impl/pnr/project.rpt.txt" completed
Generate file "/home/arielo/repos/Digital_P/Calculadora/impl/pnr/project.tr.html" completed
Mon Nov 24 09:23:17 2025

