#! /usr/bin/env bash
exec /home/arielo/miniconda3/envs/digital/bin/vvp -f "$0" "$@" <<'# EOF'
:ivl_version "13.0 (devel)" "(0_8-6859-gf50cc35d2-dirty)";
:ivl_delay_selection "TYPICAL";
:vpi_time_precision - 12;
:vpi_module "/home/arielo/miniconda3/envs/digital/lib/ivl/system.vpi";
:vpi_module "/home/arielo/miniconda3/envs/digital/lib/ivl/vhdl_sys.vpi";
:vpi_module "/home/arielo/miniconda3/envs/digital/lib/ivl/vhdl_textio.vpi";
:vpi_module "/home/arielo/miniconda3/envs/digital/lib/ivl/v2005_math.vpi";
:vpi_module "/home/arielo/miniconda3/envs/digital/lib/ivl/va_math.vpi";
S_0x204bbaf0 .scope module, "bench_quark" "bench_quark" 2 7;
 .timescale -9 -12;
P_0x2042fb00 .param/l "CLK_PERIOD" 0 2 10, +C4<00000000000000000000000000100101>;
P_0x2042fb40 .param/l "PS2_CLK_PERIOD" 0 2 11, +C4<00000000000000000111010100110000>;
L_0x2048a510 .functor BUFZ 1, v0x204e8b10_0, C4<0>, C4<0>, C4<0>;
L_0x2044edb0 .functor BUFZ 1, v0x204e8c80_0, C4<0>, C4<0>, C4<0>;
v0x204e81f0_0 .net "buttons", 2 0, L_0x204f1e50;  1 drivers
v0x204e82d0_0 .var "clk", 0 0;
v0x204e8370_0 .net "debug_state", 7 0, L_0x204f14e0;  1 drivers
v0x204e8470_0 .var "force_stream_mode", 0 0;
v0x204e8510_0 .net "init_done", 0 0, L_0x204f1a20;  1 drivers
v0x204e85b0_0 .var/s "mouse_pos_x", 15 0;
v0x204e8650_0 .var/s "mouse_pos_y", 15 0;
v0x204e8730_0 .net "mouse_x", 8 0, L_0x204f1c80;  1 drivers
v0x204e8820_0 .net "mouse_y", 8 0, L_0x204f1d40;  1 drivers
v0x204e8980_0 .var/i "packet_count", 31 0;
v0x204e8a40_0 .net "packet_ready", 0 0, L_0x204f1f10;  1 drivers
v0x204e8b10_0 .var "ps2_clk_in", 0 0;
RS_0x73d5729a2108 .resolv tri, L_0x2048a510, L_0x204f0be0;
v0x204e8be0_0 .net8 "ps2_clk_wire", 0 0, RS_0x73d5729a2108;  2 drivers
v0x204e8c80_0 .var "ps2_data_in", 0 0;
RS_0x73d5729a21c8 .resolv tri, L_0x2044edb0, L_0x204f0d20;
v0x204e8d50_0 .net8 "ps2_data_wire", 0 0, RS_0x73d5729a21c8;  2 drivers
v0x204e8df0_0 .var "rst_n", 0 0;
v0x204e8f20_0 .net "rx_data", 7 0, v0x204e70b0_0;  1 drivers
v0x204e9100_0 .net "rx_error", 0 0, v0x204e7190_0;  1 drivers
v0x204e91d0_0 .net "rx_ready", 0 0, v0x204e7250_0;  1 drivers
S_0x2045cd40 .scope module, "dut_full" "ps2_mouse_init" 2 51, 3 4 0, S_0x204bbaf0;
 .timescale -9 -12;
    .port_info 0 /INPUT 1 "clk";
    .port_info 1 /INPUT 1 "rst_n";
    .port_info 2 /INOUT 1 "ps2_clk";
    .port_info 3 /INOUT 1 "ps2_data";
    .port_info 4 /OUTPUT 8 "debug_state";
    .port_info 5 /OUTPUT 8 "debug_data";
    .port_info 6 /OUTPUT 1 "debug_busy";
    .port_info 7 /OUTPUT 1 "debug_ack";
    .port_info 8 /OUTPUT 1 "init_done";
    .port_info 9 /OUTPUT 8 "rx_data";
    .port_info 10 /OUTPUT 1 "rx_data_valid";
    .port_info 11 /OUTPUT 9 "mouse_x";
    .port_info 12 /OUTPUT 9 "mouse_y";
    .port_info 13 /OUTPUT 3 "buttons";
    .port_info 14 /OUTPUT 1 "packet_ready";
    .port_info 15 /OUTPUT 1 "rx_error";
P_0x2044c4d0 .param/l "STATE_IDLE" 1 3 30, C4<00000000>;
P_0x2044c510 .param/l "STATE_RESET_WAIT" 1 3 31, C4<00000001>;
P_0x2044c550 .param/l "STATE_SEND_F4" 1 3 35, C4<00000101>;
P_0x2044c590 .param/l "STATE_SEND_RESET" 1 3 32, C4<00000010>;
P_0x2044c5d0 .param/l "STATE_STREAM_MODE" 1 3 37, C4<00000111>;
P_0x2044c610 .param/l "STATE_WAIT_BAT" 1 3 33, C4<00000011>;
P_0x2044c650 .param/l "STATE_WAIT_F4_ACK" 1 3 36, C4<00000110>;
P_0x2044c690 .param/l "STATE_WAIT_ID" 1 3 34, C4<00000100>;
L_0x204f14e0 .functor BUFZ 8, v0x204e5bd0_0, C4<00000000>, C4<00000000>, C4<00000000>;
L_0x204f18a0 .functor BUFZ 1, v0x204e2900_0, C4<0>, C4<0>, C4<0>;
L_0x204f1960 .functor BUFZ 1, v0x204e2750_0, C4<0>, C4<0>, C4<0>;
L_0x204f1a20 .functor BUFZ 1, v0x204e4590_0, C4<0>, C4<0>, C4<0>;
L_0x204f1b10 .functor BUFZ 8, v0x204e1a50_0, C4<00000000>, C4<00000000>, C4<00000000>;
L_0x204f1b80 .functor BUFZ 1, v0x204e1bf0_0, C4<0>, C4<0>, C4<0>;
L_0x204f1c80 .functor BUFZ 9, v0x204e47f0_0, C4<000000000>, C4<000000000>, C4<000000000>;
L_0x204f1d40 .functor BUFZ 9, v0x204e4ac0_0, C4<000000000>, C4<000000000>, C4<000000000>;
L_0x204f1e50 .functor BUFZ 3, v0x204e3ec0_0, C4<000>, C4<000>, C4<000>;
L_0x204f1f10 .functor BUFZ 1, v0x204e4fe0_0, C4<0>, C4<0>, C4<0>;
L_0x204f2030 .functor BUFZ 1, v0x204e1b30_0, C4<0>, C4<0>, C4<0>;
o0x73d5729a2ac8 .functor BUFZ 1, C4<z>; HiZ drive
; Elide local net with no drivers, v0x204e3a50_0 name=_ivl_0
L_0x73d572959018 .functor BUFT 1, C4<00000111>, C4<0>, C4<0>, C4<0>;
v0x204e3b50_0 .net/2u *"_ivl_10", 7 0, L_0x73d572959018;  1 drivers
v0x204e3c30_0 .net *"_ivl_12", 0 0, L_0x204f15a0;  1 drivers
o0x73d5729a2b58 .functor BUFZ 1, C4<z>; HiZ drive
; Elide local net with no drivers, v0x204e3d00_0 name=_ivl_4
v0x204e3de0_0 .net "buttons", 2 0, L_0x204f1e50;  alias, 1 drivers
v0x204e3ec0_0 .var "buttons_reg", 2 0;
v0x204e3fa0_0 .var "byte_counter", 1 0;
v0x204e4080_0 .net "clk", 0 0, v0x204e82d0_0;  1 drivers
v0x204e4170_0 .net "debug_ack", 0 0, L_0x204f1960;  1 drivers
v0x204e4230_0 .net "debug_busy", 0 0, L_0x204f18a0;  1 drivers
v0x204e42f0_0 .net "debug_data", 7 0, L_0x204f16e0;  1 drivers
v0x204e43d0_0 .net "debug_state", 7 0, L_0x204f14e0;  alias, 1 drivers
v0x204e44b0_0 .var "delay_counter", 31 0;
v0x204e4590_0 .var "init_complete", 0 0;
v0x204e4650_0 .net "init_done", 0 0, L_0x204f1a20;  alias, 1 drivers
v0x204e4710_0 .net "mouse_x", 8 0, L_0x204f1c80;  alias, 1 drivers
v0x204e47f0_0 .var "mouse_x_reg", 8 0;
v0x204e49e0_0 .net "mouse_y", 8 0, L_0x204f1d40;  alias, 1 drivers
v0x204e4ac0_0 .var "mouse_y_reg", 8 0;
v0x204e4ba0_0 .var "next_state", 7 0;
v0x204e4c80_0 .var "packet_byte1", 7 0;
v0x204e4d60_0 .var "packet_byte2", 7 0;
v0x204e4e40_0 .var "packet_byte3", 7 0;
v0x204e4f20_0 .net "packet_ready", 0 0, L_0x204f1f10;  alias, 1 drivers
v0x204e4fe0_0 .var "packet_valid", 0 0;
v0x204e50a0_0 .net8 "ps2_clk", 0 0, RS_0x73d5729a2108;  alias, 2 drivers
v0x204e5140_0 .net "ps2_clk_oe", 0 0, v0x204e2d80_0;  1 drivers
v0x204e51e0_0 .net "ps2_clk_out", 0 0, v0x204e2e40_0;  1 drivers
v0x204e5280_0 .net8 "ps2_data", 0 0, RS_0x73d5729a21c8;  alias, 2 drivers
v0x204e5370_0 .net "ps2_data_oe", 0 0, v0x204e3150_0;  1 drivers
v0x204e5410_0 .net "ps2_data_out", 0 0, v0x204e31f0_0;  1 drivers
v0x204e54b0_0 .net "rst_n", 0 0, v0x204e8df0_0;  1 drivers
v0x204e55a0_0 .net "rx_byte", 7 0, v0x204e1a50_0;  1 drivers
v0x204e5850_0 .net "rx_data", 7 0, L_0x204f1b10;  1 drivers
v0x204e58f0_0 .net "rx_data_valid", 0 0, L_0x204f1b80;  1 drivers
v0x204e5990_0 .net "rx_error", 0 0, L_0x204f2030;  1 drivers
v0x204e5a30_0 .net "rx_parity_error", 0 0, v0x204e1b30_0;  1 drivers
v0x204e5b00_0 .net "rx_ready", 0 0, v0x204e1bf0_0;  1 drivers
v0x204e5bd0_0 .var "state", 7 0;
v0x204e5c70_0 .net "tx_ack", 0 0, v0x204e2750_0;  1 drivers
v0x204e5d40_0 .net "tx_busy", 0 0, v0x204e2900_0;  1 drivers
v0x204e5e10_0 .var "tx_data_reg", 7 0;
v0x204e5ee0_0 .net "tx_error", 0 0, v0x204e2ab0_0;  1 drivers
v0x204e5fb0_0 .var "tx_start", 0 0;
E_0x203d2b70/0 .event anyedge, v0x204e5bd0_0, v0x204e44b0_0, v0x204e2900_0, v0x204e2750_0;
E_0x203d2b70/1 .event anyedge, v0x204e1bf0_0, v0x204e1a50_0;
E_0x203d2b70 .event/or E_0x203d2b70/0, E_0x203d2b70/1;
L_0x204f0be0 .functor MUXZ 1, o0x73d5729a2ac8, v0x204e2e40_0, v0x204e2d80_0, C4<>;
L_0x204f0d20 .functor MUXZ 1, o0x73d5729a2b58, v0x204e31f0_0, v0x204e3150_0, C4<>;
L_0x204f15a0 .cmp/eq 8, v0x204e5bd0_0, L_0x73d572959018;
L_0x204f16e0 .functor MUXZ 8, v0x204e5e10_0, v0x204e1a50_0, L_0x204f15a0, C4<>;
S_0x20467300 .scope module, "ps2_rx" "ps2_receiver" 3 94, 3 463 0, S_0x2045cd40;
 .timescale -9 -12;
    .port_info 0 /INPUT 1 "clk";
    .port_info 1 /INPUT 1 "rst_n";
    .port_info 2 /INPUT 1 "ps2_clk";
    .port_info 3 /INPUT 1 "ps2_data";
    .port_info 4 /OUTPUT 8 "rx_data";
    .port_info 5 /OUTPUT 1 "rx_ready";
    .port_info 6 /OUTPUT 1 "rx_error";
L_0x204f0f90 .functor NOT 1, v0x204e1460_0, C4<0>, C4<0>, C4<0>;
L_0x204f1000 .functor AND 1, v0x204e13a0_0, L_0x204f0f90, C4<1>, C4<1>;
L_0x204f13d0 .functor XNOR 1, L_0x204f12e0, L_0x204f11c0, C4<0>, C4<0>;
v0x2048b790_0 .net *"_ivl_0", 0 0, L_0x204f0f90;  1 drivers
v0x2048b830_0 .var "bit_count", 3 0;
v0x204b37c0_0 .net "calculated_parity", 0 0, L_0x204f12e0;  1 drivers
v0x204b2c00_0 .net "clk", 0 0, v0x204e82d0_0;  alias, 1 drivers
v0x20484f10_0 .net "parity_ok", 0 0, L_0x204f13d0;  1 drivers
v0x20484730_0 .net8 "ps2_clk", 0 0, RS_0x73d5729a2108;  alias, 2 drivers
v0x204e12e0_0 .net "ps2_clk_negedge", 0 0, L_0x204f1000;  1 drivers
v0x204e13a0_0 .var "ps2_clk_prev", 0 0;
v0x204e1460_0 .var "ps2_clk_sync", 0 0;
v0x204e15b0_0 .net8 "ps2_data", 0 0, RS_0x73d5729a21c8;  alias, 2 drivers
v0x204e1670_0 .var "ps2_data_sync", 0 0;
v0x204e1730_0 .net "received_data", 7 0, L_0x204f10f0;  1 drivers
v0x204e1810_0 .net "received_parity", 0 0, L_0x204f11c0;  1 drivers
v0x204e18d0_0 .var "receiving", 0 0;
v0x204e1990_0 .net "rst_n", 0 0, v0x204e8df0_0;  alias, 1 drivers
v0x204e1a50_0 .var "rx_data", 7 0;
v0x204e1b30_0 .var "rx_error", 0 0;
v0x204e1bf0_0 .var "rx_ready", 0 0;
v0x204e1cb0_0 .var "rx_shift_reg", 10 0;
E_0x203f5f60/0 .event negedge, v0x204e1990_0;
E_0x203f5f60/1 .event posedge, v0x204b2c00_0;
E_0x203f5f60 .event/or E_0x203f5f60/0, E_0x203f5f60/1;
E_0x2048cc90 .event posedge, v0x204b2c00_0;
L_0x204f10f0 .part v0x204e1cb0_0, 1, 8;
L_0x204f11c0 .part v0x204e1cb0_0, 9, 1;
L_0x204f12e0 .reduce/xnor L_0x204f10f0;
S_0x204e1e70 .scope module, "ps2_tx" "ps2_transmitter" 3 77, 3 318 0, S_0x2045cd40;
 .timescale -9 -12;
    .port_info 0 /INPUT 1 "clk";
    .port_info 1 /INPUT 1 "rst_n";
    .port_info 2 /INPUT 8 "tx_data";
    .port_info 3 /INPUT 1 "tx_start";
    .port_info 4 /INPUT 1 "ps2_clk_in";
    .port_info 5 /INPUT 1 "ps2_data_in";
    .port_info 6 /OUTPUT 1 "ps2_clk_out";
    .port_info 7 /OUTPUT 1 "ps2_data_out";
    .port_info 8 /OUTPUT 1 "ps2_clk_oe";
    .port_info 9 /OUTPUT 1 "ps2_data_oe";
    .port_info 10 /OUTPUT 1 "busy";
    .port_info 11 /OUTPUT 1 "ack_received";
    .port_info 12 /OUTPUT 1 "error";
P_0x204e2020 .param/l "TX_CLOCK_WAIT" 1 3 338, +C4<00000000000000000000000000000011>;
P_0x204e2060 .param/l "TX_IDLE" 1 3 335, +C4<00000000000000000000000000000000>;
P_0x204e20a0 .param/l "TX_INHIBIT" 1 3 336, +C4<00000000000000000000000000000001>;
P_0x204e20e0 .param/l "TX_RELEASE" 1 3 340, +C4<00000000000000000000000000000101>;
P_0x204e2120 .param/l "TX_REQUEST" 1 3 337, +C4<00000000000000000000000000000010>;
P_0x204e2160 .param/l "TX_SEND_BIT" 1 3 339, +C4<00000000000000000000000000000100>;
P_0x204e21a0 .param/l "TX_WAIT_ACK" 1 3 341, +C4<00000000000000000000000000000110>;
L_0x204f0e60 .functor NOT 1, v0x204e2fc0_0, C4<0>, C4<0>, C4<0>;
L_0x204f0ed0 .functor AND 1, v0x204e2f00_0, L_0x204f0e60, C4<1>, C4<1>;
v0x204e2650_0 .net *"_ivl_0", 0 0, L_0x204f0e60;  1 drivers
v0x204e2750_0 .var "ack_received", 0 0;
v0x204e2810_0 .var "bit_count", 3 0;
v0x204e2900_0 .var "busy", 0 0;
v0x204e29c0_0 .net "clk", 0 0, v0x204e82d0_0;  alias, 1 drivers
v0x204e2ab0_0 .var "error", 0 0;
v0x204e2b50_0 .var "parity", 0 0;
v0x204e2c10_0 .net8 "ps2_clk_in", 0 0, RS_0x73d5729a2108;  alias, 2 drivers
v0x204e2ce0_0 .net "ps2_clk_negedge", 0 0, L_0x204f0ed0;  1 drivers
v0x204e2d80_0 .var "ps2_clk_oe", 0 0;
v0x204e2e40_0 .var "ps2_clk_out", 0 0;
v0x204e2f00_0 .var "ps2_clk_prev", 0 0;
v0x204e2fc0_0 .var "ps2_clk_sync", 0 0;
v0x204e3080_0 .net8 "ps2_data_in", 0 0, RS_0x73d5729a21c8;  alias, 2 drivers
v0x204e3150_0 .var "ps2_data_oe", 0 0;
v0x204e31f0_0 .var "ps2_data_out", 0 0;
v0x204e32b0_0 .net "rst_n", 0 0, v0x204e8df0_0;  alias, 1 drivers
v0x204e3490_0 .var "timer", 15 0;
v0x204e3550_0 .net "tx_data", 7 0, v0x204e5e10_0;  1 drivers
v0x204e3630_0 .var "tx_shift_reg", 10 0;
v0x204e3710_0 .net "tx_start", 0 0, v0x204e5fb0_0;  1 drivers
v0x204e37d0_0 .var "tx_state", 3 0;
E_0x20417dc0 .event anyedge, v0x204e3550_0;
S_0x204e6200 .scope module, "dut_rx" "ps2_receiver" 2 32, 3 463 0, S_0x204bbaf0;
 .timescale -9 -12;
    .port_info 0 /INPUT 1 "clk";
    .port_info 1 /INPUT 1 "rst_n";
    .port_info 2 /INPUT 1 "ps2_clk";
    .port_info 3 /INPUT 1 "ps2_data";
    .port_info 4 /OUTPUT 8 "rx_data";
    .port_info 5 /OUTPUT 1 "rx_ready";
    .port_info 6 /OUTPUT 1 "rx_error";
L_0x204812e0 .functor NOT 1, v0x204e6b70_0, C4<0>, C4<0>, C4<0>;
L_0x2049bb90 .functor AND 1, v0x204e6ab0_0, L_0x204812e0, C4<1>, C4<1>;
L_0x20485f60 .functor XNOR 1, L_0x204f09c0, L_0x204f08a0, C4<0>, C4<0>;
v0x204e64f0_0 .net *"_ivl_0", 0 0, L_0x204812e0;  1 drivers
v0x204e65d0_0 .var "bit_count", 3 0;
v0x204e66b0_0 .net "calculated_parity", 0 0, L_0x204f09c0;  1 drivers
v0x204e6780_0 .net "clk", 0 0, v0x204e82d0_0;  alias, 1 drivers
v0x204e6820_0 .net "parity_ok", 0 0, L_0x20485f60;  1 drivers
v0x204e6930_0 .net "ps2_clk", 0 0, v0x204e8b10_0;  1 drivers
v0x204e69f0_0 .net "ps2_clk_negedge", 0 0, L_0x2049bb90;  1 drivers
v0x204e6ab0_0 .var "ps2_clk_prev", 0 0;
v0x204e6b70_0 .var "ps2_clk_sync", 0 0;
v0x204e6c30_0 .net "ps2_data", 0 0, v0x204e8c80_0;  1 drivers
v0x204e6cf0_0 .var "ps2_data_sync", 0 0;
v0x204e6db0_0 .net "received_data", 7 0, L_0x204f07d0;  1 drivers
v0x204e6e90_0 .net "received_parity", 0 0, L_0x204f08a0;  1 drivers
v0x204e6f50_0 .var "receiving", 0 0;
v0x204e7010_0 .net "rst_n", 0 0, v0x204e8df0_0;  alias, 1 drivers
v0x204e70b0_0 .var "rx_data", 7 0;
v0x204e7190_0 .var "rx_error", 0 0;
v0x204e7250_0 .var "rx_ready", 0 0;
v0x204e7310_0 .var "rx_shift_reg", 10 0;
L_0x204f07d0 .part v0x204e7310_0, 1, 8;
L_0x204f08a0 .part v0x204e7310_0, 9, 1;
L_0x204f09c0 .reduce/xnor L_0x204f07d0;
S_0x204e74d0 .scope task, "ps2_send_byte" "ps2_send_byte" 2 109, 2 109 0, S_0x204bbaf0;
 .timescale -9 -12;
v0x204e7660_0 .var "data", 7 0;
v0x204e7740_0 .var/i "i", 31 0;
v0x204e7820_0 .var "parity", 0 0;
TD_bench_quark.ps2_send_byte ;
    %load/vec4 v0x204e7660_0;
    %xnor/r;
    %store/vec4 v0x204e7820_0, 0, 1;
    %vpi_call 2 116 "$display", "\360\237\223\244 Sending byte: 0x%02h (parity=%b)", v0x204e7660_0, v0x204e7820_0 {0 0 0};
    %pushi/vec4 1, 0, 1;
    %store/vec4 v0x204e8b10_0, 0, 1;
    %pushi/vec4 0, 0, 1;
    %store/vec4 v0x204e8c80_0, 0, 1;
    %delay 15000000, 0;
    %pushi/vec4 0, 0, 1;
    %store/vec4 v0x204e8b10_0, 0, 1;
    %delay 15000000, 0;
    %pushi/vec4 0, 0, 32;
    %store/vec4 v0x204e7740_0, 0, 32;
T_0.0 ; Top of for-loop 
    %load/vec4 v0x204e7740_0;
    %cmpi/s 8, 0, 32;
    %jmp/0xz T_0.1, 5;
    %pushi/vec4 1, 0, 1;
    %store/vec4 v0x204e8b10_0, 0, 1;
    %load/vec4 v0x204e7660_0;
    %load/vec4 v0x204e7740_0;
    %part/s 1;
    %store/vec4 v0x204e8c80_0, 0, 1;
    %delay 15000000, 0;
    %pushi/vec4 0, 0, 1;
    %store/vec4 v0x204e8b10_0, 0, 1;
    %delay 15000000, 0;
T_0.2 ; for-loop step statement
    %load/vec4 v0x204e7740_0;
    %addi 1, 0, 32;
    %store/vec4 v0x204e7740_0, 0, 32;
    %jmp T_0.0;
T_0.1 ; for-loop exit label
    %pushi/vec4 1, 0, 1;
    %store/vec4 v0x204e8b10_0, 0, 1;
    %load/vec4 v0x204e7820_0;
    %store/vec4 v0x204e8c80_0, 0, 1;
    %delay 15000000, 0;
    %pushi/vec4 0, 0, 1;
    %store/vec4 v0x204e8b10_0, 0, 1;
    %delay 15000000, 0;
    %pushi/vec4 1, 0, 1;
    %store/vec4 v0x204e8b10_0, 0, 1;
    %pushi/vec4 1, 0, 1;
    %store/vec4 v0x204e8c80_0, 0, 1;
    %delay 15000000, 0;
    %pushi/vec4 0, 0, 1;
    %store/vec4 v0x204e8b10_0, 0, 1;
    %delay 15000000, 0;
    %pushi/vec4 1, 0, 1;
    %store/vec4 v0x204e8b10_0, 0, 1;
    %pushi/vec4 1, 0, 1;
    %store/vec4 v0x204e8c80_0, 0, 1;
    %delay 30000000, 0;
    %end;
S_0x204e78f0 .scope task, "send_mouse_packet" "send_mouse_packet" 2 158, 2 158 0, S_0x204bbaf0;
 .timescale -9 -12;
v0x204e7ad0_0 .var/s "delta_x", 8 0;
v0x204e7bd0_0 .var/s "delta_y", 8 0;
v0x204e7cb0_0 .var "left_btn", 0 0;
v0x204e7d80_0 .var "middle_btn", 0 0;
v0x204e7e40_0 .var "right_btn", 0 0;
v0x204e7f50_0 .var "status_byte", 7 0;
v0x204e8030_0 .var "x_byte", 7 0;
v0x204e8110_0 .var "y_byte", 7 0;
TD_bench_quark.send_mouse_packet ;
    %load/vec4 v0x204e7cb0_0;
    %ix/load 4, 0, 0;
    %flag_set/imm 4, 0;
    %store/vec4 v0x204e7f50_0, 4, 1;
    %load/vec4 v0x204e7e40_0;
    %ix/load 4, 1, 0;
    %flag_set/imm 4, 0;
    %store/vec4 v0x204e7f50_0, 4, 1;
    %load/vec4 v0x204e7d80_0;
    %ix/load 4, 2, 0;
    %flag_set/imm 4, 0;
    %store/vec4 v0x204e7f50_0, 4, 1;
    %pushi/vec4 1, 0, 1;
    %ix/load 4, 3, 0;
    %flag_set/imm 4, 0;
    %store/vec4 v0x204e7f50_0, 4, 1;
    %load/vec4 v0x204e7ad0_0;
    %parti/s 1, 8, 5;
    %ix/load 4, 4, 0;
    %flag_set/imm 4, 0;
    %store/vec4 v0x204e7f50_0, 4, 1;
    %load/vec4 v0x204e7bd0_0;
    %parti/s 1, 8, 5;
    %ix/load 4, 5, 0;
    %flag_set/imm 4, 0;
    %store/vec4 v0x204e7f50_0, 4, 1;
    %pushi/vec4 0, 0, 1;
    %ix/load 4, 6, 0;
    %flag_set/imm 4, 0;
    %store/vec4 v0x204e7f50_0, 4, 1;
    %pushi/vec4 0, 0, 1;
    %ix/load 4, 7, 0;
    %flag_set/imm 4, 0;
    %store/vec4 v0x204e7f50_0, 4, 1;
    %load/vec4 v0x204e7ad0_0;
    %parti/s 8, 0, 2;
    %store/vec4 v0x204e8030_0, 0, 8;
    %load/vec4 v0x204e7bd0_0;
    %parti/s 8, 0, 2;
    %store/vec4 v0x204e8110_0, 0, 8;
    %load/vec4 v0x204e7ad0_0;
    %load/vec4 v0x204e7bd0_0;
    %vpi_call 2 181 "$display", "[%0t] Enviando paquete: X=%0d, Y=%0d, Btns=[M=%b R=%b L=%b]", $time, S<1,vec4,s9>, S<0,vec4,s9>, v0x204e7d80_0, v0x204e7e40_0, v0x204e7cb0_0 {2 0 0};
    %load/vec4 v0x204e7f50_0;
    %store/vec4 v0x204e7660_0, 0, 8;
    %fork TD_bench_quark.ps2_send_byte, S_0x204e74d0;
    %join;
    %load/vec4 v0x204e8030_0;
    %store/vec4 v0x204e7660_0, 0, 8;
    %fork TD_bench_quark.ps2_send_byte, S_0x204e74d0;
    %join;
    %load/vec4 v0x204e8110_0;
    %store/vec4 v0x204e7660_0, 0, 8;
    %fork TD_bench_quark.ps2_send_byte, S_0x204e74d0;
    %join;
    %delay 90000000, 0;
    %end;
S_0x20480cf0 .scope module, "top_ps2_test" "top_ps2_test" 4 2;
 .timescale -9 -12;
    .port_info 0 /INPUT 1 "clk";
    .port_info 1 /INPUT 1 "rst_n";
    .port_info 2 /INOUT 1 "ps2_clk";
    .port_info 3 /INOUT 1 "ps2_data";
    .port_info 4 /OUTPUT 8 "debug_state";
    .port_info 5 /OUTPUT 8 "debug_pins";
    .port_info 6 /OUTPUT 1 "led_init_done";
    .port_info 7 /OUTPUT 1 "led_activity";
    .port_info 8 /OUTPUT 1 "led_error";
    .port_info 9 /OUTPUT 9 "mouse_x";
    .port_info 10 /OUTPUT 9 "mouse_y";
    .port_info 11 /OUTPUT 3 "buttons";
    .port_info 12 /OUTPUT 1 "packet_ready";
    .port_info 13 /OUTPUT 1 "uart_tx";
L_0x204f3790 .functor BUFZ 8, L_0x204f3110, C4<00000000>, C4<00000000>, C4<00000000>;
L_0x204f3800 .functor BUFZ 1, v0x204ed870_0, C4<0>, C4<0>, C4<0>;
L_0x204f3870 .functor BUFZ 1, v0x204ee2c0_0, C4<0>, C4<0>, C4<0>;
L_0x204f38e0 .functor BUFZ 1, L_0x204f36d0, C4<0>, C4<0>, C4<0>;
v0x204ef4e0_0 .net "buttons", 2 0, L_0x204f34f0;  1 drivers
o0x73d5729a3ae8 .functor BUFZ 1, C4<z>; HiZ drive
v0x204ef5f0_0 .net "clk", 0 0, o0x73d5729a3ae8;  0 drivers
v0x204ef690_0 .net "debug_ack", 0 0, L_0x204f2f40;  1 drivers
v0x204ef790_0 .net "debug_busy", 0 0, L_0x204f2e30;  1 drivers
v0x204ef860_0 .net "debug_data", 7 0, L_0x204f2c20;  1 drivers
v0x204ef950_0 .net "debug_pins", 7 0, L_0x204f3790;  1 drivers
v0x204ef9f0_0 .net "debug_state", 7 0, L_0x204f2a20;  1 drivers
v0x204efac0_0 .net "init_done", 0 0, v0x204ed870_0;  1 drivers
v0x204efb90_0 .net "led_activity", 0 0, L_0x204f3870;  1 drivers
v0x204efc30_0 .net "led_error", 0 0, L_0x204f38e0;  1 drivers
v0x204efcd0_0 .net "led_init_done", 0 0, L_0x204f3800;  1 drivers
v0x204efd70_0 .net "mouse_x", 8 0, L_0x204f3320;  1 drivers
v0x204efe60_0 .net "mouse_y", 8 0, L_0x204f33e0;  1 drivers
v0x204eff30_0 .net "packet_ready", 0 0, v0x204ee2c0_0;  1 drivers
v0x204f0000_0 .net "ps2_clk", 0 0, L_0x204f20a0;  1 drivers
v0x204f00a0_0 .net "ps2_data", 0 0, L_0x204f2220;  1 drivers
o0x73d5729a4e08 .functor BUFZ 1, C4<z>; HiZ drive
v0x204f0140_0 .net "rst_n", 0 0, o0x73d5729a4e08;  0 drivers
v0x204f01e0_0 .net "rx_data", 7 0, L_0x204f3110;  1 drivers
v0x204f02b0_0 .net "rx_error", 0 0, L_0x204f36d0;  1 drivers
v0x204f0380_0 .net "rx_valid", 0 0, L_0x204f31d0;  1 drivers
L_0x73d5729590f0 .functor BUFT 1, C4<1>, C4<0>, C4<0>, C4<0>;
v0x204f0450_0 .net "uart_tx", 0 0, L_0x73d5729590f0;  1 drivers
S_0x204e92a0 .scope module, "mouse_ctrl" "ps2_mouse_init" 4 37, 3 4 0, S_0x20480cf0;
 .timescale -9 -12;
    .port_info 0 /INPUT 1 "clk";
    .port_info 1 /INPUT 1 "rst_n";
    .port_info 2 /INOUT 1 "ps2_clk";
    .port_info 3 /INOUT 1 "ps2_data";
    .port_info 4 /OUTPUT 8 "debug_state";
    .port_info 5 /OUTPUT 8 "debug_data";
    .port_info 6 /OUTPUT 1 "debug_busy";
    .port_info 7 /OUTPUT 1 "debug_ack";
    .port_info 8 /OUTPUT 1 "init_done";
    .port_info 9 /OUTPUT 8 "rx_data";
    .port_info 10 /OUTPUT 1 "rx_data_valid";
    .port_info 11 /OUTPUT 9 "mouse_x";
    .port_info 12 /OUTPUT 9 "mouse_y";
    .port_info 13 /OUTPUT 3 "buttons";
    .port_info 14 /OUTPUT 1 "packet_ready";
    .port_info 15 /OUTPUT 1 "rx_error";
P_0x204e9430 .param/l "STATE_IDLE" 1 3 30, C4<00000000>;
P_0x204e9470 .param/l "STATE_RESET_WAIT" 1 3 31, C4<00000001>;
P_0x204e94b0 .param/l "STATE_SEND_F4" 1 3 35, C4<00000101>;
P_0x204e94f0 .param/l "STATE_SEND_RESET" 1 3 32, C4<00000010>;
P_0x204e9530 .param/l "STATE_STREAM_MODE" 1 3 37, C4<00000111>;
P_0x204e9570 .param/l "STATE_WAIT_BAT" 1 3 33, C4<00000011>;
P_0x204e95b0 .param/l "STATE_WAIT_F4_ACK" 1 3 36, C4<00000110>;
P_0x204e95f0 .param/l "STATE_WAIT_ID" 1 3 34, C4<00000100>;
L_0x204f2a20 .functor BUFZ 8, v0x204eeeb0_0, C4<00000000>, C4<00000000>, C4<00000000>;
L_0x204f2e30 .functor BUFZ 1, v0x204ebbe0_0, C4<0>, C4<0>, C4<0>;
L_0x204f2f40 .functor BUFZ 1, v0x204eba30_0, C4<0>, C4<0>, C4<0>;
L_0x204f3110 .functor BUFZ 8, v0x204eab20_0, C4<00000000>, C4<00000000>, C4<00000000>;
L_0x204f31d0 .functor BUFZ 1, v0x204eadd0_0, C4<0>, C4<0>, C4<0>;
L_0x204f3320 .functor BUFZ 9, v0x204edad0_0, C4<000000000>, C4<000000000>, C4<000000000>;
L_0x204f33e0 .functor BUFZ 9, v0x204edda0_0, C4<000000000>, C4<000000000>, C4<000000000>;
L_0x204f34f0 .functor BUFZ 3, v0x204ed1a0_0, C4<000>, C4<000>, C4<000>;
L_0x204f36d0 .functor BUFZ 1, v0x204eac00_0, C4<0>, C4<0>, C4<0>;
o0x73d5729a4508 .functor BUFZ 1, C4<z>; HiZ drive
; Elide local net with no drivers, v0x204ecd30_0 name=_ivl_0
L_0x73d572959060 .functor BUFT 1, C4<00000111>, C4<0>, C4<0>, C4<0>;
v0x204ece30_0 .net/2u *"_ivl_10", 7 0, L_0x73d572959060;  1 drivers
v0x204ecf10_0 .net *"_ivl_12", 0 0, L_0x204f2ae0;  1 drivers
o0x73d5729a4598 .functor BUFZ 1, C4<z>; HiZ drive
; Elide local net with no drivers, v0x204ecfe0_0 name=_ivl_4
v0x204ed0c0_0 .net "buttons", 2 0, L_0x204f34f0;  alias, 1 drivers
v0x204ed1a0_0 .var "buttons_reg", 2 0;
v0x204ed280_0 .var "byte_counter", 1 0;
v0x204ed360_0 .net "clk", 0 0, o0x73d5729a3ae8;  alias, 0 drivers
v0x204ed450_0 .net "debug_ack", 0 0, L_0x204f2f40;  alias, 1 drivers
v0x204ed510_0 .net "debug_busy", 0 0, L_0x204f2e30;  alias, 1 drivers
v0x204ed5d0_0 .net "debug_data", 7 0, L_0x204f2c20;  alias, 1 drivers
v0x204ed6b0_0 .net "debug_state", 7 0, L_0x204f2a20;  alias, 1 drivers
v0x204ed790_0 .var "delay_counter", 31 0;
v0x204ed870_0 .var "init_complete", 0 0;
v0x204ed930_0 .net "init_done", 0 0, v0x204ed870_0;  alias, 1 drivers
v0x204ed9f0_0 .net "mouse_x", 8 0, L_0x204f3320;  alias, 1 drivers
v0x204edad0_0 .var "mouse_x_reg", 8 0;
v0x204edcc0_0 .net "mouse_y", 8 0, L_0x204f33e0;  alias, 1 drivers
v0x204edda0_0 .var "mouse_y_reg", 8 0;
v0x204ede80_0 .var "next_state", 7 0;
v0x204edf60_0 .var "packet_byte1", 7 0;
v0x204ee040_0 .var "packet_byte2", 7 0;
v0x204ee120_0 .var "packet_byte3", 7 0;
v0x204ee200_0 .net "packet_ready", 0 0, v0x204ee2c0_0;  alias, 1 drivers
v0x204ee2c0_0 .var "packet_valid", 0 0;
v0x204ee380_0 .net "ps2_clk", 0 0, L_0x204f20a0;  alias, 1 drivers
v0x204ee420_0 .net "ps2_clk_oe", 0 0, v0x204ec060_0;  1 drivers
v0x204ee4c0_0 .net "ps2_clk_out", 0 0, v0x204ec120_0;  1 drivers
v0x204ee560_0 .net "ps2_data", 0 0, L_0x204f2220;  alias, 1 drivers
v0x204ee650_0 .net "ps2_data_oe", 0 0, v0x204ec430_0;  1 drivers
v0x204ee6f0_0 .net "ps2_data_out", 0 0, v0x204ec4d0_0;  1 drivers
L_0x73d5729590a8 .functor BUFT 1, C4<1>, C4<0>, C4<0>, C4<0>;
v0x204ee790_0 .net "rst_n", 0 0, L_0x73d5729590a8;  1 drivers
v0x204ee880_0 .net "rx_byte", 7 0, v0x204eab20_0;  1 drivers
v0x204eeb30_0 .net "rx_data", 7 0, L_0x204f3110;  alias, 1 drivers
v0x204eebd0_0 .net "rx_data_valid", 0 0, L_0x204f31d0;  alias, 1 drivers
v0x204eec70_0 .net "rx_error", 0 0, L_0x204f36d0;  alias, 1 drivers
v0x204eed10_0 .net "rx_parity_error", 0 0, v0x204eac00_0;  1 drivers
v0x204eede0_0 .net "rx_ready", 0 0, v0x204eadd0_0;  1 drivers
v0x204eeeb0_0 .var "state", 7 0;
v0x204eef50_0 .net "tx_ack", 0 0, v0x204eba30_0;  1 drivers
v0x204ef020_0 .net "tx_busy", 0 0, v0x204ebbe0_0;  1 drivers
v0x204ef0f0_0 .var "tx_data_reg", 7 0;
v0x204ef1c0_0 .net "tx_error", 0 0, v0x204ebd90_0;  1 drivers
v0x204ef290_0 .var "tx_start", 0 0;
E_0x204cb170/0 .event anyedge, v0x204eeeb0_0, v0x204ed790_0, v0x204ebbe0_0, v0x204eba30_0;
E_0x204cb170/1 .event anyedge, v0x204eadd0_0, v0x204eab20_0;
E_0x204cb170 .event/or E_0x204cb170/0, E_0x204cb170/1;
L_0x204f20a0 .functor MUXZ 1, o0x73d5729a4508, v0x204ec120_0, v0x204ec060_0, C4<>;
L_0x204f2220 .functor MUXZ 1, o0x73d5729a4598, v0x204ec4d0_0, v0x204ec430_0, C4<>;
L_0x204f2ae0 .cmp/eq 8, v0x204eeeb0_0, L_0x73d572959060;
L_0x204f2c20 .functor MUXZ 8, v0x204ef0f0_0, v0x204eab20_0, L_0x204f2ae0, C4<>;
S_0x204e9b50 .scope module, "ps2_rx" "ps2_receiver" 3 94, 3 463 0, S_0x204e92a0;
 .timescale -9 -12;
    .port_info 0 /INPUT 1 "clk";
    .port_info 1 /INPUT 1 "rst_n";
    .port_info 2 /INPUT 1 "ps2_clk";
    .port_info 3 /INPUT 1 "ps2_data";
    .port_info 4 /OUTPUT 8 "rx_data";
    .port_info 5 /OUTPUT 1 "rx_ready";
    .port_info 6 /OUTPUT 1 "rx_error";
L_0x204f24d0 .functor NOT 1, v0x204ea530_0, C4<0>, C4<0>, C4<0>;
L_0x204f2540 .functor AND 1, v0x204ea470_0, L_0x204f24d0, C4<1>, C4<1>;
L_0x204f2910 .functor XNOR 1, L_0x204f2820, L_0x204f2700, C4<0>, C4<0>;
v0x204e9ea0_0 .net *"_ivl_0", 0 0, L_0x204f24d0;  1 drivers
v0x204e9fa0_0 .var "bit_count", 3 0;
v0x204ea080_0 .net "calculated_parity", 0 0, L_0x204f2820;  1 drivers
v0x204ea120_0 .net "clk", 0 0, o0x73d5729a3ae8;  alias, 0 drivers
v0x204ea1e0_0 .net "parity_ok", 0 0, L_0x204f2910;  1 drivers
v0x204ea2f0_0 .net "ps2_clk", 0 0, L_0x204f20a0;  alias, 1 drivers
v0x204ea3b0_0 .net "ps2_clk_negedge", 0 0, L_0x204f2540;  1 drivers
v0x204ea470_0 .var "ps2_clk_prev", 0 0;
v0x204ea530_0 .var "ps2_clk_sync", 0 0;
v0x204ea680_0 .net "ps2_data", 0 0, L_0x204f2220;  alias, 1 drivers
v0x204ea740_0 .var "ps2_data_sync", 0 0;
v0x204ea800_0 .net "received_data", 7 0, L_0x204f2630;  1 drivers
v0x204ea8e0_0 .net "received_parity", 0 0, L_0x204f2700;  1 drivers
v0x204ea9a0_0 .var "receiving", 0 0;
v0x204eaa60_0 .net "rst_n", 0 0, L_0x73d5729590a8;  alias, 1 drivers
v0x204eab20_0 .var "rx_data", 7 0;
v0x204eac00_0 .var "rx_error", 0 0;
v0x204eadd0_0 .var "rx_ready", 0 0;
v0x204eae90_0 .var "rx_shift_reg", 10 0;
E_0x2046cc30/0 .event negedge, v0x204eaa60_0;
E_0x2046cc30/1 .event posedge, v0x204ea120_0;
E_0x2046cc30 .event/or E_0x2046cc30/0, E_0x2046cc30/1;
E_0x2048c890 .event posedge, v0x204ea120_0;
L_0x204f2630 .part v0x204eae90_0, 1, 8;
L_0x204f2700 .part v0x204eae90_0, 9, 1;
L_0x204f2820 .reduce/xnor L_0x204f2630;
S_0x204eb090 .scope module, "ps2_tx" "ps2_transmitter" 3 77, 3 318 0, S_0x204e92a0;
 .timescale -9 -12;
    .port_info 0 /INPUT 1 "clk";
    .port_info 1 /INPUT 1 "rst_n";
    .port_info 2 /INPUT 8 "tx_data";
    .port_info 3 /INPUT 1 "tx_start";
    .port_info 4 /INPUT 1 "ps2_clk_in";
    .port_info 5 /INPUT 1 "ps2_data_in";
    .port_info 6 /OUTPUT 1 "ps2_clk_out";
    .port_info 7 /OUTPUT 1 "ps2_data_out";
    .port_info 8 /OUTPUT 1 "ps2_clk_oe";
    .port_info 9 /OUTPUT 1 "ps2_data_oe";
    .port_info 10 /OUTPUT 1 "busy";
    .port_info 11 /OUTPUT 1 "ack_received";
    .port_info 12 /OUTPUT 1 "error";
P_0x204eb240 .param/l "TX_CLOCK_WAIT" 1 3 338, +C4<00000000000000000000000000000011>;
P_0x204eb280 .param/l "TX_IDLE" 1 3 335, +C4<00000000000000000000000000000000>;
P_0x204eb2c0 .param/l "TX_INHIBIT" 1 3 336, +C4<00000000000000000000000000000001>;
P_0x204eb300 .param/l "TX_RELEASE" 1 3 340, +C4<00000000000000000000000000000101>;
P_0x204eb340 .param/l "TX_REQUEST" 1 3 337, +C4<00000000000000000000000000000010>;
P_0x204eb380 .param/l "TX_SEND_BIT" 1 3 339, +C4<00000000000000000000000000000100>;
P_0x204eb3c0 .param/l "TX_WAIT_ACK" 1 3 341, +C4<00000000000000000000000000000110>;
L_0x204f23a0 .functor NOT 1, v0x204ec2a0_0, C4<0>, C4<0>, C4<0>;
L_0x204f2410 .functor AND 1, v0x204ec1e0_0, L_0x204f23a0, C4<1>, C4<1>;
v0x204eb930_0 .net *"_ivl_0", 0 0, L_0x204f23a0;  1 drivers
v0x204eba30_0 .var "ack_received", 0 0;
v0x204ebaf0_0 .var "bit_count", 3 0;
v0x204ebbe0_0 .var "busy", 0 0;
v0x204ebca0_0 .net "clk", 0 0, o0x73d5729a3ae8;  alias, 0 drivers
v0x204ebd90_0 .var "error", 0 0;
v0x204ebe30_0 .var "parity", 0 0;
v0x204ebef0_0 .net "ps2_clk_in", 0 0, L_0x204f20a0;  alias, 1 drivers
v0x204ebfc0_0 .net "ps2_clk_negedge", 0 0, L_0x204f2410;  1 drivers
v0x204ec060_0 .var "ps2_clk_oe", 0 0;
v0x204ec120_0 .var "ps2_clk_out", 0 0;
v0x204ec1e0_0 .var "ps2_clk_prev", 0 0;
v0x204ec2a0_0 .var "ps2_clk_sync", 0 0;
v0x204ec360_0 .net "ps2_data_in", 0 0, L_0x204f2220;  alias, 1 drivers
v0x204ec430_0 .var "ps2_data_oe", 0 0;
v0x204ec4d0_0 .var "ps2_data_out", 0 0;
v0x204ec590_0 .net "rst_n", 0 0, L_0x73d5729590a8;  alias, 1 drivers
v0x204ec770_0 .var "timer", 15 0;
v0x204ec830_0 .net "tx_data", 7 0, v0x204ef0f0_0;  1 drivers
v0x204ec910_0 .var "tx_shift_reg", 10 0;
v0x204ec9f0_0 .net "tx_start", 0 0, v0x204ef290_0;  1 drivers
v0x204ecab0_0 .var "tx_state", 3 0;
E_0x2046b320 .event anyedge, v0x204ec830_0;
    .scope S_0x204e6200;
T_2 ;
    %wait E_0x2048cc90;
    %load/vec4 v0x204e6930_0;
    %assign/vec4 v0x204e6b70_0, 0;
    %load/vec4 v0x204e6b70_0;
    %assign/vec4 v0x204e6ab0_0, 0;
    %load/vec4 v0x204e6c30_0;
    %assign/vec4 v0x204e6cf0_0, 0;
    %jmp T_2;
    .thread T_2;
    .scope S_0x204e6200;
T_3 ;
    %wait E_0x203f5f60;
    %load/vec4 v0x204e7010_0;
    %nor/r;
    %flag_set/vec4 8;
    %jmp/0xz  T_3.0, 8;
    %pushi/vec4 0, 0, 11;
    %assign/vec4 v0x204e7310_0, 0;
    %pushi/vec4 0, 0, 4;
    %assign/vec4 v0x204e65d0_0, 0;
    %pushi/vec4 0, 0, 8;
    %assign/vec4 v0x204e70b0_0, 0;
    %pushi/vec4 0, 0, 1;
    %assign/vec4 v0x204e7250_0, 0;
    %pushi/vec4 0, 0, 1;
    %assign/vec4 v0x204e7190_0, 0;
    %pushi/vec4 0, 0, 1;
    %assign/vec4 v0x204e6f50_0, 0;
    %jmp T_3.1;
T_3.0 ;
    %pushi/vec4 0, 0, 1;
    %assign/vec4 v0x204e7250_0, 0;
    %pushi/vec4 0, 0, 1;
    %assign/vec4 v0x204e7190_0, 0;
    %load/vec4 v0x204e6f50_0;
    %nor/r;
    %flag_set/vec4 8;
    %jmp/0xz  T_3.2, 8;
    %load/vec4 v0x204e69f0_0;
    %flag_set/vec4 9;
    %flag_get/vec4 9;
    %jmp/0 T_3.6, 9;
    %load/vec4 v0x204e6cf0_0;
    %nor/r;
    %and;
T_3.6;
    %flag_set/vec4 8;
    %jmp/0xz  T_3.4, 8;
    %pushi/vec4 1, 0, 1;
    %assign/vec4 v0x204e6f50_0, 0;
    %pushi/vec4 0, 0, 4;
    %assign/vec4 v0x204e65d0_0, 0;
    %pushi/vec4 0, 0, 11;
    %assign/vec4 v0x204e7310_0, 0;
T_3.4 ;
    %jmp T_3.3;
T_3.2 ;
    %load/vec4 v0x204e69f0_0;
    %flag_set/vec4 8;
    %jmp/0xz  T_3.7, 8;
    %load/vec4 v0x204e65d0_0;
    %pad/u 32;
    %cmpi/u 10, 0, 32;
    %jmp/0xz  T_3.9, 5;
    %load/vec4 v0x204e6cf0_0;
    %load/vec4 v0x204e7310_0;
    %parti/s 10, 1, 2;
    %concat/vec4; draw_concat_vec4
    %assign/vec4 v0x204e7310_0, 0;
    %load/vec4 v0x204e65d0_0;
    %addi 1, 0, 4;
    %assign/vec4 v0x204e65d0_0, 0;
    %jmp T_3.10;
T_3.9 ;
    %load/vec4 v0x204e7310_0;
    %parti/s 1, 10, 5;
    %flag_set/vec4 8;
    %jmp/0xz  T_3.11, 8;
    %load/vec4 v0x204e6820_0;
    %flag_set/vec4 8;
    %jmp/0xz  T_3.13, 8;
    %load/vec4 v0x204e7310_0;
    %parti/s 8, 1, 2;
    %assign/vec4 v0x204e70b0_0, 0;
    %pushi/vec4 1, 0, 1;
    %assign/vec4 v0x204e7250_0, 0;
    %jmp T_3.14;
T_3.13 ;
    %pushi/vec4 1, 0, 1;
    %assign/vec4 v0x204e7190_0, 0;
T_3.14 ;
    %jmp T_3.12;
T_3.11 ;
    %pushi/vec4 1, 0, 1;
    %assign/vec4 v0x204e7190_0, 0;
T_3.12 ;
    %pushi/vec4 0, 0, 1;
    %assign/vec4 v0x204e6f50_0, 0;
T_3.10 ;
T_3.7 ;
T_3.3 ;
T_3.1 ;
    %jmp T_3;
    .thread T_3;
    .scope S_0x204e1e70;
T_4 ;
    %wait E_0x2048cc90;
    %load/vec4 v0x204e2c10_0;
    %assign/vec4 v0x204e2fc0_0, 0;
    %load/vec4 v0x204e2fc0_0;
    %assign/vec4 v0x204e2f00_0, 0;
    %jmp T_4;
    .thread T_4;
    .scope S_0x204e1e70;
T_5 ;
    %wait E_0x20417dc0;
    %load/vec4 v0x204e3550_0;
    %xnor/r;
    %store/vec4 v0x204e2b50_0, 0, 1;
    %jmp T_5;
    .thread T_5, $push;
    .scope S_0x204e1e70;
T_6 ;
    %wait E_0x203f5f60;
    %load/vec4 v0x204e32b0_0;
    %nor/r;
    %flag_set/vec4 8;
    %jmp/0xz  T_6.0, 8;
    %pushi/vec4 0, 0, 4;
    %assign/vec4 v0x204e37d0_0, 0;
    %pushi/vec4 0, 0, 16;
    %assign/vec4 v0x204e3490_0, 0;
    %pushi/vec4 0, 0, 4;
    %assign/vec4 v0x204e2810_0, 0;
    %pushi/vec4 0, 0, 1;
    %assign/vec4 v0x204e2900_0, 0;
    %pushi/vec4 0, 0, 1;
    %assign/vec4 v0x204e2750_0, 0;
    %pushi/vec4 0, 0, 1;
    %assign/vec4 v0x204e2ab0_0, 0;
    %pushi/vec4 0, 0, 1;
    %assign/vec4 v0x204e2d80_0, 0;
    %pushi/vec4 0, 0, 1;
    %assign/vec4 v0x204e3150_0, 0;
    %pushi/vec4 1, 0, 1;
    %assign/vec4 v0x204e2e40_0, 0;
    %pushi/vec4 1, 0, 1;
    %assign/vec4 v0x204e31f0_0, 0;
    %jmp T_6.1;
T_6.0 ;
    %load/vec4 v0x204e37d0_0;
    %dup/vec4;
    %pushi/vec4 0, 0, 4;
    %cmp/u;
    %jmp/1 T_6.2, 6;
    %dup/vec4;
    %pushi/vec4 1, 0, 4;
    %cmp/u;
    %jmp/1 T_6.3, 6;
    %dup/vec4;
    %pushi/vec4 2, 0, 4;
    %cmp/u;
    %jmp/1 T_6.4, 6;
    %dup/vec4;
    %pushi/vec4 3, 0, 4;
    %cmp/u;
    %jmp/1 T_6.5, 6;
    %dup/vec4;
    %pushi/vec4 4, 0, 4;
    %cmp/u;
    %jmp/1 T_6.6, 6;
    %dup/vec4;
    %pushi/vec4 6, 0, 4;
    %cmp/u;
    %jmp/1 T_6.7, 6;
    %pushi/vec4 0, 0, 4;
    %assign/vec4 v0x204e37d0_0, 0;
    %jmp T_6.9;
T_6.2 ;
    %load/vec4 v0x204e3710_0;
    %flag_set/vec4 8;
    %jmp/0xz  T_6.10, 8;
    %pushi/vec4 1, 0, 1;
    %assign/vec4 v0x204e2900_0, 0;
    %pushi/vec4 0, 0, 1;
    %assign/vec4 v0x204e2750_0, 0;
    %pushi/vec4 0, 0, 1;
    %assign/vec4 v0x204e2ab0_0, 0;
    %pushi/vec4 1, 0, 1;
    %load/vec4 v0x204e2b50_0;
    %concat/vec4; draw_concat_vec4
    %load/vec4 v0x204e3550_0;
    %concat/vec4; draw_concat_vec4
    %concati/vec4 0, 0, 1;
    %assign/vec4 v0x204e3630_0, 0;
    %pushi/vec4 0, 0, 4;
    %assign/vec4 v0x204e2810_0, 0;
    %pushi/vec4 3000, 0, 16;
    %assign/vec4 v0x204e3490_0, 0;
    %pushi/vec4 1, 0, 1;
    %assign/vec4 v0x204e2d80_0, 0;
    %pushi/vec4 0, 0, 1;
    %assign/vec4 v0x204e2e40_0, 0;
    %pushi/vec4 0, 0, 1;
    %assign/vec4 v0x204e3150_0, 0;
    %pushi/vec4 1, 0, 4;
    %assign/vec4 v0x204e37d0_0, 0;
T_6.10 ;
    %jmp T_6.9;
T_6.3 ;
    %load/vec4 v0x204e3490_0;
    %pad/u 32;
    %cmpi/u 0, 0, 32;
    %flag_or 5, 4; GT is !LE
    %flag_inv 5;
    %jmp/0xz  T_6.12, 5;
    %load/vec4 v0x204e3490_0;
    %subi 1, 0, 16;
    %assign/vec4 v0x204e3490_0, 0;
    %jmp T_6.13;
T_6.12 ;
    %pushi/vec4 1, 0, 1;
    %assign/vec4 v0x204e3150_0, 0;
    %pushi/vec4 0, 0, 1;
    %assign/vec4 v0x204e31f0_0, 0;
    %pushi/vec4 20, 0, 16;
    %assign/vec4 v0x204e3490_0, 0;
    %pushi/vec4 2, 0, 4;
    %assign/vec4 v0x204e37d0_0, 0;
T_6.13 ;
    %jmp T_6.9;
T_6.4 ;
    %load/vec4 v0x204e3490_0;
    %pad/u 32;
    %cmpi/u 0, 0, 32;
    %flag_or 5, 4; GT is !LE
    %flag_inv 5;
    %jmp/0xz  T_6.14, 5;
    %load/vec4 v0x204e3490_0;
    %subi 1, 0, 16;
    %assign/vec4 v0x204e3490_0, 0;
    %jmp T_6.15;
T_6.14 ;
    %pushi/vec4 0, 0, 1;
    %assign/vec4 v0x204e2d80_0, 0;
    %pushi/vec4 3, 0, 4;
    %assign/vec4 v0x204e37d0_0, 0;
T_6.15 ;
    %jmp T_6.9;
T_6.5 ;
    %load/vec4 v0x204e2ce0_0;
    %flag_set/vec4 8;
    %jmp/0xz  T_6.16, 8;
    %load/vec4 v0x204e3630_0;
    %parti/s 1, 0, 2;
    %assign/vec4 v0x204e31f0_0, 0;
    %pushi/vec4 0, 0, 1;
    %load/vec4 v0x204e3630_0;
    %parti/s 10, 1, 2;
    %concat/vec4; draw_concat_vec4
    %assign/vec4 v0x204e3630_0, 0;
    %load/vec4 v0x204e2810_0;
    %addi 1, 0, 4;
    %assign/vec4 v0x204e2810_0, 0;
    %pushi/vec4 4, 0, 4;
    %assign/vec4 v0x204e37d0_0, 0;
T_6.16 ;
    %jmp T_6.9;
T_6.6 ;
    %load/vec4 v0x204e2810_0;
    %pad/u 32;
    %cmpi/u 11, 0, 32;
    %jmp/0xz  T_6.18, 5;
    %load/vec4 v0x204e2ce0_0;
    %flag_set/vec4 8;
    %jmp/0xz  T_6.20, 8;
    %load/vec4 v0x204e3630_0;
    %parti/s 1, 0, 2;
    %assign/vec4 v0x204e31f0_0, 0;
    %pushi/vec4 0, 0, 1;
    %load/vec4 v0x204e3630_0;
    %parti/s 10, 1, 2;
    %concat/vec4; draw_concat_vec4
    %assign/vec4 v0x204e3630_0, 0;
    %load/vec4 v0x204e2810_0;
    %addi 1, 0, 4;
    %assign/vec4 v0x204e2810_0, 0;
T_6.20 ;
    %jmp T_6.19;
T_6.18 ;
    %pushi/vec4 0, 0, 1;
    %assign/vec4 v0x204e3150_0, 0;
    %pushi/vec4 6, 0, 4;
    %assign/vec4 v0x204e37d0_0, 0;
T_6.19 ;
    %jmp T_6.9;
T_6.7 ;
    %load/vec4 v0x204e2ce0_0;
    %flag_set/vec4 8;
    %jmp/0xz  T_6.22, 8;
    %load/vec4 v0x204e3080_0;
    %nor/r;
    %flag_set/vec4 8;
    %jmp/0xz  T_6.24, 8;
    %pushi/vec4 1, 0, 1;
    %assign/vec4 v0x204e2750_0, 0;
    %jmp T_6.25;
T_6.24 ;
    %pushi/vec4 1, 0, 1;
    %assign/vec4 v0x204e2ab0_0, 0;
T_6.25 ;
    %pushi/vec4 0, 0, 1;
    %assign/vec4 v0x204e2900_0, 0;
    %pushi/vec4 0, 0, 4;
    %assign/vec4 v0x204e37d0_0, 0;
T_6.22 ;
    %jmp T_6.9;
T_6.9 ;
    %pop/vec4 1;
T_6.1 ;
    %jmp T_6;
    .thread T_6;
    .scope S_0x20467300;
T_7 ;
    %wait E_0x2048cc90;
    %load/vec4 v0x20484730_0;
    %assign/vec4 v0x204e1460_0, 0;
    %load/vec4 v0x204e1460_0;
    %assign/vec4 v0x204e13a0_0, 0;
    %load/vec4 v0x204e15b0_0;
    %assign/vec4 v0x204e1670_0, 0;
    %jmp T_7;
    .thread T_7;
    .scope S_0x20467300;
T_8 ;
    %wait E_0x203f5f60;
    %load/vec4 v0x204e1990_0;
    %nor/r;
    %flag_set/vec4 8;
    %jmp/0xz  T_8.0, 8;
    %pushi/vec4 0, 0, 11;
    %assign/vec4 v0x204e1cb0_0, 0;
    %pushi/vec4 0, 0, 4;
    %assign/vec4 v0x2048b830_0, 0;
    %pushi/vec4 0, 0, 8;
    %assign/vec4 v0x204e1a50_0, 0;
    %pushi/vec4 0, 0, 1;
    %assign/vec4 v0x204e1bf0_0, 0;
    %pushi/vec4 0, 0, 1;
    %assign/vec4 v0x204e1b30_0, 0;
    %pushi/vec4 0, 0, 1;
    %assign/vec4 v0x204e18d0_0, 0;
    %jmp T_8.1;
T_8.0 ;
    %pushi/vec4 0, 0, 1;
    %assign/vec4 v0x204e1bf0_0, 0;
    %pushi/vec4 0, 0, 1;
    %assign/vec4 v0x204e1b30_0, 0;
    %load/vec4 v0x204e18d0_0;
    %nor/r;
    %flag_set/vec4 8;
    %jmp/0xz  T_8.2, 8;
    %load/vec4 v0x204e12e0_0;
    %flag_set/vec4 9;
    %flag_get/vec4 9;
    %jmp/0 T_8.6, 9;
    %load/vec4 v0x204e1670_0;
    %nor/r;
    %and;
T_8.6;
    %flag_set/vec4 8;
    %jmp/0xz  T_8.4, 8;
    %pushi/vec4 1, 0, 1;
    %assign/vec4 v0x204e18d0_0, 0;
    %pushi/vec4 0, 0, 4;
    %assign/vec4 v0x2048b830_0, 0;
    %pushi/vec4 0, 0, 11;
    %assign/vec4 v0x204e1cb0_0, 0;
T_8.4 ;
    %jmp T_8.3;
T_8.2 ;
    %load/vec4 v0x204e12e0_0;
    %flag_set/vec4 8;
    %jmp/0xz  T_8.7, 8;
    %load/vec4 v0x2048b830_0;
    %pad/u 32;
    %cmpi/u 10, 0, 32;
    %jmp/0xz  T_8.9, 5;
    %load/vec4 v0x204e1670_0;
    %load/vec4 v0x204e1cb0_0;
    %parti/s 10, 1, 2;
    %concat/vec4; draw_concat_vec4
    %assign/vec4 v0x204e1cb0_0, 0;
    %load/vec4 v0x2048b830_0;
    %addi 1, 0, 4;
    %assign/vec4 v0x2048b830_0, 0;
    %jmp T_8.10;
T_8.9 ;
    %load/vec4 v0x204e1cb0_0;
    %parti/s 1, 10, 5;
    %flag_set/vec4 8;
    %jmp/0xz  T_8.11, 8;
    %load/vec4 v0x20484f10_0;
    %flag_set/vec4 8;
    %jmp/0xz  T_8.13, 8;
    %load/vec4 v0x204e1cb0_0;
    %parti/s 8, 1, 2;
    %assign/vec4 v0x204e1a50_0, 0;
    %pushi/vec4 1, 0, 1;
    %assign/vec4 v0x204e1bf0_0, 0;
    %jmp T_8.14;
T_8.13 ;
    %pushi/vec4 1, 0, 1;
    %assign/vec4 v0x204e1b30_0, 0;
T_8.14 ;
    %jmp T_8.12;
T_8.11 ;
    %pushi/vec4 1, 0, 1;
    %assign/vec4 v0x204e1b30_0, 0;
T_8.12 ;
    %pushi/vec4 0, 0, 1;
    %assign/vec4 v0x204e18d0_0, 0;
T_8.10 ;
T_8.7 ;
T_8.3 ;
T_8.1 ;
    %jmp T_8;
    .thread T_8;
    .scope S_0x2045cd40;
T_9 ;
    %wait E_0x203f5f60;
    %load/vec4 v0x204e54b0_0;
    %nor/r;
    %flag_set/vec4 8;
    %jmp/0xz  T_9.0, 8;
    %pushi/vec4 0, 0, 8;
    %assign/vec4 v0x204e5bd0_0, 0;
    %pushi/vec4 0, 0, 32;
    %assign/vec4 v0x204e44b0_0, 0;
    %pushi/vec4 0, 0, 8;
    %assign/vec4 v0x204e5e10_0, 0;
    %pushi/vec4 0, 0, 1;
    %assign/vec4 v0x204e5fb0_0, 0;
    %pushi/vec4 0, 0, 1;
    %assign/vec4 v0x204e4590_0, 0;
    %jmp T_9.1;
T_9.0 ;
    %load/vec4 v0x204e4ba0_0;
    %assign/vec4 v0x204e5bd0_0, 0;
    %load/vec4 v0x204e5bd0_0;
    %dup/vec4;
    %pushi/vec4 0, 0, 8;
    %cmp/u;
    %jmp/1 T_9.2, 6;
    %dup/vec4;
    %pushi/vec4 1, 0, 8;
    %cmp/u;
    %jmp/1 T_9.3, 6;
    %dup/vec4;
    %pushi/vec4 2, 0, 8;
    %cmp/u;
    %jmp/1 T_9.4, 6;
    %dup/vec4;
    %pushi/vec4 4, 0, 8;
    %cmp/u;
    %jmp/1 T_9.5, 6;
    %dup/vec4;
    %pushi/vec4 5, 0, 8;
    %cmp/u;
    %jmp/1 T_9.6, 6;
    %dup/vec4;
    %pushi/vec4 6, 0, 8;
    %cmp/u;
    %jmp/1 T_9.7, 6;
    %load/vec4 v0x204e5fb0_0;
    %flag_set/vec4 8;
    %jmp/0xz  T_9.10, 8;
    %pushi/vec4 0, 0, 1;
    %assign/vec4 v0x204e5fb0_0, 0;
T_9.10 ;
    %load/vec4 v0x204e44b0_0;
    %cmpi/u 0, 0, 32;
    %flag_or 5, 4; GT is !LE
    %flag_inv 5;
    %jmp/0xz  T_9.12, 5;
    %load/vec4 v0x204e44b0_0;
    %subi 1, 0, 32;
    %assign/vec4 v0x204e44b0_0, 0;
T_9.12 ;
    %jmp T_9.9;
T_9.2 ;
    %load/vec4 v0x204e44b0_0;
    %cmpi/e 0, 0, 32;
    %jmp/0xz  T_9.14, 4;
    %pushi/vec4 2700000, 0, 32;
    %assign/vec4 v0x204e44b0_0, 0;
    %jmp T_9.15;
T_9.14 ;
    %load/vec4 v0x204e44b0_0;
    %subi 1, 0, 32;
    %assign/vec4 v0x204e44b0_0, 0;
T_9.15 ;
    %jmp T_9.9;
T_9.3 ;
    %load/vec4 v0x204e44b0_0;
    %cmpi/e 0, 0, 32;
    %jmp/0xz  T_9.16, 4;
    %pushi/vec4 255, 0, 8;
    %assign/vec4 v0x204e5e10_0, 0;
    %pushi/vec4 1, 0, 1;
    %assign/vec4 v0x204e5fb0_0, 0;
    %jmp T_9.17;
T_9.16 ;
    %load/vec4 v0x204e44b0_0;
    %subi 1, 0, 32;
    %assign/vec4 v0x204e44b0_0, 0;
T_9.17 ;
    %jmp T_9.9;
T_9.4 ;
    %load/vec4 v0x204e5fb0_0;
    %flag_set/vec4 8;
    %jmp/0xz  T_9.18, 8;
    %pushi/vec4 0, 0, 1;
    %assign/vec4 v0x204e5fb0_0, 0;
T_9.18 ;
    %jmp T_9.9;
T_9.5 ;
    %load/vec4 v0x204e5b00_0;
    %flag_set/vec4 8;
    %jmp/0xz  T_9.20, 8;
    %pushi/vec4 270000, 0, 32;
    %assign/vec4 v0x204e44b0_0, 0;
    %jmp T_9.21;
T_9.20 ;
    %load/vec4 v0x204e44b0_0;
    %cmpi/u 0, 0, 32;
    %flag_or 5, 4; GT is !LE
    %flag_inv 5;
    %jmp/0xz  T_9.22, 5;
    %load/vec4 v0x204e44b0_0;
    %subi 1, 0, 32;
    %assign/vec4 v0x204e44b0_0, 0;
T_9.22 ;
T_9.21 ;
    %jmp T_9.9;
T_9.6 ;
    %load/vec4 v0x204e44b0_0;
    %cmpi/e 0, 0, 32;
    %flag_get/vec4 4;
    %jmp/0 T_9.27, 4;
    %load/vec4 v0x204e5d40_0;
    %nor/r;
    %and;
T_9.27;
    %flag_set/vec4 9;
    %flag_get/vec4 9;
    %jmp/0 T_9.26, 9;
    %load/vec4 v0x204e5fb0_0;
    %nor/r;
    %and;
T_9.26;
    %flag_set/vec4 8;
    %jmp/0xz  T_9.24, 8;
    %pushi/vec4 244, 0, 8;
    %assign/vec4 v0x204e5e10_0, 0;
    %pushi/vec4 1, 0, 1;
    %assign/vec4 v0x204e5fb0_0, 0;
    %jmp T_9.25;
T_9.24 ;
    %load/vec4 v0x204e5fb0_0;
    %flag_set/vec4 8;
    %jmp/0xz  T_9.28, 8;
    %pushi/vec4 0, 0, 1;
    %assign/vec4 v0x204e5fb0_0, 0;
T_9.28 ;
    %load/vec4 v0x204e44b0_0;
    %cmpi/u 0, 0, 32;
    %flag_or 5, 4; GT is !LE
    %flag_inv 5;
    %jmp/0xz  T_9.30, 5;
    %load/vec4 v0x204e44b0_0;
    %subi 1, 0, 32;
    %assign/vec4 v0x204e44b0_0, 0;
T_9.30 ;
T_9.25 ;
    %jmp T_9.9;
T_9.7 ;
    %load/vec4 v0x204e5fb0_0;
    %flag_set/vec4 8;
    %jmp/0xz  T_9.32, 8;
    %pushi/vec4 0, 0, 1;
    %assign/vec4 v0x204e5fb0_0, 0;
T_9.32 ;
    %load/vec4 v0x204e5d40_0;
    %nor/r;
    %flag_set/vec4 11;
    %flag_get/vec4 11;
    %jmp/0 T_9.38, 11;
    %load/vec4 v0x204e5c70_0;
    %and;
T_9.38;
    %flag_set/vec4 10;
    %flag_get/vec4 10;
    %jmp/0 T_9.37, 10;
    %load/vec4 v0x204e5b00_0;
    %and;
T_9.37;
    %flag_set/vec4 9;
    %flag_get/vec4 9;
    %jmp/0 T_9.36, 9;
    %load/vec4 v0x204e55a0_0;
    %pushi/vec4 250, 0, 8;
    %cmp/e;
    %flag_get/vec4 4;
    %and;
T_9.36;
    %flag_set/vec4 8;
    %jmp/0xz  T_9.34, 8;
    %pushi/vec4 1, 0, 1;
    %assign/vec4 v0x204e4590_0, 0;
T_9.34 ;
    %jmp T_9.9;
T_9.9 ;
    %pop/vec4 1;
T_9.1 ;
    %jmp T_9;
    .thread T_9;
    .scope S_0x2045cd40;
T_10 ;
    %wait E_0x203d2b70;
    %load/vec4 v0x204e5bd0_0;
    %store/vec4 v0x204e4ba0_0, 0, 8;
    %load/vec4 v0x204e5bd0_0;
    %dup/vec4;
    %pushi/vec4 0, 0, 8;
    %cmp/u;
    %jmp/1 T_10.0, 6;
    %dup/vec4;
    %pushi/vec4 1, 0, 8;
    %cmp/u;
    %jmp/1 T_10.1, 6;
    %dup/vec4;
    %pushi/vec4 2, 0, 8;
    %cmp/u;
    %jmp/1 T_10.2, 6;
    %dup/vec4;
    %pushi/vec4 3, 0, 8;
    %cmp/u;
    %jmp/1 T_10.3, 6;
    %dup/vec4;
    %pushi/vec4 4, 0, 8;
    %cmp/u;
    %jmp/1 T_10.4, 6;
    %dup/vec4;
    %pushi/vec4 5, 0, 8;
    %cmp/u;
    %jmp/1 T_10.5, 6;
    %dup/vec4;
    %pushi/vec4 6, 0, 8;
    %cmp/u;
    %jmp/1 T_10.6, 6;
    %dup/vec4;
    %pushi/vec4 7, 0, 8;
    %cmp/u;
    %jmp/1 T_10.7, 6;
    %pushi/vec4 0, 0, 8;
    %store/vec4 v0x204e4ba0_0, 0, 8;
    %jmp T_10.9;
T_10.0 ;
    %load/vec4 v0x204e44b0_0;
    %cmpi/e 0, 0, 32;
    %jmp/0xz  T_10.10, 4;
    %pushi/vec4 1, 0, 8;
    %store/vec4 v0x204e4ba0_0, 0, 8;
T_10.10 ;
    %jmp T_10.9;
T_10.1 ;
    %load/vec4 v0x204e44b0_0;
    %cmpi/e 0, 0, 32;
    %jmp/0xz  T_10.12, 4;
    %pushi/vec4 2, 0, 8;
    %store/vec4 v0x204e4ba0_0, 0, 8;
T_10.12 ;
    %jmp T_10.9;
T_10.2 ;
    %load/vec4 v0x204e5d40_0;
    %nor/r;
    %flag_set/vec4 9;
    %flag_get/vec4 9;
    %jmp/0 T_10.16, 9;
    %load/vec4 v0x204e5c70_0;
    %and;
T_10.16;
    %flag_set/vec4 8;
    %jmp/0xz  T_10.14, 8;
    %pushi/vec4 3, 0, 8;
    %store/vec4 v0x204e4ba0_0, 0, 8;
T_10.14 ;
    %jmp T_10.9;
T_10.3 ;
    %load/vec4 v0x204e5b00_0;
    %flag_set/vec4 9;
    %flag_get/vec4 9;
    %jmp/0 T_10.19, 9;
    %load/vec4 v0x204e55a0_0;
    %pushi/vec4 170, 0, 8;
    %cmp/e;
    %flag_get/vec4 4;
    %and;
T_10.19;
    %flag_set/vec4 8;
    %jmp/0xz  T_10.17, 8;
    %pushi/vec4 4, 0, 8;
    %store/vec4 v0x204e4ba0_0, 0, 8;
T_10.17 ;
    %jmp T_10.9;
T_10.4 ;
    %load/vec4 v0x204e5b00_0;
    %flag_set/vec4 8;
    %jmp/0xz  T_10.20, 8;
    %pushi/vec4 5, 0, 8;
    %store/vec4 v0x204e4ba0_0, 0, 8;
T_10.20 ;
    %jmp T_10.9;
T_10.5 ;
    %load/vec4 v0x204e44b0_0;
    %cmpi/e 0, 0, 32;
    %flag_get/vec4 4;
    %jmp/0 T_10.24, 4;
    %load/vec4 v0x204e5d40_0;
    %nor/r;
    %and;
T_10.24;
    %flag_set/vec4 8;
    %jmp/0xz  T_10.22, 8;
    %pushi/vec4 6, 0, 8;
    %store/vec4 v0x204e4ba0_0, 0, 8;
T_10.22 ;
    %jmp T_10.9;
T_10.6 ;
    %load/vec4 v0x204e5d40_0;
    %nor/r;
    %flag_set/vec4 9;
    %flag_get/vec4 9;
    %jmp/0 T_10.27, 9;
    %load/vec4 v0x204e5c70_0;
    %and;
T_10.27;
    %flag_set/vec4 8;
    %jmp/0xz  T_10.25, 8;
    %load/vec4 v0x204e5b00_0;
    %flag_set/vec4 9;
    %flag_get/vec4 9;
    %jmp/0 T_10.30, 9;
    %load/vec4 v0x204e55a0_0;
    %pushi/vec4 250, 0, 8;
    %cmp/e;
    %flag_get/vec4 4;
    %and;
T_10.30;
    %flag_set/vec4 8;
    %jmp/0xz  T_10.28, 8;
    %pushi/vec4 7, 0, 8;
    %store/vec4 v0x204e4ba0_0, 0, 8;
T_10.28 ;
T_10.25 ;
    %jmp T_10.9;
T_10.7 ;
    %jmp T_10.9;
T_10.9 ;
    %pop/vec4 1;
    %jmp T_10;
    .thread T_10, $push;
    .scope S_0x2045cd40;
T_11 ;
    %wait E_0x203f5f60;
    %load/vec4 v0x204e54b0_0;
    %nor/r;
    %flag_set/vec4 8;
    %jmp/0xz  T_11.0, 8;
    %pushi/vec4 0, 0, 2;
    %assign/vec4 v0x204e3fa0_0, 0;
    %pushi/vec4 0, 0, 8;
    %assign/vec4 v0x204e4c80_0, 0;
    %pushi/vec4 0, 0, 8;
    %assign/vec4 v0x204e4d60_0, 0;
    %pushi/vec4 0, 0, 8;
    %assign/vec4 v0x204e4e40_0, 0;
    %pushi/vec4 0, 0, 1;
    %assign/vec4 v0x204e4fe0_0, 0;
    %pushi/vec4 0, 0, 9;
    %assign/vec4 v0x204e47f0_0, 0;
    %pushi/vec4 0, 0, 9;
    %assign/vec4 v0x204e4ac0_0, 0;
    %pushi/vec4 0, 0, 3;
    %assign/vec4 v0x204e3ec0_0, 0;
    %jmp T_11.1;
T_11.0 ;
    %pushi/vec4 0, 0, 1;
    %assign/vec4 v0x204e4fe0_0, 0;
    %load/vec4 v0x204e5bd0_0;
    %cmpi/e 7, 0, 8;
    %flag_get/vec4 4;
    %jmp/0 T_11.5, 4;
    %load/vec4 v0x204e5b00_0;
    %and;
T_11.5;
    %flag_set/vec4 9;
    %flag_get/vec4 9;
    %jmp/0 T_11.4, 9;
    %load/vec4 v0x204e5a30_0;
    %nor/r;
    %and;
T_11.4;
    %flag_set/vec4 8;
    %jmp/0xz  T_11.2, 8;
    %load/vec4 v0x204e3fa0_0;
    %dup/vec4;
    %pushi/vec4 0, 0, 2;
    %cmp/u;
    %jmp/1 T_11.6, 6;
    %dup/vec4;
    %pushi/vec4 1, 0, 2;
    %cmp/u;
    %jmp/1 T_11.7, 6;
    %dup/vec4;
    %pushi/vec4 2, 0, 2;
    %cmp/u;
    %jmp/1 T_11.8, 6;
    %pushi/vec4 0, 0, 2;
    %assign/vec4 v0x204e3fa0_0, 0;
    %jmp T_11.10;
T_11.6 ;
    %load/vec4 v0x204e55a0_0;
    %parti/s 1, 3, 3;
    %flag_set/vec4 8;
    %jmp/0xz  T_11.11, 8;
    %load/vec4 v0x204e55a0_0;
    %assign/vec4 v0x204e4c80_0, 0;
    %pushi/vec4 1, 0, 2;
    %assign/vec4 v0x204e3fa0_0, 0;
T_11.11 ;
    %jmp T_11.10;
T_11.7 ;
    %load/vec4 v0x204e55a0_0;
    %assign/vec4 v0x204e4d60_0, 0;
    %pushi/vec4 2, 0, 2;
    %assign/vec4 v0x204e3fa0_0, 0;
    %jmp T_11.10;
T_11.8 ;
    %load/vec4 v0x204e55a0_0;
    %assign/vec4 v0x204e4e40_0, 0;
    %pushi/vec4 0, 0, 2;
    %assign/vec4 v0x204e3fa0_0, 0;
    %load/vec4 v0x204e4c80_0;
    %parti/s 3, 0, 2;
    %assign/vec4 v0x204e3ec0_0, 0;
    %load/vec4 v0x204e4c80_0;
    %parti/s 1, 4, 4;
    %load/vec4 v0x204e4d60_0;
    %concat/vec4; draw_concat_vec4
    %assign/vec4 v0x204e47f0_0, 0;
    %load/vec4 v0x204e4c80_0;
    %parti/s 1, 5, 4;
    %load/vec4 v0x204e55a0_0;
    %concat/vec4; draw_concat_vec4
    %assign/vec4 v0x204e4ac0_0, 0;
    %pushi/vec4 1, 0, 1;
    %assign/vec4 v0x204e4fe0_0, 0;
    %jmp T_11.10;
T_11.10 ;
    %pop/vec4 1;
T_11.2 ;
    %load/vec4 v0x204e5a30_0;
    %flag_set/vec4 8;
    %jmp/1 T_11.15, 8;
    %load/vec4 v0x204e5bd0_0;
    %cmpi/ne 7, 0, 8;
    %flag_or 8, 4;
T_11.15;
    %jmp/0xz  T_11.13, 8;
    %pushi/vec4 0, 0, 2;
    %assign/vec4 v0x204e3fa0_0, 0;
T_11.13 ;
T_11.1 ;
    %jmp T_11;
    .thread T_11;
    .scope S_0x204bbaf0;
T_12 ;
    %pushi/vec4 0, 0, 1;
    %store/vec4 v0x204e82d0_0, 0, 1;
    %end;
    .thread T_12;
    .scope S_0x204bbaf0;
T_13 ;
    %delay 18000, 0;
    %load/vec4 v0x204e82d0_0;
    %inv;
    %store/vec4 v0x204e82d0_0, 0, 1;
    %jmp T_13;
    .thread T_13;
    .scope S_0x204bbaf0;
T_14 ;
    %wait E_0x2048cc90;
    %load/vec4 v0x204e8a40_0;
    %flag_set/vec4 8;
    %jmp/0xz  T_14.0, 8;
    %load/vec4 v0x204e85b0_0;
    %load/vec4 v0x204e8730_0;
    %pad/s 16;
    %add;
    %store/vec4 v0x204e85b0_0, 0, 16;
    %load/vec4 v0x204e8650_0;
    %load/vec4 v0x204e8820_0;
    %pad/s 16;
    %add;
    %store/vec4 v0x204e8650_0, 0, 16;
    %load/vec4 v0x204e8980_0;
    %addi 1, 0, 32;
    %store/vec4 v0x204e8980_0, 0, 32;
    %vpi_call 2 86 "$display", "[%0t] PAQUETE #%0d RECIBIDO:", $time, v0x204e8980_0 {0 0 0};
    %load/vec4 v0x204e8730_0;
    %vpi_call 2 87 "$display", "       Delta X = %0d (0x%02X)", S<0,vec4,s9>, &PV<v0x204e8730_0, 0, 8> {1 0 0};
    %load/vec4 v0x204e8820_0;
    %vpi_call 2 88 "$display", "       Delta Y = %0d (0x%02X)", S<0,vec4,s9>, &PV<v0x204e8820_0, 0, 8> {1 0 0};
    %vpi_call 2 89 "$display", "       Botones = [M=%b R=%b L=%b]", &PV<v0x204e81f0_0, 2, 1>, &PV<v0x204e81f0_0, 1, 1>, &PV<v0x204e81f0_0, 0, 1> {0 0 0};
    %vpi_call 2 90 "$display", "       Posici\303\263n Acumulada: X=%0d, Y=%0d", v0x204e85b0_0, v0x204e8650_0 {0 0 0};
    %vpi_call 2 91 "$display", "\000" {0 0 0};
T_14.0 ;
    %jmp T_14;
    .thread T_14;
    .scope S_0x204bbaf0;
T_15 ;
    %wait E_0x2048cc90;
    %load/vec4 v0x204e91d0_0;
    %flag_set/vec4 8;
    %jmp/0xz  T_15.0, 8;
    %vpi_call 2 98 "$display", "[%0t] RX: Byte recibido = 0x%02X", $time, v0x204e8f20_0 {0 0 0};
T_15.0 ;
    %load/vec4 v0x204e9100_0;
    %flag_set/vec4 8;
    %jmp/0xz  T_15.2, 8;
    %vpi_call 2 101 "$display", "[%0t] RX: ERROR de paridad!", $time {0 0 0};
T_15.2 ;
    %jmp T_15;
    .thread T_15;
    .scope S_0x204bbaf0;
T_16 ;
    %vpi_call 2 197 "$dumpfile", "bench_quark.vcd" {0 0 0};
    %vpi_call 2 198 "$dumpvars", 32'sb00000000000000000000000000000000, S_0x204bbaf0 {0 0 0};
    %pushi/vec4 0, 0, 1;
    %store/vec4 v0x204e82d0_0, 0, 1;
    %pushi/vec4 0, 0, 1;
    %store/vec4 v0x204e8df0_0, 0, 1;
    %pushi/vec4 1, 0, 1;
    %store/vec4 v0x204e8b10_0, 0, 1;
    %pushi/vec4 1, 0, 1;
    %store/vec4 v0x204e8c80_0, 0, 1;
    %pushi/vec4 0, 0, 16;
    %store/vec4 v0x204e85b0_0, 0, 16;
    %pushi/vec4 0, 0, 16;
    %store/vec4 v0x204e8650_0, 0, 16;
    %pushi/vec4 0, 0, 32;
    %store/vec4 v0x204e8980_0, 0, 32;
    %pushi/vec4 0, 0, 1;
    %store/vec4 v0x204e8470_0, 0, 1;
    %vpi_call 2 210 "$display", "========================================" {0 0 0};
    %vpi_call 2 211 "$display", "  PS/2 MOUSE TESTBENCH SIMPLIFICADO" {0 0 0};
    %vpi_call 2 212 "$display", "========================================" {0 0 0};
    %vpi_call 2 213 "$display", "Este testbench prueba directamente la" {0 0 0};
    %vpi_call 2 214 "$display", "recepci\303\263n y decodificaci\303\263n de paquetes" {0 0 0};
    %vpi_call 2 215 "$display", "del mouse sin inicializaci\303\263n completa." {0 0 0};
    %vpi_call 2 216 "$display", "========================================\012" {0 0 0};
    %delay 370000, 0;
    %pushi/vec4 1, 0, 1;
    %store/vec4 v0x204e8df0_0, 0, 1;
    %vpi_call 2 221 "$display", "[%0t] Reset liberado\012", $time {0 0 0};
    %delay 1850000, 0;
    %pushi/vec4 7, 0, 8;
    %force/vec4 v0x204e5bd0_0;
    %pushi/vec4 1, 0, 1;
    %force/vec4 v0x204e4590_0;
    %vpi_call 2 228 "$display", "[%0t] Estado forzado a STREAM_MODE para pruebas\012", $time {0 0 0};
    %delay 740000, 0;
    %vpi_call 2 234 "$display", "========================================" {0 0 0};
    %vpi_call 2 235 "$display", "PRUEBA 1: Receptor individual" {0 0 0};
    %vpi_call 2 236 "$display", "========================================\012" {0 0 0};
    %vpi_call 2 238 "$display", "Enviando byte 0xAA..." {0 0 0};
    %pushi/vec4 170, 0, 8;
    %store/vec4 v0x204e7660_0, 0, 8;
    %fork TD_bench_quark.ps2_send_byte, S_0x204e74d0;
    %join;
    %delay 150000000, 0;
    %vpi_call 2 242 "$display", "Enviando byte 0x55..." {0 0 0};
    %pushi/vec4 85, 0, 8;
    %store/vec4 v0x204e7660_0, 0, 8;
    %fork TD_bench_quark.ps2_send_byte, S_0x204e74d0;
    %join;
    %delay 150000000, 0;
    %vpi_call 2 246 "$display", "\012Prueba 1 completada.\012" {0 0 0};
    %vpi_call 2 251 "$display", "========================================" {0 0 0};
    %vpi_call 2 252 "$display", "PRUEBA 2: Paquetes de mouse completos" {0 0 0};
    %vpi_call 2 253 "$display", "========================================\012" {0 0 0};
    %pushi/vec4 5, 0, 9;
    %store/vec4 v0x204e7ad0_0, 0, 9;
    %pushi/vec4 5, 0, 9;
    %store/vec4 v0x204e7bd0_0, 0, 9;
    %pushi/vec4 0, 0, 1;
    %store/vec4 v0x204e7cb0_0, 0, 1;
    %pushi/vec4 0, 0, 1;
    %store/vec4 v0x204e7e40_0, 0, 1;
    %pushi/vec4 0, 0, 1;
    %store/vec4 v0x204e7d80_0, 0, 1;
    %fork TD_bench_quark.send_mouse_packet, S_0x204e78f0;
    %join;
    %delay 300000000, 0;
    %pushi/vec4 10, 0, 9;
    %store/vec4 v0x204e7ad0_0, 0, 9;
    %pushi/vec4 10, 0, 9;
    %store/vec4 v0x204e7bd0_0, 0, 9;
    %pushi/vec4 1, 0, 1;
    %store/vec4 v0x204e7cb0_0, 0, 1;
    %pushi/vec4 0, 0, 1;
    %store/vec4 v0x204e7e40_0, 0, 1;
    %pushi/vec4 1, 0, 1;
    %store/vec4 v0x204e7d80_0, 0, 1;
    %fork TD_bench_quark.send_mouse_packet, S_0x204e78f0;
    %join;
    %delay 300000000, 0;
    %pushi/vec4 15, 0, 9;
    %store/vec4 v0x204e7ad0_0, 0, 9;
    %pushi/vec4 15, 0, 9;
    %store/vec4 v0x204e7bd0_0, 0, 9;
    %pushi/vec4 0, 0, 1;
    %store/vec4 v0x204e7cb0_0, 0, 1;
    %pushi/vec4 1, 0, 1;
    %store/vec4 v0x204e7e40_0, 0, 1;
    %pushi/vec4 0, 0, 1;
    %store/vec4 v0x204e7d80_0, 0, 1;
    %fork TD_bench_quark.send_mouse_packet, S_0x204e78f0;
    %join;
    %delay 300000000, 0;
    %pushi/vec4 8, 0, 9;
    %store/vec4 v0x204e7ad0_0, 0, 9;
    %pushi/vec4 8, 0, 9;
    %store/vec4 v0x204e7bd0_0, 0, 9;
    %pushi/vec4 0, 0, 1;
    %store/vec4 v0x204e7cb0_0, 0, 1;
    %pushi/vec4 0, 0, 1;
    %store/vec4 v0x204e7e40_0, 0, 1;
    %pushi/vec4 1, 0, 1;
    %store/vec4 v0x204e7d80_0, 0, 1;
    %fork TD_bench_quark.send_mouse_packet, S_0x204e78f0;
    %join;
    %delay 300000000, 0;
    %pushi/vec4 505, 0, 9;
    %store/vec4 v0x204e7ad0_0, 0, 9;
    %pushi/vec4 505, 0, 9;
    %store/vec4 v0x204e7bd0_0, 0, 9;
    %pushi/vec4 1, 0, 1;
    %store/vec4 v0x204e7cb0_0, 0, 1;
    %pushi/vec4 1, 0, 1;
    %store/vec4 v0x204e7e40_0, 0, 1;
    %pushi/vec4 1, 0, 1;
    %store/vec4 v0x204e7d80_0, 0, 1;
    %fork TD_bench_quark.send_mouse_packet, S_0x204e78f0;
    %join;
    %delay 300000000, 0;
    %pushi/vec4 20, 0, 9;
    %store/vec4 v0x204e7ad0_0, 0, 9;
    %pushi/vec4 20, 0, 9;
    %store/vec4 v0x204e7bd0_0, 0, 9;
    %pushi/vec4 0, 0, 1;
    %store/vec4 v0x204e7cb0_0, 0, 1;
    %pushi/vec4 0, 0, 1;
    %store/vec4 v0x204e7e40_0, 0, 1;
    %pushi/vec4 0, 0, 1;
    %store/vec4 v0x204e7d80_0, 0, 1;
    %fork TD_bench_quark.send_mouse_packet, S_0x204e78f0;
    %join;
    %delay 300000000, 0;
    %pushi/vec4 500, 0, 9;
    %store/vec4 v0x204e7ad0_0, 0, 9;
    %pushi/vec4 500, 0, 9;
    %store/vec4 v0x204e7bd0_0, 0, 9;
    %pushi/vec4 1, 0, 1;
    %store/vec4 v0x204e7cb0_0, 0, 1;
    %pushi/vec4 1, 0, 1;
    %store/vec4 v0x204e7e40_0, 0, 1;
    %pushi/vec4 0, 0, 1;
    %store/vec4 v0x204e7d80_0, 0, 1;
    %fork TD_bench_quark.send_mouse_packet, S_0x204e78f0;
    %join;
    %delay 300000000, 0;
    %pushi/vec4 50, 0, 9;
    %store/vec4 v0x204e7ad0_0, 0, 9;
    %pushi/vec4 50, 0, 9;
    %store/vec4 v0x204e7bd0_0, 0, 9;
    %pushi/vec4 0, 0, 1;
    %store/vec4 v0x204e7cb0_0, 0, 1;
    %pushi/vec4 0, 0, 1;
    %store/vec4 v0x204e7e40_0, 0, 1;
    %pushi/vec4 0, 0, 1;
    %store/vec4 v0x204e7d80_0, 0, 1;
    %fork TD_bench_quark.send_mouse_packet, S_0x204e78f0;
    %join;
    %delay 300000000, 0;
    %vpi_call 2 290 "$display", "========================================" {0 0 0};
    %vpi_call 2 291 "$display", "PRUEBA 3: Error de paridad" {0 0 0};
    %vpi_call 2 292 "$display", "========================================\012" {0 0 0};
    %vpi_call 2 294 "$display", "Enviando byte con paridad incorrecta..." {0 0 0};
    %pushi/vec4 1, 0, 1;
    %store/vec4 v0x204e8b10_0, 0, 1;
    %pushi/vec4 0, 0, 1;
    %store/vec4 v0x204e8c80_0, 0, 1;
    %delay 15000000, 0;
    %pushi/vec4 0, 0, 1;
    %store/vec4 v0x204e8b10_0, 0, 1;
    %delay 15000000, 0;
    %pushi/vec4 1, 0, 1;
    %store/vec4 v0x204e8b10_0, 0, 1;
    %pushi/vec4 0, 0, 1;
    %store/vec4 v0x204e8c80_0, 0, 1;
    %delay 15000000, 0;
    %pushi/vec4 0, 0, 1;
    %store/vec4 v0x204e8b10_0, 0, 1;
    %delay 15000000, 0;
    %pushi/vec4 1, 0, 1;
    %store/vec4 v0x204e8b10_0, 0, 1;
    %pushi/vec4 1, 0, 1;
    %store/vec4 v0x204e8c80_0, 0, 1;
    %delay 15000000, 0;
    %pushi/vec4 0, 0, 1;
    %store/vec4 v0x204e8b10_0, 0, 1;
    %delay 15000000, 0;
    %pushi/vec4 1, 0, 1;
    %store/vec4 v0x204e8b10_0, 0, 1;
    %pushi/vec4 0, 0, 1;
    %store/vec4 v0x204e8c80_0, 0, 1;
    %delay 15000000, 0;
    %pushi/vec4 0, 0, 1;
    %store/vec4 v0x204e8b10_0, 0, 1;
    %delay 15000000, 0;
    %pushi/vec4 1, 0, 1;
    %store/vec4 v0x204e8b10_0, 0, 1;
    %pushi/vec4 1, 0, 1;
    %store/vec4 v0x204e8c80_0, 0, 1;
    %delay 15000000, 0;
    %pushi/vec4 0, 0, 1;
    %store/vec4 v0x204e8b10_0, 0, 1;
    %delay 15000000, 0;
    %pushi/vec4 1, 0, 1;
    %store/vec4 v0x204e8b10_0, 0, 1;
    %pushi/vec4 0, 0, 1;
    %store/vec4 v0x204e8c80_0, 0, 1;
    %delay 15000000, 0;
    %pushi/vec4 0, 0, 1;
    %store/vec4 v0x204e8b10_0, 0, 1;
    %delay 15000000, 0;
    %pushi/vec4 1, 0, 1;
    %store/vec4 v0x204e8b10_0, 0, 1;
    %pushi/vec4 1, 0, 1;
    %store/vec4 v0x204e8c80_0, 0, 1;
    %delay 15000000, 0;
    %pushi/vec4 0, 0, 1;
    %store/vec4 v0x204e8b10_0, 0, 1;
    %delay 15000000, 0;
    %pushi/vec4 1, 0, 1;
    %store/vec4 v0x204e8b10_0, 0, 1;
    %pushi/vec4 0, 0, 1;
    %store/vec4 v0x204e8c80_0, 0, 1;
    %delay 15000000, 0;
    %pushi/vec4 0, 0, 1;
    %store/vec4 v0x204e8b10_0, 0, 1;
    %delay 15000000, 0;
    %pushi/vec4 1, 0, 1;
    %store/vec4 v0x204e8b10_0, 0, 1;
    %pushi/vec4 1, 0, 1;
    %store/vec4 v0x204e8c80_0, 0, 1;
    %delay 15000000, 0;
    %pushi/vec4 0, 0, 1;
    %store/vec4 v0x204e8b10_0, 0, 1;
    %delay 15000000, 0;
    %pushi/vec4 1, 0, 1;
    %store/vec4 v0x204e8b10_0, 0, 1;
    %pushi/vec4 0, 0, 1;
    %store/vec4 v0x204e8c80_0, 0, 1;
    %delay 15000000, 0;
    %pushi/vec4 0, 0, 1;
    %store/vec4 v0x204e8b10_0, 0, 1;
    %delay 15000000, 0;
    %pushi/vec4 1, 0, 1;
    %store/vec4 v0x204e8b10_0, 0, 1;
    %pushi/vec4 1, 0, 1;
    %store/vec4 v0x204e8c80_0, 0, 1;
    %delay 15000000, 0;
    %pushi/vec4 0, 0, 1;
    %store/vec4 v0x204e8b10_0, 0, 1;
    %delay 15000000, 0;
    %delay 150000000, 0;
    %vpi_call 2 320 "$display", "Debe haberse detectado error de paridad.\012" {0 0 0};
    %delay 600000000, 0;
    %release/reg v0x204e5bd0_0, 0, 8;
    %release/reg v0x204e4590_0, 0, 1;
    %vpi_call 2 330 "$display", "========================================" {0 0 0};
    %vpi_call 2 331 "$display", "RESUMEN DE SIMULACI\303\223N" {0 0 0};
    %vpi_call 2 332 "$display", "========================================" {0 0 0};
    %vpi_call 2 333 "$display", "Total de paquetes recibidos: %0d", v0x204e8980_0 {0 0 0};
    %vpi_call 2 334 "$display", "Posici\303\263n final del mouse:" {0 0 0};
    %vpi_call 2 335 "$display", "  X = %0d", v0x204e85b0_0 {0 0 0};
    %vpi_call 2 336 "$display", "  Y = %0d", v0x204e8650_0 {0 0 0};
    %vpi_call 2 337 "$display", "========================================" {0 0 0};
    %vpi_call 2 338 "$display", "\012\302\241Simulaci\303\263n completada exitosamente!" {0 0 0};
    %delay 3700000, 0;
    %vpi_call 2 341 "$finish" {0 0 0};
    %end;
    .thread T_16;
    .scope S_0x204bbaf0;
T_17 ;
    %delay 2820130816, 4;
    %vpi_call 2 347 "$display", "\012ERROR: Timeout de simulaci\303\263n alcanzado" {0 0 0};
    %vpi_call 2 348 "$finish" {0 0 0};
    %end;
    .thread T_17;
    .scope S_0x204eb090;
T_18 ;
    %wait E_0x2048c890;
    %load/vec4 v0x204ebef0_0;
    %assign/vec4 v0x204ec2a0_0, 0;
    %load/vec4 v0x204ec2a0_0;
    %assign/vec4 v0x204ec1e0_0, 0;
    %jmp T_18;
    .thread T_18;
    .scope S_0x204eb090;
T_19 ;
    %wait E_0x2046b320;
    %load/vec4 v0x204ec830_0;
    %xnor/r;
    %store/vec4 v0x204ebe30_0, 0, 1;
    %jmp T_19;
    .thread T_19, $push;
    .scope S_0x204eb090;
T_20 ;
    %wait E_0x2046cc30;
    %load/vec4 v0x204ec590_0;
    %nor/r;
    %flag_set/vec4 8;
    %jmp/0xz  T_20.0, 8;
    %pushi/vec4 0, 0, 4;
    %assign/vec4 v0x204ecab0_0, 0;
    %pushi/vec4 0, 0, 16;
    %assign/vec4 v0x204ec770_0, 0;
    %pushi/vec4 0, 0, 4;
    %assign/vec4 v0x204ebaf0_0, 0;
    %pushi/vec4 0, 0, 1;
    %assign/vec4 v0x204ebbe0_0, 0;
    %pushi/vec4 0, 0, 1;
    %assign/vec4 v0x204eba30_0, 0;
    %pushi/vec4 0, 0, 1;
    %assign/vec4 v0x204ebd90_0, 0;
    %pushi/vec4 0, 0, 1;
    %assign/vec4 v0x204ec060_0, 0;
    %pushi/vec4 0, 0, 1;
    %assign/vec4 v0x204ec430_0, 0;
    %pushi/vec4 1, 0, 1;
    %assign/vec4 v0x204ec120_0, 0;
    %pushi/vec4 1, 0, 1;
    %assign/vec4 v0x204ec4d0_0, 0;
    %jmp T_20.1;
T_20.0 ;
    %load/vec4 v0x204ecab0_0;
    %dup/vec4;
    %pushi/vec4 0, 0, 4;
    %cmp/u;
    %jmp/1 T_20.2, 6;
    %dup/vec4;
    %pushi/vec4 1, 0, 4;
    %cmp/u;
    %jmp/1 T_20.3, 6;
    %dup/vec4;
    %pushi/vec4 2, 0, 4;
    %cmp/u;
    %jmp/1 T_20.4, 6;
    %dup/vec4;
    %pushi/vec4 3, 0, 4;
    %cmp/u;
    %jmp/1 T_20.5, 6;
    %dup/vec4;
    %pushi/vec4 4, 0, 4;
    %cmp/u;
    %jmp/1 T_20.6, 6;
    %dup/vec4;
    %pushi/vec4 6, 0, 4;
    %cmp/u;
    %jmp/1 T_20.7, 6;
    %pushi/vec4 0, 0, 4;
    %assign/vec4 v0x204ecab0_0, 0;
    %jmp T_20.9;
T_20.2 ;
    %load/vec4 v0x204ec9f0_0;
    %flag_set/vec4 8;
    %jmp/0xz  T_20.10, 8;
    %pushi/vec4 1, 0, 1;
    %assign/vec4 v0x204ebbe0_0, 0;
    %pushi/vec4 0, 0, 1;
    %assign/vec4 v0x204eba30_0, 0;
    %pushi/vec4 0, 0, 1;
    %assign/vec4 v0x204ebd90_0, 0;
    %pushi/vec4 1, 0, 1;
    %load/vec4 v0x204ebe30_0;
    %concat/vec4; draw_concat_vec4
    %load/vec4 v0x204ec830_0;
    %concat/vec4; draw_concat_vec4
    %concati/vec4 0, 0, 1;
    %assign/vec4 v0x204ec910_0, 0;
    %pushi/vec4 0, 0, 4;
    %assign/vec4 v0x204ebaf0_0, 0;
    %pushi/vec4 3000, 0, 16;
    %assign/vec4 v0x204ec770_0, 0;
    %pushi/vec4 1, 0, 1;
    %assign/vec4 v0x204ec060_0, 0;
    %pushi/vec4 0, 0, 1;
    %assign/vec4 v0x204ec120_0, 0;
    %pushi/vec4 0, 0, 1;
    %assign/vec4 v0x204ec430_0, 0;
    %pushi/vec4 1, 0, 4;
    %assign/vec4 v0x204ecab0_0, 0;
T_20.10 ;
    %jmp T_20.9;
T_20.3 ;
    %load/vec4 v0x204ec770_0;
    %pad/u 32;
    %cmpi/u 0, 0, 32;
    %flag_or 5, 4; GT is !LE
    %flag_inv 5;
    %jmp/0xz  T_20.12, 5;
    %load/vec4 v0x204ec770_0;
    %subi 1, 0, 16;
    %assign/vec4 v0x204ec770_0, 0;
    %jmp T_20.13;
T_20.12 ;
    %pushi/vec4 1, 0, 1;
    %assign/vec4 v0x204ec430_0, 0;
    %pushi/vec4 0, 0, 1;
    %assign/vec4 v0x204ec4d0_0, 0;
    %pushi/vec4 20, 0, 16;
    %assign/vec4 v0x204ec770_0, 0;
    %pushi/vec4 2, 0, 4;
    %assign/vec4 v0x204ecab0_0, 0;
T_20.13 ;
    %jmp T_20.9;
T_20.4 ;
    %load/vec4 v0x204ec770_0;
    %pad/u 32;
    %cmpi/u 0, 0, 32;
    %flag_or 5, 4; GT is !LE
    %flag_inv 5;
    %jmp/0xz  T_20.14, 5;
    %load/vec4 v0x204ec770_0;
    %subi 1, 0, 16;
    %assign/vec4 v0x204ec770_0, 0;
    %jmp T_20.15;
T_20.14 ;
    %pushi/vec4 0, 0, 1;
    %assign/vec4 v0x204ec060_0, 0;
    %pushi/vec4 3, 0, 4;
    %assign/vec4 v0x204ecab0_0, 0;
T_20.15 ;
    %jmp T_20.9;
T_20.5 ;
    %load/vec4 v0x204ebfc0_0;
    %flag_set/vec4 8;
    %jmp/0xz  T_20.16, 8;
    %load/vec4 v0x204ec910_0;
    %parti/s 1, 0, 2;
    %assign/vec4 v0x204ec4d0_0, 0;
    %pushi/vec4 0, 0, 1;
    %load/vec4 v0x204ec910_0;
    %parti/s 10, 1, 2;
    %concat/vec4; draw_concat_vec4
    %assign/vec4 v0x204ec910_0, 0;
    %load/vec4 v0x204ebaf0_0;
    %addi 1, 0, 4;
    %assign/vec4 v0x204ebaf0_0, 0;
    %pushi/vec4 4, 0, 4;
    %assign/vec4 v0x204ecab0_0, 0;
T_20.16 ;
    %jmp T_20.9;
T_20.6 ;
    %load/vec4 v0x204ebaf0_0;
    %pad/u 32;
    %cmpi/u 11, 0, 32;
    %jmp/0xz  T_20.18, 5;
    %load/vec4 v0x204ebfc0_0;
    %flag_set/vec4 8;
    %jmp/0xz  T_20.20, 8;
    %load/vec4 v0x204ec910_0;
    %parti/s 1, 0, 2;
    %assign/vec4 v0x204ec4d0_0, 0;
    %pushi/vec4 0, 0, 1;
    %load/vec4 v0x204ec910_0;
    %parti/s 10, 1, 2;
    %concat/vec4; draw_concat_vec4
    %assign/vec4 v0x204ec910_0, 0;
    %load/vec4 v0x204ebaf0_0;
    %addi 1, 0, 4;
    %assign/vec4 v0x204ebaf0_0, 0;
T_20.20 ;
    %jmp T_20.19;
T_20.18 ;
    %pushi/vec4 0, 0, 1;
    %assign/vec4 v0x204ec430_0, 0;
    %pushi/vec4 6, 0, 4;
    %assign/vec4 v0x204ecab0_0, 0;
T_20.19 ;
    %jmp T_20.9;
T_20.7 ;
    %load/vec4 v0x204ebfc0_0;
    %flag_set/vec4 8;
    %jmp/0xz  T_20.22, 8;
    %load/vec4 v0x204ec360_0;
    %nor/r;
    %flag_set/vec4 8;
    %jmp/0xz  T_20.24, 8;
    %pushi/vec4 1, 0, 1;
    %assign/vec4 v0x204eba30_0, 0;
    %jmp T_20.25;
T_20.24 ;
    %pushi/vec4 1, 0, 1;
    %assign/vec4 v0x204ebd90_0, 0;
T_20.25 ;
    %pushi/vec4 0, 0, 1;
    %assign/vec4 v0x204ebbe0_0, 0;
    %pushi/vec4 0, 0, 4;
    %assign/vec4 v0x204ecab0_0, 0;
T_20.22 ;
    %jmp T_20.9;
T_20.9 ;
    %pop/vec4 1;
T_20.1 ;
    %jmp T_20;
    .thread T_20;
    .scope S_0x204e9b50;
T_21 ;
    %wait E_0x2048c890;
    %load/vec4 v0x204ea2f0_0;
    %assign/vec4 v0x204ea530_0, 0;
    %load/vec4 v0x204ea530_0;
    %assign/vec4 v0x204ea470_0, 0;
    %load/vec4 v0x204ea680_0;
    %assign/vec4 v0x204ea740_0, 0;
    %jmp T_21;
    .thread T_21;
    .scope S_0x204e9b50;
T_22 ;
    %wait E_0x2046cc30;
    %load/vec4 v0x204eaa60_0;
    %nor/r;
    %flag_set/vec4 8;
    %jmp/0xz  T_22.0, 8;
    %pushi/vec4 0, 0, 11;
    %assign/vec4 v0x204eae90_0, 0;
    %pushi/vec4 0, 0, 4;
    %assign/vec4 v0x204e9fa0_0, 0;
    %pushi/vec4 0, 0, 8;
    %assign/vec4 v0x204eab20_0, 0;
    %pushi/vec4 0, 0, 1;
    %assign/vec4 v0x204eadd0_0, 0;
    %pushi/vec4 0, 0, 1;
    %assign/vec4 v0x204eac00_0, 0;
    %pushi/vec4 0, 0, 1;
    %assign/vec4 v0x204ea9a0_0, 0;
    %jmp T_22.1;
T_22.0 ;
    %pushi/vec4 0, 0, 1;
    %assign/vec4 v0x204eadd0_0, 0;
    %pushi/vec4 0, 0, 1;
    %assign/vec4 v0x204eac00_0, 0;
    %load/vec4 v0x204ea9a0_0;
    %nor/r;
    %flag_set/vec4 8;
    %jmp/0xz  T_22.2, 8;
    %load/vec4 v0x204ea3b0_0;
    %flag_set/vec4 9;
    %flag_get/vec4 9;
    %jmp/0 T_22.6, 9;
    %load/vec4 v0x204ea740_0;
    %nor/r;
    %and;
T_22.6;
    %flag_set/vec4 8;
    %jmp/0xz  T_22.4, 8;
    %pushi/vec4 1, 0, 1;
    %assign/vec4 v0x204ea9a0_0, 0;
    %pushi/vec4 0, 0, 4;
    %assign/vec4 v0x204e9fa0_0, 0;
    %pushi/vec4 0, 0, 11;
    %assign/vec4 v0x204eae90_0, 0;
T_22.4 ;
    %jmp T_22.3;
T_22.2 ;
    %load/vec4 v0x204ea3b0_0;
    %flag_set/vec4 8;
    %jmp/0xz  T_22.7, 8;
    %load/vec4 v0x204e9fa0_0;
    %pad/u 32;
    %cmpi/u 10, 0, 32;
    %jmp/0xz  T_22.9, 5;
    %load/vec4 v0x204ea740_0;
    %load/vec4 v0x204eae90_0;
    %parti/s 10, 1, 2;
    %concat/vec4; draw_concat_vec4
    %assign/vec4 v0x204eae90_0, 0;
    %load/vec4 v0x204e9fa0_0;
    %addi 1, 0, 4;
    %assign/vec4 v0x204e9fa0_0, 0;
    %jmp T_22.10;
T_22.9 ;
    %load/vec4 v0x204eae90_0;
    %parti/s 1, 10, 5;
    %flag_set/vec4 8;
    %jmp/0xz  T_22.11, 8;
    %load/vec4 v0x204ea1e0_0;
    %flag_set/vec4 8;
    %jmp/0xz  T_22.13, 8;
    %load/vec4 v0x204eae90_0;
    %parti/s 8, 1, 2;
    %assign/vec4 v0x204eab20_0, 0;
    %pushi/vec4 1, 0, 1;
    %assign/vec4 v0x204eadd0_0, 0;
    %jmp T_22.14;
T_22.13 ;
    %pushi/vec4 1, 0, 1;
    %assign/vec4 v0x204eac00_0, 0;
T_22.14 ;
    %jmp T_22.12;
T_22.11 ;
    %pushi/vec4 1, 0, 1;
    %assign/vec4 v0x204eac00_0, 0;
T_22.12 ;
    %pushi/vec4 0, 0, 1;
    %assign/vec4 v0x204ea9a0_0, 0;
T_22.10 ;
T_22.7 ;
T_22.3 ;
T_22.1 ;
    %jmp T_22;
    .thread T_22;
    .scope S_0x204e92a0;
T_23 ;
    %wait E_0x2046cc30;
    %load/vec4 v0x204ee790_0;
    %nor/r;
    %flag_set/vec4 8;
    %jmp/0xz  T_23.0, 8;
    %pushi/vec4 0, 0, 8;
    %assign/vec4 v0x204eeeb0_0, 0;
    %pushi/vec4 0, 0, 32;
    %assign/vec4 v0x204ed790_0, 0;
    %pushi/vec4 0, 0, 8;
    %assign/vec4 v0x204ef0f0_0, 0;
    %pushi/vec4 0, 0, 1;
    %assign/vec4 v0x204ef290_0, 0;
    %pushi/vec4 0, 0, 1;
    %assign/vec4 v0x204ed870_0, 0;
    %jmp T_23.1;
T_23.0 ;
    %load/vec4 v0x204ede80_0;
    %assign/vec4 v0x204eeeb0_0, 0;
    %load/vec4 v0x204eeeb0_0;
    %dup/vec4;
    %pushi/vec4 0, 0, 8;
    %cmp/u;
    %jmp/1 T_23.2, 6;
    %dup/vec4;
    %pushi/vec4 1, 0, 8;
    %cmp/u;
    %jmp/1 T_23.3, 6;
    %dup/vec4;
    %pushi/vec4 2, 0, 8;
    %cmp/u;
    %jmp/1 T_23.4, 6;
    %dup/vec4;
    %pushi/vec4 4, 0, 8;
    %cmp/u;
    %jmp/1 T_23.5, 6;
    %dup/vec4;
    %pushi/vec4 5, 0, 8;
    %cmp/u;
    %jmp/1 T_23.6, 6;
    %dup/vec4;
    %pushi/vec4 6, 0, 8;
    %cmp/u;
    %jmp/1 T_23.7, 6;
    %load/vec4 v0x204ef290_0;
    %flag_set/vec4 8;
    %jmp/0xz  T_23.10, 8;
    %pushi/vec4 0, 0, 1;
    %assign/vec4 v0x204ef290_0, 0;
T_23.10 ;
    %load/vec4 v0x204ed790_0;
    %cmpi/u 0, 0, 32;
    %flag_or 5, 4; GT is !LE
    %flag_inv 5;
    %jmp/0xz  T_23.12, 5;
    %load/vec4 v0x204ed790_0;
    %subi 1, 0, 32;
    %assign/vec4 v0x204ed790_0, 0;
T_23.12 ;
    %jmp T_23.9;
T_23.2 ;
    %load/vec4 v0x204ed790_0;
    %cmpi/e 0, 0, 32;
    %jmp/0xz  T_23.14, 4;
    %pushi/vec4 2700000, 0, 32;
    %assign/vec4 v0x204ed790_0, 0;
    %jmp T_23.15;
T_23.14 ;
    %load/vec4 v0x204ed790_0;
    %subi 1, 0, 32;
    %assign/vec4 v0x204ed790_0, 0;
T_23.15 ;
    %jmp T_23.9;
T_23.3 ;
    %load/vec4 v0x204ed790_0;
    %cmpi/e 0, 0, 32;
    %jmp/0xz  T_23.16, 4;
    %pushi/vec4 255, 0, 8;
    %assign/vec4 v0x204ef0f0_0, 0;
    %pushi/vec4 1, 0, 1;
    %assign/vec4 v0x204ef290_0, 0;
    %jmp T_23.17;
T_23.16 ;
    %load/vec4 v0x204ed790_0;
    %subi 1, 0, 32;
    %assign/vec4 v0x204ed790_0, 0;
T_23.17 ;
    %jmp T_23.9;
T_23.4 ;
    %load/vec4 v0x204ef290_0;
    %flag_set/vec4 8;
    %jmp/0xz  T_23.18, 8;
    %pushi/vec4 0, 0, 1;
    %assign/vec4 v0x204ef290_0, 0;
T_23.18 ;
    %jmp T_23.9;
T_23.5 ;
    %load/vec4 v0x204eede0_0;
    %flag_set/vec4 8;
    %jmp/0xz  T_23.20, 8;
    %pushi/vec4 270000, 0, 32;
    %assign/vec4 v0x204ed790_0, 0;
    %jmp T_23.21;
T_23.20 ;
    %load/vec4 v0x204ed790_0;
    %cmpi/u 0, 0, 32;
    %flag_or 5, 4; GT is !LE
    %flag_inv 5;
    %jmp/0xz  T_23.22, 5;
    %load/vec4 v0x204ed790_0;
    %subi 1, 0, 32;
    %assign/vec4 v0x204ed790_0, 0;
T_23.22 ;
T_23.21 ;
    %jmp T_23.9;
T_23.6 ;
    %load/vec4 v0x204ed790_0;
    %cmpi/e 0, 0, 32;
    %flag_get/vec4 4;
    %jmp/0 T_23.27, 4;
    %load/vec4 v0x204ef020_0;
    %nor/r;
    %and;
T_23.27;
    %flag_set/vec4 9;
    %flag_get/vec4 9;
    %jmp/0 T_23.26, 9;
    %load/vec4 v0x204ef290_0;
    %nor/r;
    %and;
T_23.26;
    %flag_set/vec4 8;
    %jmp/0xz  T_23.24, 8;
    %pushi/vec4 244, 0, 8;
    %assign/vec4 v0x204ef0f0_0, 0;
    %pushi/vec4 1, 0, 1;
    %assign/vec4 v0x204ef290_0, 0;
    %jmp T_23.25;
T_23.24 ;
    %load/vec4 v0x204ef290_0;
    %flag_set/vec4 8;
    %jmp/0xz  T_23.28, 8;
    %pushi/vec4 0, 0, 1;
    %assign/vec4 v0x204ef290_0, 0;
T_23.28 ;
    %load/vec4 v0x204ed790_0;
    %cmpi/u 0, 0, 32;
    %flag_or 5, 4; GT is !LE
    %flag_inv 5;
    %jmp/0xz  T_23.30, 5;
    %load/vec4 v0x204ed790_0;
    %subi 1, 0, 32;
    %assign/vec4 v0x204ed790_0, 0;
T_23.30 ;
T_23.25 ;
    %jmp T_23.9;
T_23.7 ;
    %load/vec4 v0x204ef290_0;
    %flag_set/vec4 8;
    %jmp/0xz  T_23.32, 8;
    %pushi/vec4 0, 0, 1;
    %assign/vec4 v0x204ef290_0, 0;
T_23.32 ;
    %load/vec4 v0x204ef020_0;
    %nor/r;
    %flag_set/vec4 11;
    %flag_get/vec4 11;
    %jmp/0 T_23.38, 11;
    %load/vec4 v0x204eef50_0;
    %and;
T_23.38;
    %flag_set/vec4 10;
    %flag_get/vec4 10;
    %jmp/0 T_23.37, 10;
    %load/vec4 v0x204eede0_0;
    %and;
T_23.37;
    %flag_set/vec4 9;
    %flag_get/vec4 9;
    %jmp/0 T_23.36, 9;
    %load/vec4 v0x204ee880_0;
    %pushi/vec4 250, 0, 8;
    %cmp/e;
    %flag_get/vec4 4;
    %and;
T_23.36;
    %flag_set/vec4 8;
    %jmp/0xz  T_23.34, 8;
    %pushi/vec4 1, 0, 1;
    %assign/vec4 v0x204ed870_0, 0;
T_23.34 ;
    %jmp T_23.9;
T_23.9 ;
    %pop/vec4 1;
T_23.1 ;
    %jmp T_23;
    .thread T_23;
    .scope S_0x204e92a0;
T_24 ;
    %wait E_0x204cb170;
    %load/vec4 v0x204eeeb0_0;
    %store/vec4 v0x204ede80_0, 0, 8;
    %load/vec4 v0x204eeeb0_0;
    %dup/vec4;
    %pushi/vec4 0, 0, 8;
    %cmp/u;
    %jmp/1 T_24.0, 6;
    %dup/vec4;
    %pushi/vec4 1, 0, 8;
    %cmp/u;
    %jmp/1 T_24.1, 6;
    %dup/vec4;
    %pushi/vec4 2, 0, 8;
    %cmp/u;
    %jmp/1 T_24.2, 6;
    %dup/vec4;
    %pushi/vec4 3, 0, 8;
    %cmp/u;
    %jmp/1 T_24.3, 6;
    %dup/vec4;
    %pushi/vec4 4, 0, 8;
    %cmp/u;
    %jmp/1 T_24.4, 6;
    %dup/vec4;
    %pushi/vec4 5, 0, 8;
    %cmp/u;
    %jmp/1 T_24.5, 6;
    %dup/vec4;
    %pushi/vec4 6, 0, 8;
    %cmp/u;
    %jmp/1 T_24.6, 6;
    %dup/vec4;
    %pushi/vec4 7, 0, 8;
    %cmp/u;
    %jmp/1 T_24.7, 6;
    %pushi/vec4 0, 0, 8;
    %store/vec4 v0x204ede80_0, 0, 8;
    %jmp T_24.9;
T_24.0 ;
    %load/vec4 v0x204ed790_0;
    %cmpi/e 0, 0, 32;
    %jmp/0xz  T_24.10, 4;
    %pushi/vec4 1, 0, 8;
    %store/vec4 v0x204ede80_0, 0, 8;
T_24.10 ;
    %jmp T_24.9;
T_24.1 ;
    %load/vec4 v0x204ed790_0;
    %cmpi/e 0, 0, 32;
    %jmp/0xz  T_24.12, 4;
    %pushi/vec4 2, 0, 8;
    %store/vec4 v0x204ede80_0, 0, 8;
T_24.12 ;
    %jmp T_24.9;
T_24.2 ;
    %load/vec4 v0x204ef020_0;
    %nor/r;
    %flag_set/vec4 9;
    %flag_get/vec4 9;
    %jmp/0 T_24.16, 9;
    %load/vec4 v0x204eef50_0;
    %and;
T_24.16;
    %flag_set/vec4 8;
    %jmp/0xz  T_24.14, 8;
    %pushi/vec4 3, 0, 8;
    %store/vec4 v0x204ede80_0, 0, 8;
T_24.14 ;
    %jmp T_24.9;
T_24.3 ;
    %load/vec4 v0x204eede0_0;
    %flag_set/vec4 9;
    %flag_get/vec4 9;
    %jmp/0 T_24.19, 9;
    %load/vec4 v0x204ee880_0;
    %pushi/vec4 170, 0, 8;
    %cmp/e;
    %flag_get/vec4 4;
    %and;
T_24.19;
    %flag_set/vec4 8;
    %jmp/0xz  T_24.17, 8;
    %pushi/vec4 4, 0, 8;
    %store/vec4 v0x204ede80_0, 0, 8;
T_24.17 ;
    %jmp T_24.9;
T_24.4 ;
    %load/vec4 v0x204eede0_0;
    %flag_set/vec4 8;
    %jmp/0xz  T_24.20, 8;
    %pushi/vec4 5, 0, 8;
    %store/vec4 v0x204ede80_0, 0, 8;
T_24.20 ;
    %jmp T_24.9;
T_24.5 ;
    %load/vec4 v0x204ed790_0;
    %cmpi/e 0, 0, 32;
    %flag_get/vec4 4;
    %jmp/0 T_24.24, 4;
    %load/vec4 v0x204ef020_0;
    %nor/r;
    %and;
T_24.24;
    %flag_set/vec4 8;
    %jmp/0xz  T_24.22, 8;
    %pushi/vec4 6, 0, 8;
    %store/vec4 v0x204ede80_0, 0, 8;
T_24.22 ;
    %jmp T_24.9;
T_24.6 ;
    %load/vec4 v0x204ef020_0;
    %nor/r;
    %flag_set/vec4 9;
    %flag_get/vec4 9;
    %jmp/0 T_24.27, 9;
    %load/vec4 v0x204eef50_0;
    %and;
T_24.27;
    %flag_set/vec4 8;
    %jmp/0xz  T_24.25, 8;
    %load/vec4 v0x204eede0_0;
    %flag_set/vec4 9;
    %flag_get/vec4 9;
    %jmp/0 T_24.30, 9;
    %load/vec4 v0x204ee880_0;
    %pushi/vec4 250, 0, 8;
    %cmp/e;
    %flag_get/vec4 4;
    %and;
T_24.30;
    %flag_set/vec4 8;
    %jmp/0xz  T_24.28, 8;
    %pushi/vec4 7, 0, 8;
    %store/vec4 v0x204ede80_0, 0, 8;
T_24.28 ;
T_24.25 ;
    %jmp T_24.9;
T_24.7 ;
    %jmp T_24.9;
T_24.9 ;
    %pop/vec4 1;
    %jmp T_24;
    .thread T_24, $push;
    .scope S_0x204e92a0;
T_25 ;
    %wait E_0x2046cc30;
    %load/vec4 v0x204ee790_0;
    %nor/r;
    %flag_set/vec4 8;
    %jmp/0xz  T_25.0, 8;
    %pushi/vec4 0, 0, 2;
    %assign/vec4 v0x204ed280_0, 0;
    %pushi/vec4 0, 0, 8;
    %assign/vec4 v0x204edf60_0, 0;
    %pushi/vec4 0, 0, 8;
    %assign/vec4 v0x204ee040_0, 0;
    %pushi/vec4 0, 0, 8;
    %assign/vec4 v0x204ee120_0, 0;
    %pushi/vec4 0, 0, 1;
    %assign/vec4 v0x204ee2c0_0, 0;
    %pushi/vec4 0, 0, 9;
    %assign/vec4 v0x204edad0_0, 0;
    %pushi/vec4 0, 0, 9;
    %assign/vec4 v0x204edda0_0, 0;
    %pushi/vec4 0, 0, 3;
    %assign/vec4 v0x204ed1a0_0, 0;
    %jmp T_25.1;
T_25.0 ;
    %pushi/vec4 0, 0, 1;
    %assign/vec4 v0x204ee2c0_0, 0;
    %load/vec4 v0x204eeeb0_0;
    %cmpi/e 7, 0, 8;
    %flag_get/vec4 4;
    %jmp/0 T_25.5, 4;
    %load/vec4 v0x204eede0_0;
    %and;
T_25.5;
    %flag_set/vec4 9;
    %flag_get/vec4 9;
    %jmp/0 T_25.4, 9;
    %load/vec4 v0x204eed10_0;
    %nor/r;
    %and;
T_25.4;
    %flag_set/vec4 8;
    %jmp/0xz  T_25.2, 8;
    %load/vec4 v0x204ed280_0;
    %dup/vec4;
    %pushi/vec4 0, 0, 2;
    %cmp/u;
    %jmp/1 T_25.6, 6;
    %dup/vec4;
    %pushi/vec4 1, 0, 2;
    %cmp/u;
    %jmp/1 T_25.7, 6;
    %dup/vec4;
    %pushi/vec4 2, 0, 2;
    %cmp/u;
    %jmp/1 T_25.8, 6;
    %pushi/vec4 0, 0, 2;
    %assign/vec4 v0x204ed280_0, 0;
    %jmp T_25.10;
T_25.6 ;
    %load/vec4 v0x204ee880_0;
    %parti/s 1, 3, 3;
    %flag_set/vec4 8;
    %jmp/0xz  T_25.11, 8;
    %load/vec4 v0x204ee880_0;
    %assign/vec4 v0x204edf60_0, 0;
    %pushi/vec4 1, 0, 2;
    %assign/vec4 v0x204ed280_0, 0;
T_25.11 ;
    %jmp T_25.10;
T_25.7 ;
    %load/vec4 v0x204ee880_0;
    %assign/vec4 v0x204ee040_0, 0;
    %pushi/vec4 2, 0, 2;
    %assign/vec4 v0x204ed280_0, 0;
    %jmp T_25.10;
T_25.8 ;
    %load/vec4 v0x204ee880_0;
    %assign/vec4 v0x204ee120_0, 0;
    %pushi/vec4 0, 0, 2;
    %assign/vec4 v0x204ed280_0, 0;
    %load/vec4 v0x204edf60_0;
    %parti/s 3, 0, 2;
    %assign/vec4 v0x204ed1a0_0, 0;
    %load/vec4 v0x204edf60_0;
    %parti/s 1, 4, 4;
    %load/vec4 v0x204ee040_0;
    %concat/vec4; draw_concat_vec4
    %assign/vec4 v0x204edad0_0, 0;
    %load/vec4 v0x204edf60_0;
    %parti/s 1, 5, 4;
    %load/vec4 v0x204ee880_0;
    %concat/vec4; draw_concat_vec4
    %assign/vec4 v0x204edda0_0, 0;
    %pushi/vec4 1, 0, 1;
    %assign/vec4 v0x204ee2c0_0, 0;
    %jmp T_25.10;
T_25.10 ;
    %pop/vec4 1;
T_25.2 ;
    %load/vec4 v0x204eed10_0;
    %flag_set/vec4 8;
    %jmp/1 T_25.15, 8;
    %load/vec4 v0x204eeeb0_0;
    %cmpi/ne 7, 0, 8;
    %flag_or 8, 4;
T_25.15;
    %jmp/0xz  T_25.13, 8;
    %pushi/vec4 0, 0, 2;
    %assign/vec4 v0x204ed280_0, 0;
T_25.13 ;
T_25.1 ;
    %jmp T_25;
    .thread T_25;
# The file index is used to find the file name in the following table.
:file_names 5;
    "N/A";
    "<interactive>";
    "bench_quark.v";
    "ps2_mouse_init.v";
    "top_ps2_test.v";
# EOF
